#
# A fatal error has been detected by the Java Runtime Environment:
#
#  EXCEPTION_ACCESS_VIOLATION (0xc0000005) at pc=0x00007ffe7e2b1563, pid=516, tid=5628
#
# JRE version: Java(TM) SE Runtime Environment 18.9 (11.0.11+9) (build 11.0.11+9-LTS-194)
# Java VM: Java HotSpot(TM) 64-Bit Server VM 18.9 (11.0.11+9-LTS-194, mixed mode, tiered, compressed oops, g1 gc, windows-amd64)
# Problematic frame:
# V  [jvm.dll+0x4f1563]
#
# No core dump will be written. Minidumps are not enabled by default on client versions of Windows
#
# If you would like to submit a bug report, please visit:
#   https://bugreport.java.com/bugreport/crash.jsp
#

---------------  S U M M A R Y ------------

Command Line: --module-path=C:\Users\Administrator\Documents\javafx-sdk-11.0.2\lib --add-modules=javafx.controls,javafx.fxml -javaagent:C:\Program Files\JetBrains\IntelliJ IDEA Community Edition 2021.1.3\lib\idea_rt.jar=52930:C:\Program Files\JetBrains\IntelliJ IDEA Community Edition 2021.1.3\bin -Dfile.encoding=UTF-8 sample.Main

Host: Intel(R) Core(TM) i5-10300H CPU @ 2.50GHz, 8 cores, 7G,  Windows 10 , 64 bit Build 17763 (10.0.17763.2028)
Time: Mon Aug 16 19:55:00 2021 SE Asia Standard Time elapsed time: 5.747149 seconds (0d 0h 0m 5s)

---------------  T H R E A D  ---------------

Current thread (0x000002a3fab75800):  JavaThread "JavaFX Application Thread" [_thread_in_vm, id=5628, stack(0x000000b77a000000,0x000000b77a100000)]

Stack: [0x000000b77a000000,0x000000b77a100000],  sp=0x000000b77a0fbd58,  free space=1007k
Native frames: (J=compiled Java code, j=interpreted, Vv=VM code, C=native code)
V  [jvm.dll+0x4f1563]

Java frames: (J=compiled Java code, j=interpreted, Vv=VM code)
j  com.sun.glass.ui.win.WinView._enterFullscreen(JZZZ)Z+0 javafx.graphics
j  com.sun.glass.ui.View.enterFullscreen(ZZZ)Z+15 javafx.graphics
j  com.sun.javafx.tk.quantum.WindowStage.applyFullScreen()V+77 javafx.graphics
j  com.sun.javafx.tk.quantum.WindowStage.setFullScreen(Z)V+50 javafx.graphics
j  javafx.stage.Stage.doVisibleChanged(Z)V+34 javafx.graphics
j  javafx.stage.Stage.access$100(Ljavafx/stage/Stage;Z)V+2 javafx.graphics
j  javafx.stage.Stage$1.doVisibleChanged(Ljavafx/stage/Window;Z)V+5 javafx.graphics
j  com.sun.javafx.stage.StageHelper.visibleChangedImpl(Ljavafx/stage/Window;Z)V+11 javafx.graphics
j  com.sun.javafx.stage.WindowHelper.visibleChanged(Ljavafx/stage/Window;Z)V+6 javafx.graphics
j  javafx.stage.Window$12.invalidated()V+640 javafx.graphics
J 4167 c1 javafx.beans.property.BooleanPropertyBase.markInvalid()V javafx.base (21 bytes) @ 0x000002a3e37b4404 [0x000002a3e37b42c0+0x0000000000000144]
j  javafx.beans.property.BooleanPropertyBase.set(Z)V+72 javafx.base
j  javafx.stage.Window.setShowing(Z)V+11 javafx.graphics
j  javafx.stage.Window.show()V+2 javafx.graphics
j  javafx.stage.Stage.show()V+1 javafx.graphics
j  sample.WelcomeSceneController.lambda$gettingStarted$0(Ljavafx/event/ActionEvent;Ljavafx/event/ActionEvent;)V+186
j  sample.WelcomeSceneController$$Lambda$370.handle(Ljavafx/event/Event;)V+12
j  javafx.animation.Animation.finished()V+28 javafx.graphics
j  javafx.animation.AnimationAccessorImpl.finished(Ljavafx/animation/Animation;)V+1 javafx.graphics
j  com.sun.scenario.animation.shared.SingleLoopClipEnvelope.timePulse(J)V+126 javafx.graphics
j  javafx.animation.Animation.doTimePulse(J)V+13 javafx.graphics
j  javafx.animation.Animation$1.lambda$timePulse$0(J)Ljava/lang/Void;+5 javafx.graphics
j  javafx.animation.Animation$1$$Lambda$344.run()Ljava/lang/Object;+8 javafx.graphics
v  ~StubRoutines::call_stub
J 3655  java.security.AccessController.doPrivileged(Ljava/security/PrivilegedAction;Ljava/security/AccessControlContext;)Ljava/lang/Object; java.base@11.0.11 (0 bytes) @ 0x000002a3ea63da26 [0x000002a3ea63d9c0+0x0000000000000066]
j  javafx.animation.Animation$1.timePulse(J)V+51 javafx.graphics
j  com.sun.scenario.animation.AbstractMasterTimer.timePulseImpl(J)V+61 javafx.graphics
j  com.sun.scenario.animation.AbstractMasterTimer$MainLoop.run()V+41 javafx.graphics
j  com.sun.javafx.tk.quantum.QuantumToolkit.pulse(Z)V+76 javafx.graphics
j  com.sun.javafx.tk.quantum.QuantumToolkit.pulse()V+2 javafx.graphics
j  com.sun.javafx.tk.quantum.QuantumToolkit.pulseFromQueue()V+1 javafx.graphics
j  com.sun.javafx.tk.quantum.QuantumToolkit.lambda$runToolkit$11()V+1 javafx.graphics
j  com.sun.javafx.tk.quantum.QuantumToolkit$$Lambda$92.run()V+4 javafx.graphics
j  com.sun.glass.ui.InvokeLaterDispatcher$Future.run()V+4 javafx.graphics
v  ~StubRoutines::call_stub
j  com.sun.glass.ui.win.WinApplication._runLoop(Ljava/lang/Runnable;)V+0 javafx.graphics
j  com.sun.glass.ui.win.WinApplication.lambda$runLoop$3(ILjava/lang/Runnable;)V+8 javafx.graphics
j  com.sun.glass.ui.win.WinApplication$$Lambda$88.run()V+12 javafx.graphics
j  java.lang.Thread.run()V+11 java.base@11.0.11
v  ~StubRoutines::call_stub

siginfo: EXCEPTION_ACCESS_VIOLATION (0xc0000005), reading address 0x0000000000000418


Register to memory mapping:

RIP=0x00007ffe7e2b1563 jvm.dll
RAX=0x0000000000000049 is an unknown value
RBX=0x000002a3fbe4f680 points into unknown readable memory: 50 85 9c fa a3 02 00 00
RCX=0x0 is NULL
RDX=0x0000000000000049 is an unknown value
RSP=0x000000b77a0fbd58 is pointing into the stack for thread: 0x000002a3fab75800
RBP=0x000000b77a0fbe60 is pointing into the stack for thread: 0x000002a3fab75800
RSI=0x000002a3fab75800 is a thread
RDI=0x000002a3fa6f1b50 points into unknown readable memory: 02 00 00 00 00 00 00 00
R8 =0x000002a3fc2f4380 points into unknown readable memory: 80 f6 e4 fb a3 02 00 00
R9 =0x0000000000000001 is an unknown value
R10=0x00000001000fac48 is a pointer to class: 
com.sun.glass.ui.View {0x00000001000fac50}
R11=0x0000000000000246 is an unknown value
R12=0x000002a38446cc48 points into unknown readable memory: b8 69 b5 fc a3 02 00 00
R13=0x000000b77a0fbf20 is pointing into the stack for thread: 0x000002a3fab75800
R14=0x0000000000000001 is an unknown value
R15=0x000002a3f9b98f90 points into unknown readable memory: 80 f6 e4 fb a3 02 00 00


Registers:
RAX=0x0000000000000049, RBX=0x000002a3fbe4f680, RCX=0x0000000000000000, RDX=0x0000000000000049
RSP=0x000000b77a0fbd58, RBP=0x000000b77a0fbe60, RSI=0x000002a3fab75800, RDI=0x000002a3fa6f1b50
R8 =0x000002a3fc2f4380, R9 =0x0000000000000001, R10=0x00000001000fac48, R11=0x0000000000000246
R12=0x000002a38446cc48, R13=0x000000b77a0fbf20, R14=0x0000000000000001, R15=0x000002a3f9b98f90
RIP=0x00007ffe7e2b1563, EFLAGS=0x0000000000010246

Top of Stack: (sp=0x000000b77a0fbd58)
0x000000b77a0fbd58:   00007ffe7e1764a9 0000000000000000
0x000000b77a0fbd68:   0000000000000000 00007ffec26cf820
0x000000b77a0fbd78:   00007ffec03871fc 00000000c0000388
0x000000b77a0fbd88:   00007ffe8f5617a0 0000000000000002
0x000000b77a0fbd98:   0000000000000000 000000b77a0fbf50
0x000000b77a0fbda8:   0000000000000000 0000000000000000
0x000000b77a0fbdb8:   000002a3fab75b48 0000000000000000
0x000000b77a0fbdc8:   0000000000000000 0000000040000000
0x000000b77a0fbdd8:   00007ffec03871fc 00000000c0000388
0x000000b77a0fbde8:   00007ffec26cf820 00000000000403ce
0x000000b77a0fbdf8:   0000000080000000 0000000000000006
0x000000b77a0fbe08:   0000000000000000 0000000000000000
0x000000b77a0fbe18:   00007ffe00000001 0000000000000000
0x000000b77a0fbe28:   0000000000000000 0000000000000000
0x000000b77a0fbe38:   00007ffec0390aca 0000000000000000
0x000000b77a0fbe48:   0000000000000000 0000000000000006 

Instructions: (pc=0x00007ffe7e2b1563)
0x00007ffe7e2b1543:   0d 00 ff c3 41 3b 9e c4 00 00 00 7c d0 48 83 c4
0x00007ffe7e2b1553:   30 41 5e 5f 5e 5b 5d c3 cc cc cc cc cc 48 63 c2
0x00007ffe7e2b1563:   48 8b 84 c1 d0 01 00 00 c3 cc cc cc cc 48 89 5c
0x00007ffe7e2b1573:   24 08 48 89 6c 24 10 48 89 74 24 18 48 89 7c 24 


Stack slot to memory mapping:
stack at sp + 0 slots: 0x00007ffe7e1764a9 jvm.dll
stack at sp + 1 slots: 0x0 is NULL
stack at sp + 2 slots: 0x0 is NULL
stack at sp + 3 slots: 0x00007ffec26cf820 ntdll.dll
stack at sp + 4 slots: 0x00007ffec03871fc USER32.dll
stack at sp + 5 slots: 
[error occurred during error reporting (inspecting top of stack), id 0xc0000005, EXCEPTION_ACCESS_VIOLATION (0xc0000005) at pc=0x00007ffe7e096ac6]


---------------  P R O C E S S  ---------------

Threads class SMR info:
_java_thread_list=0x000002a38443f610, length=23, elements={
0x000002a3da4c0000, 0x000002a3f90f9800, 0x000002a3f90fb800, 0x000002a3f912b000,
0x000002a3f912c800, 0x000002a3f9130800, 0x000002a3f9138000, 0x000002a3f9a87800,
0x000002a3f9bfc800, 0x000002a3f9da7800, 0x000002a3fa05b000, 0x000002a3fa70a000,
0x000002a3faad0800, 0x000002a3fab75800, 0x000002a3fa701000, 0x000002a3fa15e000,
0x000002a3fa15e800, 0x000002a3fa15f800, 0x000002a3fa160000, 0x000002a3fa162000,
0x000002a388b20000, 0x000002a388b23000, 0x000002a3fa15c000
}

Java Threads: ( => current thread )
  0x000002a3da4c0000 JavaThread "main" [_thread_blocked, id=6004, stack(0x000000b778a00000,0x000000b778b00000)]
  0x000002a3f90f9800 JavaThread "Reference Handler" daemon [_thread_blocked, id=3376, stack(0x000000b779100000,0x000000b779200000)]
  0x000002a3f90fb800 JavaThread "Finalizer" daemon [_thread_blocked, id=13132, stack(0x000000b779200000,0x000000b779300000)]
  0x000002a3f912b000 JavaThread "Signal Dispatcher" daemon [_thread_blocked, id=4512, stack(0x000000b779300000,0x000000b779400000)]
  0x000002a3f912c800 JavaThread "Attach Listener" daemon [_thread_blocked, id=1620, stack(0x000000b779400000,0x000000b779500000)]
  0x000002a3f9130800 JavaThread "C2 CompilerThread0" daemon [_thread_in_native, id=1568, stack(0x000000b779500000,0x000000b779600000)]
  0x000002a3f9138000 JavaThread "C1 CompilerThread0" daemon [_thread_blocked, id=16296, stack(0x000000b779600000,0x000000b779700000)]
  0x000002a3f9a87800 JavaThread "Sweeper thread" daemon [_thread_blocked, id=9992, stack(0x000000b779700000,0x000000b779800000)]
  0x000002a3f9bfc800 JavaThread "Common-Cleaner" daemon [_thread_blocked, id=13532, stack(0x000000b779800000,0x000000b779900000)]
  0x000002a3f9da7800 JavaThread "Monitor Ctrl-Break" daemon [_thread_in_native, id=7184, stack(0x000000b779b00000,0x000000b779c00000)]
  0x000002a3fa05b000 JavaThread "Service Thread" daemon [_thread_blocked, id=14096, stack(0x000000b779c00000,0x000000b779d00000)]
  0x000002a3fa70a000 JavaThread "QuantumRenderer-0" daemon [_thread_blocked, id=11060, stack(0x000000b779e00000,0x000000b779f00000)]
  0x000002a3faad0800 JavaThread "InvokeLaterDispatcher" daemon [_thread_blocked, id=8084, stack(0x000000b779f00000,0x000000b77a000000)]
=>0x000002a3fab75800 JavaThread "JavaFX Application Thread" [_thread_in_vm, id=5628, stack(0x000000b77a000000,0x000000b77a100000)]
  0x000002a3fa701000 JavaThread "JavaFX-Launcher" [_thread_blocked, id=8868, stack(0x000000b77a500000,0x000000b77a600000)]
  0x000002a3fa15e000 JavaThread "Thread-2" daemon [_thread_in_native, id=3320, stack(0x000000b77a400000,0x000000b77a500000)]
  0x000002a3fa15e800 JavaThread "Keep-Alive-Timer" daemon [_thread_blocked, id=11944, stack(0x000000b77ab00000,0x000000b77ac00000)]
  0x000002a3fa15f800 JavaThread "Prism Font Disposer" daemon [_thread_blocked, id=1104, stack(0x000000b77b100000,0x000000b77b200000)]
  0x000002a3fa160000 JavaThread "Java2D Disposer" daemon [_thread_blocked, id=6400, stack(0x000000b779a00000,0x000000b779b00000)]
  0x000002a3fa162000 JavaThread "AWT-Windows" daemon [_thread_in_native, id=14160, stack(0x000000b77b200000,0x000000b77b300000)]
  0x000002a388b20000 JavaThread "C2 CompilerThread1" daemon [_thread_in_native, id=15988, stack(0x000000b77b300000,0x000000b77b400000)]
  0x000002a388b23000 JavaThread "C2 CompilerThread2" daemon [_thread_in_native, id=15308, stack(0x000000b77ad00000,0x000000b77ae00000)]
  0x000002a3fa15c000 JavaThread "Cleaner-0" daemon [_thread_blocked, id=7844, stack(0x000000b77b400000,0x000000b77b500000)]

Other Threads:
  0x000002a3f90f9000 VMThread "VM Thread" [stack: 0x000000b779000000,0x000000b779100000] [id=3444]
  0x000002a3f9e20800 WatcherThread [stack: 0x000000b779d00000,0x000000b779e00000] [id=8980]
  0x000002a3da4d4000 GCTaskThread "GC Thread#0" [stack: 0x000000b778b00000,0x000000b778c00000] [id=14288]
  0x000002a3fa4cf800 GCTaskThread "GC Thread#1" [stack: 0x000000b77a600000,0x000000b77a700000] [id=1736]
  0x000002a3fa86b000 GCTaskThread "GC Thread#2" [stack: 0x000000b77a700000,0x000000b77a800000] [id=3448]
  0x000002a3fa868000 GCTaskThread "GC Thread#3" [stack: 0x000000b77a800000,0x000000b77a900000] [id=10548]
  0x000002a3fbb57800 GCTaskThread "GC Thread#4" [stack: 0x000000b77a900000,0x000000b77aa00000] [id=12800]
  0x000002a3fbb89800 GCTaskThread "GC Thread#5" [stack: 0x000000b77aa00000,0x000000b77ab00000] [id=5348]
  0x000002a3fc1a4800 GCTaskThread "GC Thread#6" [stack: 0x000000b77b500000,0x000000b77b600000] [id=4856]
  0x000002a3fc1a5000 GCTaskThread "GC Thread#7" [stack: 0x000000b77b600000,0x000000b77b700000] [id=14780]
  0x000002a3da501800 ConcurrentGCThread "G1 Main Marker" [stack: 0x000000b778c00000,0x000000b778d00000] [id=3612]
  0x000002a3da504000 ConcurrentGCThread "G1 Conc#0" [stack: 0x000000b778d00000,0x000000b778e00000] [id=14344]
  0x000002a3fbaf1000 ConcurrentGCThread "G1 Conc#1" [stack: 0x000000b77ac00000,0x000000b77ad00000] [id=10808]
  0x000002a3f8f61800 ConcurrentGCThread "G1 Refine#0" [stack: 0x000000b778e00000,0x000000b778f00000] [id=12788]
  0x000002a3fabbd800 ConcurrentGCThread "G1 Refine#1" [stack: 0x000000b77b700000,0x000000b77b800000] [id=4716]
  0x000002a3da589800 ConcurrentGCThread "G1 Young RemSet Sampling" [stack: 0x000000b778f00000,0x000000b779000000] [id=1896]

Threads with active compile tasks:
C2 CompilerThread0   5776 5628       4       com.sun.marlin.MaskMarlinAlphaConsumer::setAndClearRelativeAlphas (641 bytes)
C2 CompilerThread1   5777 5187   !   4       com.sun.javafx.css.StyleManager::findMatchingStyles (1268 bytes)
C2 CompilerThread2   5777 5609 %     4       com.sun.marlin.DRenderer::_endRendering @ 763 (2473 bytes)

VM state:not at safepoint (normal execution)

VM Mutex/Monitor currently owned by a thread: None

Heap address: 0x0000000083400000, size: 1996 MB, Compressed Oops mode: 32-bit
Narrow klass base: 0x0000000000000000, Narrow klass shift: 3
Compressed class space size: 1073741824 Address: 0x0000000100000000

Heap:
 garbage-first heap   total 155648K, used 134774K [0x0000000083400000, 0x0000000100000000)
  region size 1024K, 7 young (7168K), 2 survivors (2048K)
 Metaspace       used 37685K, capacity 38951K, committed 39088K, reserved 1083392K
  class space    used 4508K, capacity 5014K, committed 5120K, reserved 1048576K
Heap Regions: E=young(eden), S=young(survivor), O=old, HS=humongous(starts), HC=humongous(continues), CS=collection set, F=free, A=archive, TAMS=top-at-mark-start (previous, next)
|   0|0x0000000083400000, 0x0000000083500000, 0x0000000083500000|100%| O|  |TAMS 0x0000000083500000, 0x0000000083400000| Untracked 
|   1|0x0000000083500000, 0x0000000083600000, 0x0000000083600000|100%| O|  |TAMS 0x0000000083600000, 0x0000000083500000| Untracked 
|   2|0x0000000083600000, 0x0000000083700000, 0x0000000083700000|100%| O|  |TAMS 0x0000000083700000, 0x0000000083600000| Untracked 
|   3|0x0000000083700000, 0x0000000083800000, 0x0000000083800000|100%| O|  |TAMS 0x0000000083800000, 0x0000000083700000| Untracked 
|   4|0x0000000083800000, 0x0000000083900000, 0x0000000083900000|100%| O|  |TAMS 0x0000000083900000, 0x0000000083800000| Untracked 
|   5|0x0000000083900000, 0x0000000083a00000, 0x0000000083a00000|100%|HS|  |TAMS 0x0000000083a00000, 0x0000000083900000| Complete 
|   6|0x0000000083a00000, 0x0000000083b00000, 0x0000000083b00000|100%|HC|  |TAMS 0x0000000083b00000, 0x0000000083a00000| Complete 
|   7|0x0000000083b00000, 0x0000000083c00000, 0x0000000083c00000|100%|HS|  |TAMS 0x0000000083c00000, 0x0000000083b00000| Complete 
|   8|0x0000000083c00000, 0x0000000083d00000, 0x0000000083d00000|100%|HS|  |TAMS 0x0000000083d00000, 0x0000000083c00000| Complete 
|   9|0x0000000083d00000, 0x0000000083e00000, 0x0000000083e00000|100%|HS|  |TAMS 0x0000000083e00000, 0x0000000083d00000| Complete 
|  10|0x0000000083e00000, 0x0000000083f00000, 0x0000000083f00000|100%|HC|  |TAMS 0x0000000083f00000, 0x0000000083e00000| Complete 
|  11|0x0000000083f00000, 0x0000000084000000, 0x0000000084000000|100%|HS|  |TAMS 0x0000000084000000, 0x0000000083f00000| Complete 
|  12|0x0000000084000000, 0x0000000084100000, 0x0000000084100000|100%|HC|  |TAMS 0x0000000084100000, 0x0000000084000000| Complete 
|  13|0x0000000084100000, 0x0000000084200000, 0x0000000084200000|100%|HS|  |TAMS 0x0000000084200000, 0x0000000084100000| Complete 
|  14|0x0000000084200000, 0x0000000084300000, 0x0000000084300000|100%|HC|  |TAMS 0x0000000084300000, 0x0000000084200000| Complete 
|  15|0x0000000084300000, 0x0000000084400000, 0x0000000084400000|100%|HS|  |TAMS 0x0000000084400000, 0x0000000084300000| Complete 
|  16|0x0000000084400000, 0x0000000084500000, 0x0000000084500000|100%|HC|  |TAMS 0x0000000084500000, 0x0000000084400000| Complete 
|  17|0x0000000084500000, 0x0000000084600000, 0x0000000084600000|100%|HS|  |TAMS 0x0000000084600000, 0x0000000084500000| Complete 
|  18|0x0000000084600000, 0x0000000084700000, 0x0000000084700000|100%|HC|  |TAMS 0x0000000084700000, 0x0000000084600000| Complete 
|  19|0x0000000084700000, 0x0000000084800000, 0x0000000084800000|100%|HS|  |TAMS 0x0000000084800000, 0x0000000084700000| Complete 
|  20|0x0000000084800000, 0x0000000084900000, 0x0000000084900000|100%|HC|  |TAMS 0x0000000084900000, 0x0000000084800000| Complete 
|  21|0x0000000084900000, 0x0000000084a00000, 0x0000000084a00000|100%|HS|  |TAMS 0x0000000084a00000, 0x0000000084900000| Complete 
|  22|0x0000000084a00000, 0x0000000084b00000, 0x0000000084b00000|100%|HC|  |TAMS 0x0000000084b00000, 0x0000000084a00000| Complete 
|  23|0x0000000084b00000, 0x0000000084c00000, 0x0000000084c00000|100%|HS|  |TAMS 0x0000000084c00000, 0x0000000084b00000| Complete 
|  24|0x0000000084c00000, 0x0000000084d00000, 0x0000000084d00000|100%|HC|  |TAMS 0x0000000084d00000, 0x0000000084c00000| Complete 
|  25|0x0000000084d00000, 0x0000000084e00000, 0x0000000084e00000|100%|HS|  |TAMS 0x0000000084e00000, 0x0000000084d00000| Complete 
|  26|0x0000000084e00000, 0x0000000084f00000, 0x0000000084f00000|100%|HC|  |TAMS 0x0000000084f00000, 0x0000000084e00000| Complete 
|  27|0x0000000084f00000, 0x0000000085000000, 0x0000000085000000|100%| O|  |TAMS 0x0000000085000000, 0x0000000084f00000| Untracked 
|  28|0x0000000085000000, 0x0000000085100000, 0x0000000085100000|100%| O|  |TAMS 0x0000000085100000, 0x0000000085000000| Untracked 
|  29|0x0000000085100000, 0x0000000085200000, 0x0000000085200000|100%| O|  |TAMS 0x0000000085200000, 0x0000000085100000| Untracked 
|  30|0x0000000085200000, 0x0000000085300000, 0x0000000085300000|100%| O|  |TAMS 0x0000000085300000, 0x0000000085200000| Untracked 
|  31|0x0000000085300000, 0x0000000085400000, 0x0000000085400000|100%| O|  |TAMS 0x0000000085400000, 0x0000000085300000| Untracked 
|  32|0x0000000085400000, 0x0000000085500000, 0x0000000085500000|100%|HS|  |TAMS 0x0000000085500000, 0x0000000085400000| Complete 
|  33|0x0000000085500000, 0x0000000085600000, 0x0000000085600000|100%|HC|  |TAMS 0x0000000085600000, 0x0000000085500000| Complete 
|  34|0x0000000085600000, 0x0000000085700000, 0x0000000085700000|100%|HS|  |TAMS 0x0000000085700000, 0x0000000085600000| Complete 
|  35|0x0000000085700000, 0x0000000085800000, 0x0000000085800000|100%|HC|  |TAMS 0x0000000085800000, 0x0000000085700000| Complete 
|  36|0x0000000085800000, 0x0000000085900000, 0x0000000085900000|100%|HS|  |TAMS 0x0000000085900000, 0x0000000085800000| Complete 
|  37|0x0000000085900000, 0x0000000085a00000, 0x0000000085a00000|100%|HS|  |TAMS 0x0000000085a00000, 0x0000000085900000| Complete 
|  38|0x0000000085a00000, 0x0000000085b00000, 0x0000000085b00000|100%|HC|  |TAMS 0x0000000085b00000, 0x0000000085a00000| Complete 
|  39|0x0000000085b00000, 0x0000000085c00000, 0x0000000085c00000|100%|HC|  |TAMS 0x0000000085c00000, 0x0000000085b00000| Complete 
|  40|0x0000000085c00000, 0x0000000085d00000, 0x0000000085d00000|100%|HC|  |TAMS 0x0000000085d00000, 0x0000000085c00000| Complete 
|  41|0x0000000085d00000, 0x0000000085e00000, 0x0000000085e00000|100%|HS|  |TAMS 0x0000000085e00000, 0x0000000085d00000| Complete 
|  42|0x0000000085e00000, 0x0000000085f00000, 0x0000000085f00000|100%|HC|  |TAMS 0x0000000085f00000, 0x0000000085e00000| Complete 
|  43|0x0000000085f00000, 0x0000000086000000, 0x0000000086000000|100%|HC|  |TAMS 0x0000000086000000, 0x0000000085f00000| Complete 
|  44|0x0000000086000000, 0x0000000086100000, 0x0000000086100000|100%|HC|  |TAMS 0x0000000086100000, 0x0000000086000000| Complete 
|  45|0x0000000086100000, 0x0000000086200000, 0x0000000086200000|100%| O|  |TAMS 0x0000000086200000, 0x0000000086100000| Untracked 
|  46|0x0000000086200000, 0x0000000086300000, 0x0000000086300000|100%|HS|  |TAMS 0x0000000086300000, 0x0000000086200000| Complete 
|  47|0x0000000086300000, 0x0000000086400000, 0x0000000086400000|100%|HC|  |TAMS 0x0000000086400000, 0x0000000086300000| Complete 
|  48|0x0000000086400000, 0x0000000086500000, 0x0000000086500000|100%|HC|  |TAMS 0x0000000086500000, 0x0000000086400000| Complete 
|  49|0x0000000086500000, 0x0000000086600000, 0x0000000086600000|100%|HC|  |TAMS 0x0000000086600000, 0x0000000086500000| Complete 
|  50|0x0000000086600000, 0x0000000086700000, 0x0000000086700000|100%|HC|  |TAMS 0x0000000086700000, 0x0000000086600000| Complete 
|  51|0x0000000086700000, 0x0000000086800000, 0x0000000086800000|100%|HS|  |TAMS 0x0000000086800000, 0x0000000086700000| Complete 
|  52|0x0000000086800000, 0x0000000086900000, 0x0000000086900000|100%|HC|  |TAMS 0x0000000086900000, 0x0000000086800000| Complete 
|  53|0x0000000086900000, 0x0000000086a00000, 0x0000000086a00000|100%|HS|  |TAMS 0x0000000086a00000, 0x0000000086900000| Complete 
|  54|0x0000000086a00000, 0x0000000086b00000, 0x0000000086b00000|100%|HC|  |TAMS 0x0000000086b00000, 0x0000000086a00000| Complete 
|  55|0x0000000086b00000, 0x0000000086c00000, 0x0000000086c00000|100%| O|  |TAMS 0x0000000086c00000, 0x0000000086b00000| Untracked 
|  56|0x0000000086c00000, 0x0000000086d00000, 0x0000000086d00000|100%|HS|  |TAMS 0x0000000086d00000, 0x0000000086c00000| Complete 
|  57|0x0000000086d00000, 0x0000000086e00000, 0x0000000086e00000|100%|HC|  |TAMS 0x0000000086e00000, 0x0000000086d00000| Complete 
|  58|0x0000000086e00000, 0x0000000086f00000, 0x0000000086f00000|100%|HC|  |TAMS 0x0000000086f00000, 0x0000000086e00000| Complete 
|  59|0x0000000086f00000, 0x0000000087000000, 0x0000000087000000|100%|HC|  |TAMS 0x0000000087000000, 0x0000000086f00000| Complete 
|  60|0x0000000087000000, 0x0000000087100000, 0x0000000087100000|100%|HC|  |TAMS 0x0000000087100000, 0x0000000087000000| Complete 
|  61|0x0000000087100000, 0x0000000087200000, 0x0000000087200000|100%|HC|  |TAMS 0x0000000087200000, 0x0000000087100000| Complete 
|  62|0x0000000087200000, 0x0000000087300000, 0x0000000087300000|100%|HC|  |TAMS 0x0000000087300000, 0x0000000087200000| Complete 
|  63|0x0000000087300000, 0x0000000087400000, 0x0000000087400000|100%|HC|  |TAMS 0x0000000087400000, 0x0000000087300000| Complete 
|  64|0x0000000087400000, 0x0000000087500000, 0x0000000087500000|100%| O|  |TAMS 0x0000000087500000, 0x0000000087400000| Untracked 
|  65|0x0000000087500000, 0x0000000087600000, 0x0000000087600000|100%| O|  |TAMS 0x0000000087600000, 0x0000000087500000| Untracked 
|  66|0x0000000087600000, 0x0000000087700000, 0x0000000087700000|100%| O|  |TAMS 0x0000000087700000, 0x0000000087600000| Untracked 
|  67|0x0000000087700000, 0x0000000087800000, 0x0000000087800000|100%| O|  |TAMS 0x0000000087800000, 0x0000000087700000| Untracked 
|  68|0x0000000087800000, 0x0000000087900000, 0x0000000087900000|100%| O|  |TAMS 0x0000000087900000, 0x0000000087800000| Untracked 
|  69|0x0000000087900000, 0x0000000087a00000, 0x0000000087a00000|100%| O|  |TAMS 0x0000000087a00000, 0x0000000087900000| Untracked 
|  70|0x0000000087a00000, 0x0000000087b00000, 0x0000000087b00000|100%| O|  |TAMS 0x0000000087b00000, 0x0000000087a00000| Untracked 
|  71|0x0000000087b00000, 0x0000000087c00000, 0x0000000087c00000|100%| O|  |TAMS 0x0000000087c00000, 0x0000000087b00000| Untracked 
|  72|0x0000000087c00000, 0x0000000087d00000, 0x0000000087d00000|100%| O|  |TAMS 0x0000000087d00000, 0x0000000087c00000| Untracked 
|  73|0x0000000087d00000, 0x0000000087e00000, 0x0000000087e00000|100%|HS|  |TAMS 0x0000000087e00000, 0x0000000087d00000| Complete 
|  74|0x0000000087e00000, 0x0000000087f00000, 0x0000000087f00000|100%|HC|  |TAMS 0x0000000087f00000, 0x0000000087e00000| Complete 
|  75|0x0000000087f00000, 0x0000000088000000, 0x0000000088000000|100%|HS|  |TAMS 0x0000000088000000, 0x0000000087f00000| Complete 
|  76|0x0000000088000000, 0x0000000088100000, 0x0000000088100000|100%|HC|  |TAMS 0x0000000088100000, 0x0000000088000000| Complete 
|  77|0x0000000088100000, 0x0000000088200000, 0x0000000088200000|100%| O|  |TAMS 0x0000000088200000, 0x0000000088100000| Untracked 
|  78|0x0000000088200000, 0x0000000088300000, 0x0000000088300000|100%|HS|  |TAMS 0x0000000088300000, 0x0000000088200000| Complete 
|  79|0x0000000088300000, 0x0000000088400000, 0x0000000088400000|100%|HC|  |TAMS 0x0000000088400000, 0x0000000088300000| Complete 
|  80|0x0000000088400000, 0x0000000088500000, 0x0000000088500000|100%|HS|  |TAMS 0x0000000088500000, 0x0000000088400000| Complete 
|  81|0x0000000088500000, 0x0000000088600000, 0x0000000088600000|100%|HC|  |TAMS 0x0000000088600000, 0x0000000088500000| Complete 
|  82|0x0000000088600000, 0x0000000088700000, 0x0000000088700000|100%|HS|  |TAMS 0x0000000088700000, 0x0000000088600000| Complete 
|  83|0x0000000088700000, 0x0000000088800000, 0x0000000088800000|100%|HC|  |TAMS 0x0000000088800000, 0x0000000088700000| Complete 
|  84|0x0000000088800000, 0x0000000088900000, 0x0000000088900000|100%|HS|  |TAMS 0x0000000088900000, 0x0000000088800000| Complete 
|  85|0x0000000088900000, 0x0000000088a00000, 0x0000000088a00000|100%|HC|  |TAMS 0x0000000088a00000, 0x0000000088900000| Complete 
|  86|0x0000000088a00000, 0x0000000088b00000, 0x0000000088b00000|100%|HS|  |TAMS 0x0000000088b00000, 0x0000000088a00000| Complete 
|  87|0x0000000088b00000, 0x0000000088c00000, 0x0000000088c00000|100%|HC|  |TAMS 0x0000000088c00000, 0x0000000088b00000| Complete 
|  88|0x0000000088c00000, 0x0000000088d00000, 0x0000000088d00000|100%|HS|  |TAMS 0x0000000088d00000, 0x0000000088c00000| Complete 
|  89|0x0000000088d00000, 0x0000000088e00000, 0x0000000088e00000|100%|HC|  |TAMS 0x0000000088e00000, 0x0000000088d00000| Complete 
|  90|0x0000000088e00000, 0x0000000088f00000, 0x0000000088f00000|100%|HS|  |TAMS 0x0000000088f00000, 0x0000000088e00000| Complete 
|  91|0x0000000088f00000, 0x0000000089000000, 0x0000000089000000|100%|HC|  |TAMS 0x0000000089000000, 0x0000000088f00000| Complete 
|  92|0x0000000089000000, 0x0000000089100000, 0x0000000089100000|100%|HS|  |TAMS 0x0000000089100000, 0x0000000089000000| Complete 
|  93|0x0000000089100000, 0x0000000089200000, 0x0000000089200000|100%|HC|  |TAMS 0x0000000089200000, 0x0000000089100000| Complete 
|  94|0x0000000089200000, 0x0000000089300000, 0x0000000089300000|100%| O|  |TAMS 0x0000000089300000, 0x0000000089200000| Untracked 
|  95|0x0000000089300000, 0x000000008939d800, 0x0000000089400000| 61%| O|  |TAMS 0x000000008939d800, 0x0000000089300000| Untracked 
|  96|0x0000000089400000, 0x0000000089500000, 0x0000000089500000|100%|HS|  |TAMS 0x0000000089500000, 0x0000000089400000| Complete 
|  97|0x0000000089500000, 0x0000000089600000, 0x0000000089600000|100%|HC|  |TAMS 0x0000000089600000, 0x0000000089500000| Complete 
|  98|0x0000000089600000, 0x0000000089700000, 0x0000000089700000|100%|HS|  |TAMS 0x0000000089700000, 0x0000000089600000| Complete 
|  99|0x0000000089700000, 0x0000000089800000, 0x0000000089800000|100%|HS|  |TAMS 0x0000000089800000, 0x0000000089700000| Complete 
| 100|0x0000000089800000, 0x0000000089900000, 0x0000000089900000|100%|HC|  |TAMS 0x0000000089900000, 0x0000000089800000| Complete 
| 101|0x0000000089900000, 0x0000000089a00000, 0x0000000089a00000|100%|HC|  |TAMS 0x0000000089a00000, 0x0000000089900000| Complete 
| 102|0x0000000089a00000, 0x0000000089b00000, 0x0000000089b00000|100%|HC|  |TAMS 0x0000000089b00000, 0x0000000089a00000| Complete 
| 103|0x0000000089b00000, 0x0000000089c00000, 0x0000000089c00000|100%|HS|  |TAMS 0x0000000089c00000, 0x0000000089b00000| Complete 
| 104|0x0000000089c00000, 0x0000000089d00000, 0x0000000089d00000|100%|HC|  |TAMS 0x0000000089d00000, 0x0000000089c00000| Complete 
| 105|0x0000000089d00000, 0x0000000089e00000, 0x0000000089e00000|100%|HC|  |TAMS 0x0000000089e00000, 0x0000000089d00000| Complete 
| 106|0x0000000089e00000, 0x0000000089f00000, 0x0000000089f00000|100%|HC|  |TAMS 0x0000000089f00000, 0x0000000089e00000| Complete 
| 107|0x0000000089f00000, 0x000000008a000000, 0x000000008a000000|100%|HS|  |TAMS 0x000000008a000000, 0x0000000089f00000| Complete 
| 108|0x000000008a000000, 0x000000008a100000, 0x000000008a100000|100%|HC|  |TAMS 0x000000008a100000, 0x000000008a000000| Complete 
| 109|0x000000008a100000, 0x000000008a200000, 0x000000008a200000|100%|HC|  |TAMS 0x000000008a200000, 0x000000008a100000| Complete 
| 110|0x000000008a200000, 0x000000008a300000, 0x000000008a300000|100%|HC|  |TAMS 0x000000008a300000, 0x000000008a200000| Complete 
| 111|0x000000008a300000, 0x000000008a400000, 0x000000008a400000|100%|HC|  |TAMS 0x000000008a400000, 0x000000008a300000| Complete 
| 112|0x000000008a400000, 0x000000008a500000, 0x000000008a500000|100%|HC|  |TAMS 0x000000008a500000, 0x000000008a400000| Complete 
| 113|0x000000008a500000, 0x000000008a600000, 0x000000008a600000|100%|HC|  |TAMS 0x000000008a600000, 0x000000008a500000| Complete 
| 114|0x000000008a600000, 0x000000008a700000, 0x000000008a700000|100%|HC|  |TAMS 0x000000008a700000, 0x000000008a600000| Complete 
| 115|0x000000008a700000, 0x000000008a800000, 0x000000008a800000|100%|HS|  |TAMS 0x000000008a800000, 0x000000008a700000| Complete 
| 116|0x000000008a800000, 0x000000008a900000, 0x000000008a900000|100%|HC|  |TAMS 0x000000008a900000, 0x000000008a800000| Complete 
| 117|0x000000008a900000, 0x000000008aa00000, 0x000000008aa00000|100%|HC|  |TAMS 0x000000008aa00000, 0x000000008a900000| Complete 
| 118|0x000000008aa00000, 0x000000008ab00000, 0x000000008ab00000|100%|HC|  |TAMS 0x000000008ab00000, 0x000000008aa00000| Complete 
| 119|0x000000008ab00000, 0x000000008ac00000, 0x000000008ac00000|100%|HC|  |TAMS 0x000000008ac00000, 0x000000008ab00000| Complete 
| 120|0x000000008ac00000, 0x000000008ad00000, 0x000000008ad00000|100%|HS|  |TAMS 0x000000008ad00000, 0x000000008ac00000| Complete 
| 121|0x000000008ad00000, 0x000000008ae00000, 0x000000008ae00000|100%|HC|  |TAMS 0x000000008ae00000, 0x000000008ad00000| Complete 
| 122|0x000000008ae00000, 0x000000008af00000, 0x000000008af00000|100%|HS|  |TAMS 0x000000008ae00000, 0x000000008ae00000| Complete 
| 123|0x000000008af00000, 0x000000008b000000, 0x000000008b000000|100%|HC|  |TAMS 0x000000008af00000, 0x000000008af00000| Complete 
| 124|0x000000008b000000, 0x000000008b100000, 0x000000008b100000|100%|HS|  |TAMS 0x000000008b100000, 0x000000008b000000| Complete 
| 125|0x000000008b100000, 0x000000008b200000, 0x000000008b200000|100%|HC|  |TAMS 0x000000008b200000, 0x000000008b100000| Complete 
| 126|0x000000008b200000, 0x000000008b200000, 0x000000008b300000|  0%| F|  |TAMS 0x000000008b200000, 0x000000008b200000| Untracked 
| 127|0x000000008b300000, 0x000000008b300000, 0x000000008b400000|  0%| F|  |TAMS 0x000000008b300000, 0x000000008b300000| Untracked 
| 128|0x000000008b400000, 0x000000008b400000, 0x000000008b500000|  0%| F|  |TAMS 0x000000008b400000, 0x000000008b400000| Untracked 
| 129|0x000000008b500000, 0x000000008b500000, 0x000000008b600000|  0%| F|  |TAMS 0x000000008b500000, 0x000000008b500000| Untracked 
| 130|0x000000008b600000, 0x000000008b600000, 0x000000008b700000|  0%| F|  |TAMS 0x000000008b600000, 0x000000008b600000| Untracked 
| 131|0x000000008b700000, 0x000000008b700000, 0x000000008b800000|  0%| F|  |TAMS 0x000000008b700000, 0x000000008b700000| Untracked 
| 132|0x000000008b800000, 0x000000008b800000, 0x000000008b900000|  0%| F|  |TAMS 0x000000008b800000, 0x000000008b800000| Untracked 
| 133|0x000000008b900000, 0x000000008b900000, 0x000000008ba00000|  0%| F|  |TAMS 0x000000008b900000, 0x000000008b900000| Untracked 
| 134|0x000000008ba00000, 0x000000008ba00000, 0x000000008bb00000|  0%| F|  |TAMS 0x000000008ba00000, 0x000000008ba00000| Untracked 
| 135|0x000000008bb00000, 0x000000008bb00000, 0x000000008bc00000|  0%| F|  |TAMS 0x000000008bb00000, 0x000000008bb00000| Untracked 
| 136|0x000000008bc00000, 0x000000008bc00000, 0x000000008bd00000|  0%| F|  |TAMS 0x000000008bc00000, 0x000000008bc00000| Untracked 
| 137|0x000000008bd00000, 0x000000008bd00000, 0x000000008be00000|  0%| F|  |TAMS 0x000000008bd00000, 0x000000008bd00000| Untracked 
| 138|0x000000008be00000, 0x000000008be00000, 0x000000008bf00000|  0%| F|  |TAMS 0x000000008be00000, 0x000000008be00000| Untracked 
| 139|0x000000008bf00000, 0x000000008bf00000, 0x000000008c000000|  0%| F|  |TAMS 0x000000008bf00000, 0x000000008bf00000| Untracked 
| 140|0x000000008c000000, 0x000000008c000000, 0x000000008c100000|  0%| F|  |TAMS 0x000000008c000000, 0x000000008c000000| Untracked 
| 141|0x000000008c100000, 0x000000008c100000, 0x000000008c200000|  0%| F|  |TAMS 0x000000008c100000, 0x000000008c100000| Untracked 
| 142|0x000000008c200000, 0x000000008c300000, 0x000000008c300000|100%| S|CS|TAMS 0x000000008c200000, 0x000000008c200000| Complete 
| 143|0x000000008c300000, 0x000000008c400000, 0x000000008c400000|100%| S|CS|TAMS 0x000000008c300000, 0x000000008c300000| Complete 
| 144|0x000000008c400000, 0x000000008c400000, 0x000000008c500000|  0%| F|  |TAMS 0x000000008c400000, 0x000000008c400000| Untracked 
| 145|0x000000008c500000, 0x000000008c500000, 0x000000008c600000|  0%| F|  |TAMS 0x000000008c500000, 0x000000008c500000| Untracked 
| 146|0x000000008c600000, 0x000000008c600000, 0x000000008c700000|  0%| F|  |TAMS 0x000000008c600000, 0x000000008c600000| Untracked 
| 147|0x000000008c700000, 0x000000008c7a27a8, 0x000000008c800000| 63%| E|  |TAMS 0x000000008c700000, 0x000000008c700000| Complete 
| 148|0x000000008c800000, 0x000000008c900000, 0x000000008c900000|100%| E|CS|TAMS 0x000000008c800000, 0x000000008c800000| Complete 
| 149|0x000000008c900000, 0x000000008ca00000, 0x000000008ca00000|100%| E|CS|TAMS 0x000000008c900000, 0x000000008c900000| Complete 
| 150|0x000000008ca00000, 0x000000008cb00000, 0x000000008cb00000|100%| E|CS|TAMS 0x000000008ca00000, 0x000000008ca00000| Complete 
| 151|0x000000008cb00000, 0x000000008cc00000, 0x000000008cc00000|100%| E|CS|TAMS 0x000000008cb00000, 0x000000008cb00000| Complete 

Card table byte_map: [0x000002a3f2080000,0x000002a3f2470000] _byte_map_base: 0x000002a3f1c66000

Marking Bits (Prev, Next): (CMBitMap*) 0x000002a3da4f8f20, (CMBitMap*) 0x000002a3da4f8ee8
 Prev Bits: [0x000002a3f4790000, 0x000002a3f66c0000)
 Next Bits: [0x000002a3f2860000, 0x000002a3f4790000)

Polling page: 0x000002a3d8660000

Metaspace:

Usage:
  Non-class:     33.14 MB capacity,    32.40 MB ( 98%) used,   616.73 KB (  2%) free+waste,   143.13 KB ( <1%) overhead. 
      Class:      4.90 MB capacity,     4.40 MB ( 90%) used,   435.49 KB (  9%) free+waste,    69.69 KB (  1%) overhead. 
       Both:     38.04 MB capacity,    36.80 MB ( 97%) used,     1.03 MB (  3%) free+waste,   212.81 KB ( <1%) overhead. 

Virtual space:
  Non-class space:       34.00 MB reserved,      33.17 MB ( 98%) committed 
      Class space:        1.00 GB reserved,       5.00 MB ( <1%) committed 
             Both:        1.03 GB reserved,      38.17 MB (  4%) committed 

Chunk freelists:
   Non-Class:  3.88 KB
       Class:  1.25 KB
        Both:  5.13 KB

CodeHeap 'non-profiled nmethods': size=120000Kb used=3087Kb max_used=3087Kb free=116912Kb
 bounds [0x000002a3ea430000, 0x000002a3ea740000, 0x000002a3f1960000]
CodeHeap 'profiled nmethods': size=120000Kb used=12683Kb max_used=12683Kb free=107316Kb
 bounds [0x000002a3e2f00000, 0x000002a3e3b70000, 0x000002a3ea430000]
CodeHeap 'non-nmethods': size=5760Kb used=1419Kb max_used=1447Kb free=4340Kb
 bounds [0x000002a3e2960000, 0x000002a3e2bd0000, 0x000002a3e2f00000]
 total_blobs=6538 nmethods=5648 adapters=798
 compilation: enabled
              stopped_count=0, restarted_count=0
 full_count=0

Compilation events (10 events):
Event: 5.728 Thread 0x000002a3f9138000 5653       3       com.sun.prism.impl.ps.BaseShaderContext::validateTextureOp (15 bytes)
Event: 5.728 Thread 0x000002a3f9138000 nmethod 5653 0x000002a3e3b5fc90 code [0x000002a3e3b5fe40, 0x000002a3e3b600e8]
Event: 5.728 Thread 0x000002a3f9138000 5652       3       com.sun.javafx.geom.Rectangle::setBounds (10 bytes)
Event: 5.728 Thread 0x000002a3f9138000 nmethod 5652 0x000002a3e3b60210 code [0x000002a3e3b603c0, 0x000002a3e3b60518]
Event: 5.729 Thread 0x000002a3f9138000 5654       3       com.sun.javafx.sg.prism.NGRegion::renderBackgroundRectanglesDirectly (345 bytes)
Event: 5.731 Thread 0x000002a3f9138000 nmethod 5654 0x000002a3e3b60610 code [0x000002a3e3b60900, 0x000002a3e3b61b88]
Event: 5.731 Thread 0x000002a3f9138000 5655       3       java.nio.FloatBuffer::rewind (7 bytes)
Event: 5.731 Thread 0x000002a3f9138000 nmethod 5655 0x000002a3e3b62110 code [0x000002a3e3b622c0, 0x000002a3e3b62438]
Event: 5.731 Thread 0x000002a3f9138000 5656       3       com.sun.prism.impl.ps.BaseShaderContext::validateLCDOp (62 bytes)
Event: 5.731 Thread 0x000002a3f9138000 nmethod 5656 0x000002a3e3b62510 code [0x000002a3e3b62700, 0x000002a3e3b62ab8]

GC Heap History (10 events):
Event: 5.203 GC heap before
{Heap before GC invocations=26 (full 0):
 garbage-first heap   total 129024K, used 105630K [0x0000000083400000, 0x0000000100000000)
  region size 1024K, 3 young (3072K), 1 survivors (1024K)
 Metaspace       used 36794K, capacity 38009K, committed 38192K, reserved 1083392K
  class space    used 4450K, capacity 4937K, committed 4992K, reserved 1048576K
}
Event: 5.203 GC heap after
{Heap after GC invocations=27 (full 0):
 garbage-first heap   total 129024K, used 104591K [0x0000000083400000, 0x0000000100000000)
  region size 1024K, 1 young (1024K), 1 survivors (1024K)
 Metaspace       used 36794K, capacity 38009K, committed 38192K, reserved 1083392K
  class space    used 4450K, capacity 4937K, committed 4992K, reserved 1048576K
}
Event: 5.316 GC heap before
{Heap before GC invocations=28 (full 0):
 garbage-first heap   total 129024K, used 109711K [0x0000000083400000, 0x0000000100000000)
  region size 1024K, 4 young (4096K), 1 survivors (1024K)
 Metaspace       used 36794K, capacity 38009K, committed 38192K, reserved 1083392K
  class space    used 4450K, capacity 4937K, committed 4992K, reserved 1048576K
}
Event: 5.317 GC heap after
{Heap after GC invocations=29 (full 0):
 garbage-first heap   total 129024K, used 108694K [0x0000000083400000, 0x0000000100000000)
  region size 1024K, 1 young (1024K), 1 survivors (1024K)
 Metaspace       used 36794K, capacity 38009K, committed 38192K, reserved 1083392K
  class space    used 4450K, capacity 4937K, committed 4992K, reserved 1048576K
}
Event: 5.378 GC heap before
{Heap before GC invocations=30 (full 0):
 garbage-first heap   total 129024K, used 116886K [0x0000000083400000, 0x0000000100000000)
  region size 1024K, 2 young (2048K), 1 survivors (1024K)
 Metaspace       used 36794K, capacity 38009K, committed 38192K, reserved 1083392K
  class space    used 4450K, capacity 4937K, committed 4992K, reserved 1048576K
}
Event: 5.379 GC heap after
{Heap after GC invocations=31 (full 0):
 garbage-first heap   total 129024K, used 116890K [0x0000000083400000, 0x0000000100000000)
  region size 1024K, 1 young (1024K), 1 survivors (1024K)
 Metaspace       used 36794K, capacity 38009K, committed 38192K, reserved 1083392K
  class space    used 4450K, capacity 4937K, committed 4992K, reserved 1048576K
}
Event: 5.404 GC heap before
{Heap before GC invocations=32 (full 0):
 garbage-first heap   total 129024K, used 122010K [0x0000000083400000, 0x0000000100000000)
  region size 1024K, 2 young (2048K), 1 survivors (1024K)
 Metaspace       used 36794K, capacity 38009K, committed 38192K, reserved 1083392K
  class space    used 4450K, capacity 4937K, committed 4992K, reserved 1048576K
}
Event: 5.405 GC heap after
{Heap after GC invocations=33 (full 0):
 garbage-first heap   total 155648K, used 122008K [0x0000000083400000, 0x0000000100000000)
  region size 1024K, 1 young (1024K), 1 survivors (1024K)
 Metaspace       used 36794K, capacity 38009K, committed 38192K, reserved 1083392K
  class space    used 4450K, capacity 4937K, committed 4992K, reserved 1048576K
}
Event: 5.536 GC heap before
{Heap before GC invocations=34 (full 0):
 garbage-first heap   total 155648K, used 132248K [0x0000000083400000, 0x0000000100000000)
  region size 1024K, 9 young (9216K), 1 survivors (1024K)
 Metaspace       used 37470K, capacity 38749K, committed 39088K, reserved 1083392K
  class space    used 4498K, capacity 5013K, committed 5120K, reserved 1048576K
}
Event: 5.539 GC heap after
{Heap after GC invocations=35 (full 0):
 garbage-first heap   total 155648K, used 128630K [0x0000000083400000, 0x0000000100000000)
  region size 1024K, 2 young (2048K), 2 survivors (2048K)
 Metaspace       used 37470K, capacity 38749K, committed 39088K, reserved 1083392K
  class space    used 4498K, capacity 5013K, committed 5120K, reserved 1048576K
}

Deoptimization events (10 events):
Event: 5.431 Thread 0x000002a3fab75800 Uncommon trap: reason=profile_predicate action=maybe_recompile pc=0x000002a3ea6fb07c method=javafx.css.CompoundSelector.applies(Ljavafx/css/Styleable;[Ljava/util/Set;I)Z @ 89 c2
Event: 5.431 Thread 0x000002a3fab75800 Uncommon trap: reason=profile_predicate action=maybe_recompile pc=0x000002a3ea6fb07c method=javafx.css.CompoundSelector.applies(Ljavafx/css/Styleable;[Ljava/util/Set;I)Z @ 89 c2
Event: 5.452 Thread 0x000002a3fab75800 Uncommon trap: reason=unstable_if action=reinterpret pc=0x000002a3ea6b96a8 method=javafx.scene.CssStyleHelper.lookup(Ljavafx/css/Styleable;Ljavafx/css/CssMetaData;Lcom/sun/javafx/css/StyleMap;Ljava/util/Set;Ljavafx/css/Styleable;Lcom/sun/javafx/css/Calcul
Event: 5.475 Thread 0x000002a3fab75800 Uncommon trap: reason=bimorphic_or_optimized_type_check action=maybe_recompile pc=0x000002a3ea6cafe0 method=javafx.beans.property.DoublePropertyBase.get()D @ 23 c2
Event: 5.496 Thread 0x000002a3fab75800 Uncommon trap: reason=bimorphic_or_optimized_type_check action=maybe_recompile pc=0x000002a3ea6cafe0 method=javafx.beans.property.DoublePropertyBase.get()D @ 23 c2
Event: 5.496 Thread 0x000002a3fab75800 Uncommon trap: reason=bimorphic_or_optimized_type_check action=maybe_recompile pc=0x000002a3ea6cafe0 method=javafx.beans.property.DoublePropertyBase.get()D @ 23 c2
Event: 5.521 Thread 0x000002a3fa70a000 Uncommon trap: reason=unstable_if action=reinterpret pc=0x000002a3ea60d9c4 method=java.lang.invoke.InvokerBytecodeGenerator.loadInsnOpcode(Ljava/lang/invoke/LambdaForm$BasicType;)I @ 8 c2
Event: 5.521 Thread 0x000002a3fa70a000 Uncommon trap: reason=unstable_if action=reinterpret pc=0x000002a3ea604db8 method=java.lang.invoke.InvokerBytecodeGenerator.loadInsnOpcode(Ljava/lang/invoke/LambdaForm$BasicType;)I @ 8 c2
Event: 5.521 Thread 0x000002a3fa70a000 Uncommon trap: reason=unstable_if action=reinterpret pc=0x000002a3ea645764 method=java.lang.ThreadLocal.get()Ljava/lang/Object; @ 11 c2
Event: 5.702 Thread 0x000002a3fa70a000 Uncommon trap: reason=unstable_if action=reinterpret pc=0x000002a3ea722914 method=com.sun.marlin.MaskMarlinAlphaConsumer.setAndClearRelativeAlphas([I[IIII)V @ 414 c2

Classes redefined (0 events):
No events

Internal exceptions (10 events):
Event: 4.102 Thread 0x000002a3fab75800 Exception <a 'java/lang/NoSuchMethodError'{0x000000008720b238}: java.lang.invoke.DirectMethodHandle$Holder.invokeSpecial(Ljava/lang/Object;Ljava/lang/Object;Ljava/lang/Object;Ljava/lang/Object;Ljava/lang/Object;Ljava/lang/Object;Ljava/lang/Object;Ljava/la
Event: 4.102 Thread 0x000002a3fab75800 Exception <a 'java/lang/NoSuchMethodError'{0x0000000087216870}: java.lang.invoke.Invokers$Holder.linkToTargetMethod(Ljava/lang/Object;Ljava/lang/Object;Ljava/lang/Object;Ljava/lang/Object;Ljava/lang/Object;Ljava/lang/Object;Ljava/lang/Object;Ljava/lang/Ob
Event: 4.103 Thread 0x000002a3fab75800 Exception <a 'java/io/FileNotFoundException'{0x000000008721b7a8}> (0x000000008721b7a8) thrown at [./open/src/hotspot/share/prims/jni.cpp, line 611]
Event: 4.238 Thread 0x000002a3fab75800 Exception <a 'java/lang/NoSuchMethodError'{0x0000000086e02f08}: java.lang.invoke.DirectMethodHandle$Holder.invokeStatic(Ljava/lang/Object;Ljava/lang/Object;Ljava/lang/Object;ILjava/lang/Object;Ljava/lang/Object;)Ljava/lang/Object;> (0x0000000086e02f08) th
Event: 4.238 Thread 0x000002a3fab75800 Exception <a 'java/lang/NoSuchMethodError'{0x0000000086e0a370}: java.lang.invoke.Invokers$Holder.linkToTargetMethod(Ljava/lang/Object;Ljava/lang/Object;ILjava/lang/Object;Ljava/lang/Object;Ljava/lang/Object;)Ljava/lang/Object;> (0x0000000086e0a370) thrown
Event: 4.719 Thread 0x000002a3fab75800 Exception <a 'java/lang/ClassNotFoundException'{0x000000008b10b680}: com/sun/javafx/scene/control/skin/resources/controls> (0x000000008b10b680) thrown at [./open/src/hotspot/share/prims/jni.cpp, line 632]
Event: 4.719 Thread 0x000002a3fab75800 Exception <a 'java/lang/ClassNotFoundException'{0x000000008b119488}: com/sun/javafx/scene/control/skin/resources/controls_en> (0x000000008b119488) thrown at [./open/src/hotspot/share/prims/jni.cpp, line 632]
Event: 4.719 Thread 0x000002a3fab75800 Exception <a 'java/lang/ClassNotFoundException'{0x000000008b11c198}: com/sun/javafx/scene/control/skin/resources/controls_en_US> (0x000000008b11c198) thrown at [./open/src/hotspot/share/prims/jni.cpp, line 632]
Event: 4.810 Thread 0x000002a3fab75800 Exception <a 'java/lang/NoSuchMethodError'{0x000000008a907528}: java.lang.invoke.DirectMethodHandle$Holder.invokeSpecial(Ljava/lang/Object;Ljava/lang/Object;Ljava/lang/Object;Ljava/lang/Object;Ljava/lang/Object;Ljava/lang/Object;)V> (0x000000008a907528) t
Event: 5.521 Thread 0x000002a3fa70a000 Implicit null exception at 0x000002a3ea64550d to 0x000002a3ea645750

Events (10 events):
Event: 5.658 loading class com/sun/prism/impl/BaseResourcePool$Predicate done
Event: 5.676 Executing VM operation: RevokeBias
Event: 5.677 Executing VM operation: RevokeBias done
Event: 5.682 Executing VM operation: RevokeBias
Event: 5.682 Executing VM operation: RevokeBias done
Event: 5.682 Executing VM operation: RevokeBias
Event: 5.682 Executing VM operation: RevokeBias done
Event: 5.702 Thread 0x000002a3fa70a000 Uncommon trap: trap_request=0xffffff4d fr.pc=0x000002a3ea722914 relative=0x00000000000006d4
Event: 5.702 Thread 0x000002a3fa70a000 DEOPT PACKING pc=0x000002a3ea722914 sp=0x000000b779efab80
Event: 5.702 Thread 0x000002a3fa70a000 DEOPT UNPACKING pc=0x000002a3e298662f sp=0x000000b779efaa80 mode 2


Dynamic libraries:
0x00007ff65ac30000 - 0x00007ff65ac3f000 	C:\Program Files\Java\jdk-11.0.11\bin\java.exe
0x00007ffec2630000 - 0x00007ffec281d000 	C:\Windows\SYSTEM32\ntdll.dll
0x00007ffec0a20000 - 0x00007ffec0ad3000 	C:\Windows\System32\KERNEL32.DLL
0x00007ffebe820000 - 0x00007ffebeab5000 	C:\Windows\System32\KERNELBASE.dll
0x00007ffebec60000 - 0x00007ffebed5a000 	C:\Windows\System32\ucrtbase.dll
0x00007ffeb39c0000 - 0x00007ffeb39d8000 	C:\Program Files\Java\jdk-11.0.11\bin\jli.dll
0x00007ffeb39e0000 - 0x00007ffeb39f5000 	C:\Program Files\Java\jdk-11.0.11\bin\VCRUNTIME140.dll
0x00007ffebf870000 - 0x00007ffebf914000 	C:\Windows\System32\ADVAPI32.dll
0x00007ffec0b10000 - 0x00007ffec0bae000 	C:\Windows\System32\msvcrt.dll
0x00007ffebfb40000 - 0x00007ffebfbde000 	C:\Windows\System32\sechost.dll
0x00007ffec0510000 - 0x00007ffec062f000 	C:\Windows\System32\RPCRT4.dll
0x00007ffec0370000 - 0x00007ffec0508000 	C:\Windows\System32\USER32.dll
0x00007ffea9060000 - 0x00007ffea92d9000 	C:\Windows\WinSxS\amd64_microsoft.windows.common-controls_6595b64144ccf1df_6.0.17763.2028_none_de6f2eb4534d3a50\COMCTL32.dll
0x00007ffebe6e0000 - 0x00007ffebe700000 	C:\Windows\System32\win32u.dll
0x00007ffec0690000 - 0x00007ffec09bd000 	C:\Windows\System32\combase.dll
0x00007ffec0ae0000 - 0x00007ffec0b09000 	C:\Windows\System32\GDI32.dll
0x00007ffebedc0000 - 0x00007ffebee42000 	C:\Windows\System32\bcryptPrimitives.dll
0x00007ffebeac0000 - 0x00007ffebec5c000 	C:\Windows\System32\gdi32full.dll
0x00007ffebf040000 - 0x00007ffebf0e0000 	C:\Windows\System32\msvcp_win.dll
0x00007ffeb4000000 - 0x00007ffeb400a000 	C:\Windows\SYSTEM32\VERSION.dll
0x00007ffec0d70000 - 0x00007ffec0d9e000 	C:\Windows\System32\IMM32.DLL
0x00007ffeaa720000 - 0x00007ffeaa7bb000 	C:\Program Files\Java\jdk-11.0.11\bin\msvcp140.dll
0x00007ffe7ddc0000 - 0x00007ffe7e8be000 	C:\Program Files\Java\jdk-11.0.11\bin\server\jvm.dll
0x00007ffebf860000 - 0x00007ffebf868000 	C:\Windows\System32\PSAPI.DLL
0x00007ffea5940000 - 0x00007ffea5949000 	C:\Windows\SYSTEM32\WSOCK32.dll
0x00007ffeb10b0000 - 0x00007ffeb10d4000 	C:\Windows\SYSTEM32\WINMM.dll
0x00007ffec2320000 - 0x00007ffec238d000 	C:\Windows\System32\WS2_32.dll
0x00007ffeb1080000 - 0x00007ffeb10ad000 	C:\Windows\SYSTEM32\WINMMBASE.dll
0x00007ffebe7d0000 - 0x00007ffebe81a000 	C:\Windows\System32\cfgmgr32.dll
0x00007ffebe660000 - 0x00007ffebe671000 	C:\Windows\System32\kernel.appcore.dll
0x00007ffeb4010000 - 0x00007ffeb4020000 	C:\Program Files\Java\jdk-11.0.11\bin\verify.dll
0x00007ffebc7a0000 - 0x00007ffebc98d000 	C:\Windows\SYSTEM32\DBGHELP.DLL
0x00007ffea4c40000 - 0x00007ffea4c6a000 	C:\Windows\SYSTEM32\dbgcore.DLL
0x00007ffeaa870000 - 0x00007ffeaa898000 	C:\Program Files\Java\jdk-11.0.11\bin\java.dll
0x00007ffeb39b0000 - 0x00007ffeb39ba000 	C:\Program Files\Java\jdk-11.0.11\bin\jimage.dll
0x00007ffeb39a0000 - 0x00007ffeb39ae000 	C:\Program Files\Java\jdk-11.0.11\bin\instrument.dll
0x00007ffeaa850000 - 0x00007ffeaa866000 	C:\Program Files\Java\jdk-11.0.11\bin\zip.dll
0x00007ffec0e20000 - 0x00007ffec2319000 	C:\Windows\System32\SHELL32.dll
0x00007ffebfa90000 - 0x00007ffebfb38000 	C:\Windows\System32\shcore.dll
0x00007ffebf0e0000 - 0x00007ffebf82b000 	C:\Windows\System32\windows.storage.dll
0x00007ffebe630000 - 0x00007ffebe654000 	C:\Windows\System32\profapi.dll
0x00007ffebe680000 - 0x00007ffebe6dd000 	C:\Windows\System32\powrprof.dll
0x00007ffec2510000 - 0x00007ffec2562000 	C:\Windows\System32\shlwapi.dll
0x00007ffebe700000 - 0x00007ffebe717000 	C:\Windows\System32\cryptsp.dll
0x00007ffeaa700000 - 0x00007ffeaa719000 	C:\Program Files\Java\jdk-11.0.11\bin\net.dll
0x00007ffeb70d0000 - 0x00007ffeb71c1000 	C:\Windows\SYSTEM32\WINHTTP.dll
0x00007ffebde50000 - 0x00007ffebdeb7000 	C:\Windows\system32\mswsock.dll
0x00007ffeaa6e0000 - 0x00007ffeaa6f2000 	C:\Program Files\Java\jdk-11.0.11\bin\nio.dll
0x00007ffea69b0000 - 0x00007ffea69ca000 	C:\Program Files\JetBrains\IntelliJ IDEA Community Edition 2021.1.3\bin\breakgen64.dll
0x000002a3fb990000 - 0x000002a3fb993000 	C:\Users\Administrator\Documents\javafx-sdk-11.0.2\bin\api-ms-win-core-console-l1-1-0.dll
0x000002a3fb9a0000 - 0x000002a3fb9a3000 	C:\Users\Administrator\Documents\javafx-sdk-11.0.2\bin\api-ms-win-core-datetime-l1-1-0.dll
0x000002a3fb9b0000 - 0x000002a3fb9b3000 	C:\Users\Administrator\Documents\javafx-sdk-11.0.2\bin\api-ms-win-core-debug-l1-1-0.dll
0x000002a3fb9c0000 - 0x000002a3fb9c3000 	C:\Users\Administrator\Documents\javafx-sdk-11.0.2\bin\api-ms-win-core-errorhandling-l1-1-0.dll
0x000002a3fb9d0000 - 0x000002a3fb9d4000 	C:\Users\Administrator\Documents\javafx-sdk-11.0.2\bin\api-ms-win-core-file-l1-1-0.dll
0x000002a3fb9e0000 - 0x000002a3fb9e3000 	C:\Users\Administrator\Documents\javafx-sdk-11.0.2\bin\api-ms-win-core-file-l1-2-0.dll
0x000002a3fb9f0000 - 0x000002a3fb9f3000 	C:\Users\Administrator\Documents\javafx-sdk-11.0.2\bin\api-ms-win-core-file-l2-1-0.dll
0x000002a3fb610000 - 0x000002a3fb613000 	C:\Users\Administrator\Documents\javafx-sdk-11.0.2\bin\api-ms-win-core-handle-l1-1-0.dll
0x000002a3fb620000 - 0x000002a3fb623000 	C:\Users\Administrator\Documents\javafx-sdk-11.0.2\bin\api-ms-win-core-heap-l1-1-0.dll
0x000002a3fb630000 - 0x000002a3fb633000 	C:\Users\Administrator\Documents\javafx-sdk-11.0.2\bin\api-ms-win-core-interlocked-l1-1-0.dll
0x000002a3fb640000 - 0x000002a3fb643000 	C:\Users\Administrator\Documents\javafx-sdk-11.0.2\bin\api-ms-win-core-libraryloader-l1-1-0.dll
0x000002a3fb650000 - 0x000002a3fb653000 	C:\Users\Administrator\Documents\javafx-sdk-11.0.2\bin\api-ms-win-core-localization-l1-2-0.dll
0x000002a3fb660000 - 0x000002a3fb663000 	C:\Users\Administrator\Documents\javafx-sdk-11.0.2\bin\api-ms-win-core-memory-l1-1-0.dll
0x000002a3fb670000 - 0x000002a3fb673000 	C:\Users\Administrator\Documents\javafx-sdk-11.0.2\bin\api-ms-win-core-namedpipe-l1-1-0.dll
0x000002a3fb680000 - 0x000002a3fb683000 	C:\Users\Administrator\Documents\javafx-sdk-11.0.2\bin\api-ms-win-core-processenvironment-l1-1-0.dll
0x000002a3fb690000 - 0x000002a3fb693000 	C:\Users\Administrator\Documents\javafx-sdk-11.0.2\bin\api-ms-win-core-processthreads-l1-1-0.dll
0x000002a3fb6a0000 - 0x000002a3fb6a3000 	C:\Users\Administrator\Documents\javafx-sdk-11.0.2\bin\api-ms-win-core-processthreads-l1-1-1.dll
0x000002a3fb6b0000 - 0x000002a3fb6b3000 	C:\Users\Administrator\Documents\javafx-sdk-11.0.2\bin\api-ms-win-core-profile-l1-1-0.dll
0x000002a3fb6c0000 - 0x000002a3fb6c3000 	C:\Users\Administrator\Documents\javafx-sdk-11.0.2\bin\api-ms-win-core-rtlsupport-l1-1-0.dll
0x000002a3fb6d0000 - 0x000002a3fb6d3000 	C:\Users\Administrator\Documents\javafx-sdk-11.0.2\bin\api-ms-win-core-string-l1-1-0.dll
0x000002a3fb6e0000 - 0x000002a3fb6e3000 	C:\Users\Administrator\Documents\javafx-sdk-11.0.2\bin\api-ms-win-core-synch-l1-1-0.dll
0x000002a3fb6f0000 - 0x000002a3fb6f3000 	C:\Users\Administrator\Documents\javafx-sdk-11.0.2\bin\api-ms-win-core-synch-l1-2-0.dll
0x000002a3fb700000 - 0x000002a3fb703000 	C:\Users\Administrator\Documents\javafx-sdk-11.0.2\bin\api-ms-win-core-sysinfo-l1-1-0.dll
0x000002a3fb710000 - 0x000002a3fb713000 	C:\Users\Administrator\Documents\javafx-sdk-11.0.2\bin\api-ms-win-core-timezone-l1-1-0.dll
0x000002a3fb720000 - 0x000002a3fb723000 	C:\Users\Administrator\Documents\javafx-sdk-11.0.2\bin\api-ms-win-core-util-l1-1-0.dll
0x000002a3fb730000 - 0x000002a3fb733000 	C:\Users\Administrator\Documents\javafx-sdk-11.0.2\bin\api-ms-win-crt-conio-l1-1-0.dll
0x000002a3fb740000 - 0x000002a3fb744000 	C:\Users\Administrator\Documents\javafx-sdk-11.0.2\bin\api-ms-win-crt-convert-l1-1-0.dll
0x000002a3fb750000 - 0x000002a3fb753000 	C:\Users\Administrator\Documents\javafx-sdk-11.0.2\bin\api-ms-win-crt-environment-l1-1-0.dll
0x000002a3fb760000 - 0x000002a3fb763000 	C:\Users\Administrator\Documents\javafx-sdk-11.0.2\bin\api-ms-win-crt-filesystem-l1-1-0.dll
0x000002a3fb770000 - 0x000002a3fb773000 	C:\Users\Administrator\Documents\javafx-sdk-11.0.2\bin\api-ms-win-crt-heap-l1-1-0.dll
0x000002a3fb780000 - 0x000002a3fb783000 	C:\Users\Administrator\Documents\javafx-sdk-11.0.2\bin\api-ms-win-crt-locale-l1-1-0.dll
0x000002a3fb790000 - 0x000002a3fb795000 	C:\Users\Administrator\Documents\javafx-sdk-11.0.2\bin\api-ms-win-crt-math-l1-1-0.dll
0x000002a3fb7a0000 - 0x000002a3fb7a5000 	C:\Users\Administrator\Documents\javafx-sdk-11.0.2\bin\api-ms-win-crt-multibyte-l1-1-0.dll
0x000002a3fb7b0000 - 0x000002a3fb7c0000 	C:\Users\Administrator\Documents\javafx-sdk-11.0.2\bin\api-ms-win-crt-private-l1-1-0.dll
0x000002a3fb7c0000 - 0x000002a3fb7c3000 	C:\Users\Administrator\Documents\javafx-sdk-11.0.2\bin\api-ms-win-crt-process-l1-1-0.dll
0x000002a3fb7d0000 - 0x000002a3fb7d4000 	C:\Users\Administrator\Documents\javafx-sdk-11.0.2\bin\api-ms-win-crt-runtime-l1-1-0.dll
0x000002a3fb7e0000 - 0x000002a3fb7e4000 	C:\Users\Administrator\Documents\javafx-sdk-11.0.2\bin\api-ms-win-crt-stdio-l1-1-0.dll
0x000002a3fb7f0000 - 0x000002a3fb7f4000 	C:\Users\Administrator\Documents\javafx-sdk-11.0.2\bin\api-ms-win-crt-string-l1-1-0.dll
0x000002a3fb800000 - 0x000002a3fb803000 	C:\Users\Administrator\Documents\javafx-sdk-11.0.2\bin\api-ms-win-crt-time-l1-1-0.dll
0x000002a3fb810000 - 0x000002a3fb813000 	C:\Users\Administrator\Documents\javafx-sdk-11.0.2\bin\api-ms-win-crt-utility-l1-1-0.dll
0x00007ffe8f5b0000 - 0x00007ffe8f6aa000 	C:\Users\Administrator\Documents\javafx-sdk-11.0.2\bin\ucrtbase.dll
0x00007ffea6990000 - 0x00007ffea69a6000 	C:\Users\Administrator\Documents\javafx-sdk-11.0.2\bin\vcruntime140.dll
0x00007ffe85e60000 - 0x00007ffe85f06000 	C:\Users\Administrator\Documents\javafx-sdk-11.0.2\bin\msvcp140.dll
0x00007ffe90000000 - 0x00007ffe90051000 	C:\Users\Administrator\Documents\javafx-sdk-11.0.2\bin\concrt140.dll
0x00007ffea4df0000 - 0x00007ffea4e13000 	C:\Users\Administrator\Documents\javafx-sdk-11.0.2\bin\prism_d3d.dll
0x00007ffeaf4c0000 - 0x00007ffeaf65e000 	C:\Windows\system32\d3d9.dll
0x00007ffebcc60000 - 0x00007ffebcc8e000 	C:\Windows\SYSTEM32\dwmapi.dll
0x00007ffebee50000 - 0x00007ffebf033000 	C:\Windows\System32\CRYPT32.dll
0x00007ffebe610000 - 0x00007ffebe622000 	C:\Windows\System32\MSASN1.dll
0x00007ffeb9540000 - 0x00007ffeb95dc000 	C:\Windows\system32\uxtheme.dll
0x00007ffe85f10000 - 0x00007ffe86074000 	C:\Windows\System32\DriverStore\FileRepository\iigd_dch.inf_amd64_2ce3ffa204f4b311\igdumdim64.dll
0x00007ffe657e0000 - 0x00007ffe697ba000 	C:\Windows\System32\DriverStore\FileRepository\iigd_dch.inf_amd64_2ce3ffa204f4b311\igd9dxva64.dll
0x00007ffec23b0000 - 0x00007ffec2506000 	C:\Windows\System32\ole32.dll
0x00007ffebfc90000 - 0x00007ffebfd54000 	C:\Windows\System32\OLEAUT32.dll
0x00007ffead3b0000 - 0x00007ffead554000 	C:\Windows\System32\DriverStore\FileRepository\iigd_dch.inf_amd64_2ce3ffa204f4b311\igdgmm64.dll
0x00007ffe8f560000 - 0x00007ffe8f5a5000 	C:\Users\Administrator\Documents\javafx-sdk-11.0.2\bin\glass.dll
0x00007ffec01e0000 - 0x00007ffec0307000 	C:\Windows\System32\COMDLG32.dll
0x00007ffebf920000 - 0x00007ffebfa8b000 	C:\Windows\System32\MSCTF.dll
0x00007ffe92a90000 - 0x00007ffe92ab6000 	C:\Windows\System32\DriverStore\FileRepository\iigd_dch.inf_amd64_2ce3ffa204f4b311\igdinfo64.dll
0x00007ffeaaf10000 - 0x00007ffead3ab000 	C:\Windows\System32\DriverStore\FileRepository\iigd_dch.inf_amd64_2ce3ffa204f4b311\igc64.dll
0x00007ffe88e90000 - 0x00007ffe88eb5000 	C:\Program Files\Java\jdk-11.0.11\bin\sunec.dll
0x00007ffebd9e0000 - 0x00007ffebda13000 	C:\Windows\system32\rsaenh.dll
0x00007ffebf830000 - 0x00007ffebf856000 	C:\Windows\System32\bcrypt.dll
0x00007ffebe540000 - 0x00007ffebe569000 	C:\Windows\SYSTEM32\USERENV.dll
0x00007ffebe020000 - 0x00007ffebe02c000 	C:\Windows\SYSTEM32\CRYPTBASE.dll
0x00007ffebdb70000 - 0x00007ffebdbad000 	C:\Windows\SYSTEM32\IPHLPAPI.DLL
0x00007ffec25f0000 - 0x00007ffec25f8000 	C:\Windows\System32\NSI.dll
0x00007ffeb4df0000 - 0x00007ffeb4e06000 	C:\Windows\SYSTEM32\dhcpcsvc6.DLL
0x00007ffeb4dd0000 - 0x00007ffeb4dec000 	C:\Windows\SYSTEM32\dhcpcsvc.DLL
0x00007ffebdbb0000 - 0x00007ffebdc76000 	C:\Windows\SYSTEM32\DNSAPI.dll
0x000000006f860000 - 0x000000006f886000 	C:\Program Files\Bonjour\mdnsNSP.dll
0x00007ffeb3b50000 - 0x00007ffeb3b5a000 	C:\Windows\System32\rasadhlp.dll
0x00007ffeb4890000 - 0x00007ffeb4909000 	C:\Windows\System32\fwpuclnt.dll
0x00007ffea86d0000 - 0x00007ffea86dd000 	C:\Program Files\Java\jdk-11.0.11\bin\sunmscapi.dll
0x00007ffebe140000 - 0x00007ffebe166000 	C:\Windows\SYSTEM32\ncrypt.dll
0x00007ffebe100000 - 0x00007ffebe13c000 	C:\Windows\SYSTEM32\NTASN1.dll
0x00007ffea5960000 - 0x00007ffea5974000 	C:\Users\Administrator\Documents\javafx-sdk-11.0.2\bin\javafx_font.dll
0x00007ffea6480000 - 0x00007ffea677c000 	C:\Windows\SYSTEM32\dwrite.dll
0x00007ffebfbe0000 - 0x00007ffebfc82000 	C:\Windows\System32\clbcatq.dll

dbghelp: loaded successfully - version: 4.0.5 - missing functions: none
symbol engine: initialized successfully - sym options: 0x614 - pdb path: .;C:\Program Files\Java\jdk-11.0.11\bin;C:\Windows\SYSTEM32;C:\Windows\WinSxS\amd64_microsoft.windows.common-controls_6595b64144ccf1df_6.0.17763.2028_none_de6f2eb4534d3a50;C:\Program Files\Java\jdk-11.0.11\bin\server;C:\Program Files\JetBrains\IntelliJ IDEA Community Edition 2021.1.3\bin;C:\Users\Administrator\Documents\javafx-sdk-11.0.2\bin;C:\Windows\System32\DriverStore\FileRepository\iigd_dch.inf_amd64_2ce3ffa204f4b311;C:\Program Files\Bonjour;C:\Program Files\Common Files\Microsoft Shared\Ink

VM Arguments:
jvm_args: --module-path=C:\Users\Administrator\Documents\javafx-sdk-11.0.2\lib --add-modules=javafx.controls,javafx.fxml -javaagent:C:\Program Files\JetBrains\IntelliJ IDEA Community Edition 2021.1.3\lib\idea_rt.jar=52930:C:\Program Files\JetBrains\IntelliJ IDEA Community Edition 2021.1.3\bin -Dfile.encoding=UTF-8 
java_command: sample.Main
java_class_path (initial): C:\Users\Administrator\Documents\NRA\out\production\assignment;C:\Users\Administrator\.m2\repository\org\openjfx\javafx-fxml\11\javafx-fxml-11.jar;C:\Users\Administrator\.m2\repository\org\openjfx\javafx-fxml\11\javafx-fxml-11-win.jar;C:\Users\Administrator\.m2\repository\org\openjfx\javafx-controls\11\javafx-controls-11.jar;C:\Users\Administrator\.m2\repository\org\openjfx\javafx-controls\11\javafx-controls-11-win.jar;C:\Users\Administrator\.m2\repository\org\openjfx\javafx-graphics\11\javafx-graphics-11.jar;C:\Users\Administrator\.m2\repository\org\openjfx\javafx-graphics\11\javafx-graphics-11-win.jar;C:\Users\Administrator\.m2\repository\org\openjfx\javafx-base\11\javafx-base-11.jar;C:\Users\Administrator\.m2\repository\org\openjfx\javafx-base\11\javafx-base-11-win.jar;C:\Users\Administrator\Documents\javafx-sdk-11.0.2\lib\src.zip;C:\Users\Administrator\Documents\javafx-sdk-11.0.2\lib\javafx-swt.jar;C:\Users\Administrator\Documents\javafx-sdk-11.0.2\lib\javafx.web.jar;C:\Users\Administrator\Documents\javafx-sdk-11.0.2\lib\javafx.base.jar;C:\Users\Administrator\Documents\javafx-sdk-11.0.2\lib\javafx.fxml.jar;C:\Users\Administrator\Documents\javafx-sdk-11.0.2\lib\javafx.media.jar;C:\Users\Administrator\Documents\javafx-sdk-11.0.2\lib\javafx.swing.jar;C:\Users\Administrator\Documents\javafx-sdk-11.0.2\lib\javafx.controls.jar;C:\Users\Administrator\Documents\javafx-sdk-11.0.2\lib\javafx.controls.zip;C:\Users\Administrator\Documents\javafx-sdk-11.0.2\lib\javafx.graphics.jar;C:\Users\Administrator\Documents\jsoup-1.14.1.jar;C:\Users\Administrator\Documents\jfoenix-9.0.10.jar;C:\Users\Administrator\Documents\fontawesomefx-8.9.jar
Launcher Type: SUN_STANDARD

[Global flags]
     intx CICompilerCount                          = 4                                         {product} {ergonomic}
     uint ConcGCThreads                            = 2                                         {product} {ergonomic}
     uint G1ConcRefinementThreads                  = 8                                         {product} {ergonomic}
   size_t G1HeapRegionSize                         = 1048576                                   {product} {ergonomic}
    uintx GCDrainStackTargetSize                   = 64                                        {product} {ergonomic}
   size_t InitialHeapSize                          = 132120576                                 {product} {ergonomic}
   size_t MarkStackSize                            = 4194304                                   {product} {ergonomic}
   size_t MaxHeapSize                              = 2092957696                                {product} {ergonomic}
   size_t MaxNewSize                               = 1255145472                                {product} {ergonomic}
   size_t MinHeapDeltaBytes                        = 1048576                                   {product} {ergonomic}
    uintx NonNMethodCodeHeapSize                   = 5836300                                {pd product} {ergonomic}
    uintx NonProfiledCodeHeapSize                  = 122910970                              {pd product} {ergonomic}
    uintx ProfiledCodeHeapSize                     = 122910970                              {pd product} {ergonomic}
    uintx ReservedCodeCacheSize                    = 251658240                              {pd product} {ergonomic}
     bool SegmentedCodeCache                       = true                                      {product} {ergonomic}
     bool UseCompressedClassPointers               = true                                 {lp64_product} {ergonomic}
     bool UseCompressedOops                        = true                                 {lp64_product} {ergonomic}
     bool UseG1GC                                  = true                                      {product} {ergonomic}
     bool UseLargePagesIndividualAllocation        = false                                  {pd product} {ergonomic}

Logging:
Log output configuration:
 #0: stdout all=warning uptime,level,tags
 #1: stderr all=off uptime,level,tags

Environment Variables:
PATH=C:\Program Files\Common Files\Oracle\Java\javapath;C:\Windows\system32;C:\Windows;C:\Windows\System32\Wbem;C:\Windows\System32\WindowsPowerShell\v1.0\;C:\Windows\System32\OpenSSH\;C:\Program Files (x86)\NVIDIA Corporation\PhysX\Common;C:\Program Files\NVIDIA Corporation\NVIDIA NvDLISR;C:\Program Files\MATLAB\R2021a\runtime\win64;C:\Program Files\MATLAB\R2021a\bin;C:\Program Files\Java\jdk-11.0.11\bin;C:\Program Files\Git\cmd;C:\Program Files\Java\jdk-16.0.1\bin;C:\Users\Administrator\AppData\Local\Microsoft\WindowsApps;;C:\Program Files\JetBrains\IntelliJ IDEA Community Edition 2021.1.3\bin;
USERNAME=Administrator
OS=Windows_NT
PROCESSOR_IDENTIFIER=Intel64 Family 6 Model 165 Stepping 2, GenuineIntel



---------------  S Y S T E M  ---------------

OS: Windows 10 , 64 bit Build 17763 (10.0.17763.2028)

CPU:total 8 (initial active 8) (4 cores per cpu, 2 threads per core) family 6 model 165 stepping 2 microcode 0xe0, cmov, cx8, fxsr, mmx, sse, sse2, sse3, ssse3, sse4.1, sse4.2, popcnt, avx, avx2, aes, clmul, erms, 3dnowpref, lzcnt, ht, tsc, tscinvbit, bmi1, bmi2, adx, fma

Memory: 4k page, system-wide physical 7979M (2466M free)
TotalPageFile size 14635M (AvailPageFile size 5111M)
current process WorkingSet (physical memory assigned to process): 459M, peak: 461M
current process commit charge ("private bytes"): 525M, peak: 525M

vm_info: Java HotSpot(TM) 64-Bit Server VM (11.0.11+9-LTS-194) for windows-amd64 JRE (11.0.11+9-LTS-194), built on Mar 18 2021 18:46:53 by "mach5one" with MS VC++ 15.9 (VS2017)

END.
