#
# A fatal error has been detected by the Java Runtime Environment:
#
#  EXCEPTION_ACCESS_VIOLATION (0xc0000005) at pc=0x00007ffd190f0116, pid=14008, tid=7156
#
# JRE version: OpenJDK Runtime Environment (16.0.2+7) (build 16.0.2+7)
# Java VM: OpenJDK 64-Bit Server VM (16.0.2+7, mixed mode, sharing, tiered, compressed oops, compressed class ptrs, g1 gc, windows-amd64)
# Problematic frame:
# V  [jvm.dll+0x1c0116]
#
# No core dump will be written. Minidumps are not enabled by default on client versions of Windows
#
# If you would like to submit a bug report, please visit:
#   https://bell-sw.com/support
#

---------------  S U M M A R Y ------------

Command Line: -javaagent:C:\Program Files\JetBrains\IntelliJ IDEA Community Edition 2021.1.3\lib\idea_rt.jar=60953:C:\Program Files\JetBrains\IntelliJ IDEA Community Edition 2021.1.3\bin -Dfile.encoding=UTF-8 sample.Main

Host: Intel(R) Core(TM) i5-10300H CPU @ 2.50GHz, 8 cores, 7G,  Windows 10 , 64 bit Build 17763 (10.0.17763.2028)
Time: Tue Aug 31 16:38:09 2021 SE Asia Standard Time elapsed time: 3.466529 seconds (0d 0h 0m 3s)

---------------  T H R E A D  ---------------

Current thread (0x000001fa83579010):  JavaThread "JavaFX Application Thread" [_thread_in_vm, id=7156, stack(0x000000c0cc700000,0x000000c0cc800000)]

Stack: [0x000000c0cc700000,0x000000c0cc800000],  sp=0x000000c0cc7fd5b0,  free space=1013k
Native frames: (J=compiled Java code, j=interpreted, Vv=VM code, C=native code)
V  [jvm.dll+0x1c0116]
V  [jvm.dll+0x3d5bd7]
V  [jvm.dll+0x3c6e24]
C  [glass.dll+0x504c]

Java frames: (J=compiled Java code, j=interpreted, Vv=VM code)
j  com.sun.glass.ui.win.WinView._enterFullscreen(JZZZ)Z+0 javafx.graphics@16.0.2
j  com.sun.glass.ui.View.enterFullscreen(ZZZ)Z+15 javafx.graphics@16.0.2
j  com.sun.javafx.tk.quantum.WindowStage.applyFullScreen()V+77 javafx.graphics@16.0.2
j  com.sun.javafx.tk.quantum.WindowStage.setFullScreen(Z)V+50 javafx.graphics@16.0.2
j  javafx.stage.Stage.doVisibleChanged(Z)V+34 javafx.graphics@16.0.2
j  javafx.stage.Stage$1.doVisibleChanged(Ljavafx/stage/Window;Z)V+5 javafx.graphics@16.0.2
j  com.sun.javafx.stage.StageHelper.visibleChangedImpl(Ljavafx/stage/Window;Z)V+11 javafx.graphics@16.0.2
j  com.sun.javafx.stage.WindowHelper.visibleChanged(Ljavafx/stage/Window;Z)V+6 javafx.graphics@16.0.2
j  javafx.stage.Window$12.invalidated()V+707 javafx.graphics@16.0.2
J 3558 c1 javafx.beans.property.BooleanPropertyBase.set(Z)V javafx.base@16.0.2 (76 bytes) @ 0x000001faec09bd7c [0x000001faec09b800+0x000000000000057c]
j  javafx.stage.Window.setShowing(Z)V+11 javafx.graphics@16.0.2
j  javafx.stage.Window.show()V+2 javafx.graphics@16.0.2
j  javafx.stage.Stage.show()V+1 javafx.graphics@16.0.2
j  sample.WelcomeSceneController.lambda$gettingStarted$0(Ljavafx/event/ActionEvent;Ljavafx/event/ActionEvent;)V+168
j  sample.WelcomeSceneController$$Lambda$366+0x0000000800d1e8a0.handle(Ljavafx/event/Event;)V+12
j  javafx.animation.Animation.runHandler(Ljavafx/event/EventHandler;)V+14 javafx.graphics@16.0.2
j  javafx.animation.Animation.finished()V+14 javafx.graphics@16.0.2
j  javafx.animation.AnimationAccessorImpl.finished(Ljavafx/animation/Animation;)V+1 javafx.graphics@16.0.2
j  com.sun.scenario.animation.shared.SingleLoopClipEnvelope.timePulse(J)V+131 javafx.graphics@16.0.2
j  javafx.animation.Animation.doTimePulse(J)V+13 javafx.graphics@16.0.2
j  javafx.animation.Animation$1.lambda$timePulse$0(J)Ljava/lang/Void;+5 javafx.graphics@16.0.2
j  javafx.animation.Animation$1$$Lambda$340+0x0000000800ea70c0.run()Ljava/lang/Object;+8 javafx.graphics@16.0.2
J 3143 c1 java.security.AccessController.doPrivileged(Ljava/security/PrivilegedAction;Ljava/security/AccessControlContext;)Ljava/lang/Object; java.base@16.0.2 (17 bytes) @ 0x000001faebfab364 [0x000001faebfab180+0x00000000000001e4]
j  javafx.animation.Animation$1.timePulse(J)V+51 javafx.graphics@16.0.2
j  com.sun.scenario.animation.AbstractPrimaryTimer.timePulseImpl(J)V+61 javafx.graphics@16.0.2
j  com.sun.scenario.animation.AbstractPrimaryTimer$MainLoop.run()V+41 javafx.graphics@16.0.2
j  com.sun.javafx.tk.quantum.QuantumToolkit.pulse(Z)V+76 javafx.graphics@16.0.2
j  com.sun.javafx.tk.quantum.QuantumToolkit.pulse()V+2 javafx.graphics@16.0.2
j  com.sun.javafx.tk.quantum.QuantumToolkit.pulseFromQueue()V+1 javafx.graphics@16.0.2
j  com.sun.javafx.tk.quantum.QuantumToolkit.lambda$runToolkit$11()V+1 javafx.graphics@16.0.2
j  com.sun.javafx.tk.quantum.QuantumToolkit$$Lambda$64+0x0000000800c35370.run()V+4 javafx.graphics@16.0.2
j  com.sun.glass.ui.InvokeLaterDispatcher$Future.run()V+4 javafx.graphics@16.0.2
v  ~StubRoutines::call_stub
j  com.sun.glass.ui.win.WinApplication._runLoop(Ljava/lang/Runnable;)V+0 javafx.graphics@16.0.2
j  com.sun.glass.ui.win.WinApplication.lambda$runLoop$3(ILjava/lang/Runnable;)V+8 javafx.graphics@16.0.2
j  com.sun.glass.ui.win.WinApplication$$Lambda$60+0x0000000800c2bbc0.run()V+12 javafx.graphics@16.0.2
j  java.lang.Thread.run()V+11 java.base@16.0.2
v  ~StubRoutines::call_stub

siginfo: EXCEPTION_ACCESS_VIOLATION (0xc0000005), reading address 0xffffffffffffffff


Register to memory mapping:

RIP=0x00007ffd190f0116 jvm.dll
RAX=0x000000c0cc7fd780 is pointing into the stack for thread: 0x000001fa83579010
RBX=0x000001fa83579010 is a thread
RCX=0x79617272615f7460 is an unknown value
RDX=0x000000c0cc7fd750 is pointing into the stack for thread: 0x000001fa83579010
RSP=0x000000c0cc7fd5b0 is pointing into the stack for thread: 0x000001fa83579010
RBP=0x000000c0cc7fd6c1 is pointing into the stack for thread: 0x000001fa83579010
RSI=0x000001fa83579010 is a thread
RDI=0x00007ffd19852c30 jvm.dll
R8 =0x79617272615f7461 is an unknown value
R9 =0x0000000000000001 is an unknown value
R10=0x000001fa83568990 points into unknown readable memory: 0x0000004000000004 | 04 00 00 00 40 00 00 00
R11={method} {0x000001fa82d05180} 'notifyView' '(I)V' in 'com/sun/glass/ui/View'
R12=0x79617272615f7461 is an unknown value
R13=0x000000c0cc7fd750 is pointing into the stack for thread: 0x000001fa83579010
R14=0x0000000000000001 is an unknown value
R15=0x000001fa8b8e1fa8 points into unknown readable memory: 0x000001fa82d05178 | 78 51 d0 82 fa 01 00 00


Registers:
RAX=0x000000c0cc7fd780, RBX=0x000001fa83579010, RCX=0x79617272615f7460, RDX=0x000000c0cc7fd750
RSP=0x000000c0cc7fd5b0, RBP=0x000000c0cc7fd6c1, RSI=0x000001fa83579010, RDI=0x00007ffd19852c30
R8 =0x79617272615f7461, R9 =0x0000000000000001, R10=0x000001fa83568990, R11=0x000001fa82d05178
R12=0x79617272615f7461, R13=0x000000c0cc7fd750, R14=0x0000000000000001, R15=0x000001fa8b8e1fa8
RIP=0x00007ffd190f0116, EFLAGS=0x0000000000010202

Top of Stack: (sp=0x000000c0cc7fd5b0)
0x000000c0cc7fd5b0:   00000000c0000388 00007ffd41281740
0x000000c0cc7fd5c0:   0000000000000000 0000000000000000
0x000000c0cc7fd5d0:   000001fa83579010 00007ffd19305bd7
0x000000c0cc7fd5e0:   0000000000000000 0000000000000000
0x000000c0cc7fd5f0:   0000000000000000 0000000000000000
0x000000c0cc7fd600:   0000000040000000 00007ffd76ac71fc
0x000000c0cc7fd610:   00000000c0000388 00007ffd7768f820
0x000000c0cc7fd620:   000000c0cc7fd780 0000000080000000
0x000000c0cc7fd630:   0000000000000006 0000000000000000
0x000000c0cc7fd640:   0000000000000000 00007ffd00000001
0x000000c0cc7fd650:   0000000000000000 0000000000000000
0x000000c0cc7fd660:   0000000000000000 00007ffd76ad0aca
0x000000c0cc7fd670:   0000000000000000 0000000000000000
0x000000c0cc7fd680:   0000000000000006 0000000000000000
0x000000c0cc7fd690:   000001fa82d05178 00007ffd19304b8f
0x000000c0cc7fd6a0:   000000c0cc7fd780 000000c0cc7fd780 

Instructions: (pc=0x00007ffd190f0116)
0x00007ffd190f0016:   83 c4 20 5b 48 ff e0 48 8d 05 7c d7 e5 ff 48 8b
0x00007ffd190f0026:   cb 48 89 05 02 57 90 00 48 83 c4 20 5b 48 ff e0
0x00007ffd190f0036:   cc cc cc cc cc cc cc cc cc cc 48 63 c2 41 b0 01
0x00007ffd190f0046:   0f b7 54 c1 4a e9 20 55 07 00 48 89 5c 24 08 57
0x00007ffd190f0056:   48 83 ec 30 48 63 81 90 00 00 00 48 8b d9 48 63
0x00007ffd190f0066:   fa 3b c7 7d 5d 48 8b 91 88 00 00 00 4c 8b cf 48
0x00007ffd190f0076:   8b 09 48 85 d2 75 23 45 33 c0 48 8b d7 e8 88 b4
0x00007ffd190f0086:   ef ff 48 89 83 88 00 00 00 89 bb 90 00 00 00 48
0x00007ffd190f0096:   8b 5c 24 40 48 83 c4 30 5f c3 4c 8b c0 c7 44 24
0x00007ffd190f00a6:   20 00 00 00 00 e8 60 87 f0 ff 48 89 83 88 00 00
0x00007ffd190f00b6:   00 89 bb 90 00 00 00 48 8b 5c 24 40 48 83 c4 30
0x00007ffd190f00c6:   5f c3 48 8b 81 88 00 00 00 48 8b 5c 24 40 48 83
0x00007ffd190f00d6:   c4 30 5f c3 cc cc cc cc cc cc 40 53 48 83 ec 20
0x00007ffd190f00e6:   48 8b d9 48 8b ca e8 5f 7a 00 00 01 43 6c 48 83
0x00007ffd190f00f6:   c4 20 5b c3 cc cc cc cc cc cc 8b 41 6c c3 cc cc
0x00007ffd190f0106:   cc cc cc cc cc cc cc cc cc cc 40 53 48 83 ec 20
0x00007ffd190f0116:   48 8b 19 48 85 db 74 08 48 8b cb e8 4a e9 0f 00
0x00007ffd190f0126:   48 8b c3 48 83 c4 20 5b c3 cc 48 83 ec 28 48 8b
0x00007ffd190f0136:   01 48 85 c0 74 5d 4c 8b c1 48 89 5c 24 30 48 89
0x00007ffd190f0146:   7c 24 20 48 8b d0 48 8b 3d 4d 04 96 00 48 8b cf
0x00007ffd190f0156:   e8 15 d3 ff ff 48 8b d8 48 85 c0 74 2c 80 3d cd
0x00007ffd190f0166:   73 90 00 00 74 23 48 8b 57 38 44 0f be 82 f0 02
0x00007ffd190f0176:   00 00 41 d1 e8 41 f6 c0 01 74 0e 48 8b d0 48 8b
0x00007ffd190f0186:   cf e8 64 cd e5 ff 48 8b c3 48 8b 5c 24 30 48 8b
0x00007ffd190f0196:   7c 24 20 48 83 c4 28 c3 cc cc 0f b6 05 c9 dc 9a
0x00007ffd190f01a6:   00 48 8b 11 84 c0 0f 85 ae ca e5 ff e9 89 d2 e5
0x00007ffd190f01b6:   ff cc cc cc cc cc cc cc cc cc 48 89 4c 24 08 48
0x00007ffd190f01c6:   89 54 24 10 4c 89 44 24 18 4c 89 4c 24 20 48 83
0x00007ffd190f01d6:   ec 28 4c 8b c1 4c 8d 4c 24 38 48 8d 0d 79 39 96
0x00007ffd190f01e6:   00 ba 03 00 00 00 e8 7f 51 38 00 48 83 c4 28 c3
0x00007ffd190f01f6:   cc cc cc cc cc cc cc cc cc cc 48 83 79 58 00 75
0x00007ffd190f0206:   04 48 89 51 58 c3 cc cc cc cc 48 89 5c 24 08 48 


Stack slot to memory mapping:
stack at sp + 0 slots: 0x00000000c0000388 is an unallocated location in the heap
stack at sp + 1 slots: 0x00007ffd41281740 glass.dll
stack at sp + 2 slots: 0x0 is NULL
stack at sp + 3 slots: 0x0 is NULL
stack at sp + 4 slots: 0x000001fa83579010 is a thread
stack at sp + 5 slots: 0x00007ffd19305bd7 jvm.dll
stack at sp + 6 slots: 0x0 is NULL
stack at sp + 7 slots: 0x0 is NULL


---------------  P R O C E S S  ---------------

Threads class SMR info:
_java_thread_list=0x000001fa8c944d60, length=30, elements={
0x000001fadff07010, 0x000001fa823b8020, 0x000001fa823b8df0, 0x000001fa823c6e00,
0x000001fa823c7ad0, 0x000001fa823c9750, 0x000001fa823cd080, 0x000001fa823cdcc0,
0x000001fa823ce6c0, 0x000001fa823f3e20, 0x000001fa8239b1f0, 0x000001fa8318b930,
0x000001fa8318be50, 0x000001fa83352860, 0x000001fa8355c180, 0x000001fa83579010,
0x000001fa8377ada0, 0x000001fa83784b30, 0x000001fa837c6ff0, 0x000001fa837c7a90,
0x000001fa837c9a70, 0x000001fa837c7540, 0x000001fa837c9fc0, 0x000001fa8cdc55b0,
0x000001fa8cdc5b40, 0x000001fa837c7fe0, 0x000001fa837c8530, 0x000001fa837c8a80,
0x000001fa837ca510, 0x000001fa837c9520
}

Java Threads: ( => current thread )
  0x000001fadff07010 JavaThread "main" [_thread_blocked, id=11828, stack(0x000000c0cb000000,0x000000c0cb100000)]
  0x000001fa823b8020 JavaThread "Reference Handler" daemon [_thread_blocked, id=8928, stack(0x000000c0cb700000,0x000000c0cb800000)]
  0x000001fa823b8df0 JavaThread "Finalizer" daemon [_thread_blocked, id=5672, stack(0x000000c0cb800000,0x000000c0cb900000)]
  0x000001fa823c6e00 JavaThread "Signal Dispatcher" daemon [_thread_blocked, id=6692, stack(0x000000c0cb900000,0x000000c0cba00000)]
  0x000001fa823c7ad0 JavaThread "Attach Listener" daemon [_thread_blocked, id=4592, stack(0x000000c0cba00000,0x000000c0cbb00000)]
  0x000001fa823c9750 JavaThread "Service Thread" daemon [_thread_blocked, id=13484, stack(0x000000c0cbb00000,0x000000c0cbc00000)]
  0x000001fa823cd080 JavaThread "Monitor Deflation Thread" daemon [_thread_blocked, id=992, stack(0x000000c0cbc00000,0x000000c0cbd00000)]
  0x000001fa823cdcc0 JavaThread "C2 CompilerThread0" daemon [_thread_blocked, id=3584, stack(0x000000c0cbd00000,0x000000c0cbe00000)]
  0x000001fa823ce6c0 JavaThread "C1 CompilerThread0" daemon [_thread_blocked, id=15056, stack(0x000000c0cbe00000,0x000000c0cbf00000)]
  0x000001fa823f3e20 JavaThread "Sweeper thread" daemon [_thread_blocked, id=4848, stack(0x000000c0cbf00000,0x000000c0cc000000)]
  0x000001fa8239b1f0 JavaThread "Common-Cleaner" daemon [_thread_blocked, id=16072, stack(0x000000c0cc000000,0x000000c0cc100000)]
  0x000001fa8318b930 JavaThread "Monitor Ctrl-Break" daemon [_thread_in_native, id=8584, stack(0x000000c0cc200000,0x000000c0cc300000)]
  0x000001fa8318be50 JavaThread "Notification Thread" daemon [_thread_blocked, id=15120, stack(0x000000c0cc300000,0x000000c0cc400000)]
  0x000001fa83352860 JavaThread "QuantumRenderer-0" daemon [_thread_blocked, id=9400, stack(0x000000c0cc500000,0x000000c0cc600000)]
  0x000001fa8355c180 JavaThread "InvokeLaterDispatcher" daemon [_thread_blocked, id=13404, stack(0x000000c0cc600000,0x000000c0cc700000)]
=>0x000001fa83579010 JavaThread "JavaFX Application Thread" [_thread_in_vm, id=7156, stack(0x000000c0cc700000,0x000000c0cc800000)]
  0x000001fa8377ada0 JavaThread "JavaFX-Launcher" [_thread_blocked, id=14428, stack(0x000000c0ccc00000,0x000000c0ccd00000)]
  0x000001fa83784b30 JavaThread "Thread-2" daemon [_thread_in_native, id=13736, stack(0x000000c0ccb00000,0x000000c0ccc00000)]
  0x000001fa837c6ff0 JavaThread "Keep-Alive-Timer" daemon [_thread_blocked, id=10128, stack(0x000000c0cdc00000,0x000000c0cdd00000)]
  0x000001fa837c7a90 JavaThread "Prism Font Disposer" daemon [_thread_blocked, id=17360, stack(0x000000c0cd000000,0x000000c0cd100000)]
  0x000001fa837c9a70 JavaThread "Java2D Disposer" daemon [_thread_blocked, id=15152, stack(0x000000c0cc100000,0x000000c0cc200000)]
  0x000001fa837c7540 JavaThread "AWT-Shutdown" [_thread_blocked, id=2540, stack(0x000000c0cd300000,0x000000c0cd400000)]
  0x000001fa837c9fc0 JavaThread "AWT-Windows" daemon [_thread_in_native, id=2952, stack(0x000000c0cdf00000,0x000000c0ce000000)]
  0x000001fa8cdc55b0 JavaThread "C2 CompilerThread1" daemon [_thread_in_native, id=5728, stack(0x000000c0ce000000,0x000000c0ce100000)]
  0x000001fa8cdc5b40 JavaThread "C2 CompilerThread2" daemon [_thread_blocked, id=9316, stack(0x000000c0ce100000,0x000000c0ce200000)]
  0x000001fa837c7fe0 JavaThread "Thread-3" [_thread_blocked, id=12304, stack(0x000000c0ce200000,0x000000c0ce300000)]
  0x000001fa837c8530 JavaThread "Thread-4" [_thread_blocked, id=6056, stack(0x000000c0ce300000,0x000000c0ce400000)]
  0x000001fa837c8a80 JavaThread "Thread-5" [_thread_blocked, id=924, stack(0x000000c0ce400000,0x000000c0ce500000)]
  0x000001fa837ca510 JavaThread "Thread-6" [_thread_blocked, id=10544, stack(0x000000c0ce500000,0x000000c0ce600000)]
  0x000001fa837c9520 JavaThread "Cleaner-0" daemon [_thread_blocked, id=1316, stack(0x000000c0ce600000,0x000000c0ce700000)]

Other Threads:
  0x000001fa823b34b0 VMThread "VM Thread" [stack: 0x000000c0cb600000,0x000000c0cb700000] [id=1932]
  0x000001fadff08820 WatcherThread [stack: 0x000000c0cc400000,0x000000c0cc500000] [id=3264]
  0x000001fadff48130 GCTaskThread "GC Thread#0" [stack: 0x000000c0cb100000,0x000000c0cb200000] [id=11036]
  0x000001fa83b7ee30 GCTaskThread "GC Thread#1" [stack: 0x000000c0cd400000,0x000000c0cd500000] [id=11480]
  0x000001fa8397cd60 GCTaskThread "GC Thread#2" [stack: 0x000000c0cd500000,0x000000c0cd600000] [id=11216]
  0x000001fa8397d070 GCTaskThread "GC Thread#3" [stack: 0x000000c0cd600000,0x000000c0cd700000] [id=11212]
  0x000001fa83bfe960 GCTaskThread "GC Thread#4" [stack: 0x000000c0cd700000,0x000000c0cd800000] [id=10036]
  0x000001fa83acc580 GCTaskThread "GC Thread#5" [stack: 0x000000c0cd800000,0x000000c0cd900000] [id=11916]
  0x000001fa83acc890 GCTaskThread "GC Thread#6" [stack: 0x000000c0cd900000,0x000000c0cda00000] [id=3608]
  0x000001fa83accba0 GCTaskThread "GC Thread#7" [stack: 0x000000c0cda00000,0x000000c0cdb00000] [id=280]
  0x000001fadff5be30 ConcurrentGCThread "G1 Main Marker" [stack: 0x000000c0cb200000,0x000000c0cb300000] [id=10264]
  0x000001fadff5d410 ConcurrentGCThread "G1 Conc#0" [stack: 0x000000c0cb300000,0x000000c0cb400000] [id=17316]
  0x000001fa83acceb0 ConcurrentGCThread "G1 Conc#1" [stack: 0x000000c0cd100000,0x000000c0cd200000] [id=8916]
  0x000001fa822644e0 ConcurrentGCThread "G1 Refine#0" [stack: 0x000000c0cb400000,0x000000c0cb500000] [id=16044]
  0x000001fa83bfa610 ConcurrentGCThread "G1 Refine#1" [stack: 0x000000c0cdb00000,0x000000c0cdc00000] [id=12708]
  0x000001fa8ce71340 ConcurrentGCThread "G1 Refine#2" [stack: 0x000000c0cdd00000,0x000000c0cde00000] [id=6976]
  0x000001fa8c9f6040 ConcurrentGCThread "G1 Refine#3" [stack: 0x000000c0cde00000,0x000000c0cdf00000] [id=15480]
  0x000001fadffdace0 ConcurrentGCThread "G1 Service" [stack: 0x000000c0cb500000,0x000000c0cb600000] [id=6296]

Threads with active compile tasks:
C2 CompilerThread1     3489 5054 %     4       com.sun.marlin.DRenderer::_endRendering @ 1926 (2489 bytes)

VM state: not at safepoint (normal execution)

VM Mutex/Monitor currently owned by a thread: None

Heap address: 0x0000000083400000, size: 1996 MB, Compressed Oops mode: 32-bit

CDS archive(s) mapped at: [0x0000000800000000-0x0000000800bf0000-0x0000000800bf0000), size 12517376, SharedBaseAddress: 0x0000000800000000, ArchiveRelocationMode: 0.
Compressed class space mapped at: 0x0000000800c00000-0x0000000840c00000, reserved size: 1073741824
Narrow klass base: 0x0000000800000000, Narrow klass shift: 3, Narrow klass range: 0x100000000

GC Precious Log:
 CPUs: 8 total, 8 available
 Memory: 7979M
 Large Page Support: Disabled
 NUMA Support: Disabled
 Compressed Oops: Enabled (32-bit)
 Heap Region Size: 1M
 Heap Min Capacity: 8M
 Heap Initial Capacity: 126M
 Heap Max Capacity: 1996M
 Pre-touch: Disabled
 Parallel Workers: 8
 Concurrent Workers: 2
 Concurrent Refinement Workers: 8
 Periodic GC: Disabled

Heap:
 garbage-first heap   total 157696K, used 44905K [0x0000000083400000, 0x0000000100000000)
  region size 1024K, 1 young (1024K), 0 survivors (0K)
 Metaspace       used 29248K, committed 29632K, reserved 1081344K
  class space    used 3530K, committed 3712K, reserved 1048576K

Heap Regions: E=young(eden), S=young(survivor), O=old, HS=humongous(starts), HC=humongous(continues), CS=collection set, F=free, OA=open archive, CA=closed archive, TAMS=top-at-mark-start (previous, next)
|   0|0x0000000083400000, 0x00000000834fff90, 0x0000000083500000| 99%| O|  |TAMS 0x0000000083400000, 0x0000000083400000| Untracked 
|   1|0x0000000083500000, 0x00000000835ffff0, 0x0000000083600000| 99%| O|  |TAMS 0x0000000083500000, 0x0000000083500000| Untracked 
|   2|0x0000000083600000, 0x0000000083700000, 0x0000000083700000|100%| O|  |TAMS 0x0000000083600000, 0x0000000083600000| Untracked 
|   3|0x0000000083700000, 0x00000000837ffa80, 0x0000000083800000| 99%| O|  |TAMS 0x0000000083700000, 0x0000000083700000| Untracked 
|   4|0x0000000083800000, 0x00000000838ffff8, 0x0000000083900000| 99%| O|  |TAMS 0x0000000083800000, 0x0000000083800000| Untracked 
|   5|0x0000000083900000, 0x00000000839ffe70, 0x0000000083a00000| 99%| O|  |TAMS 0x0000000083900000, 0x0000000083900000| Untracked 
|   6|0x0000000083a00000, 0x0000000083afe818, 0x0000000083b00000| 99%| O|  |TAMS 0x0000000083a00000, 0x0000000083a00000| Untracked 
|   7|0x0000000083b00000, 0x0000000083bffff0, 0x0000000083c00000| 99%| O|  |TAMS 0x0000000083b00000, 0x0000000083b00000| Untracked 
|   8|0x0000000083c00000, 0x0000000083d00000, 0x0000000083d00000|100%|HS|  |TAMS 0x0000000083d00000, 0x0000000083c00000| Untracked 
|   9|0x0000000083d00000, 0x0000000083e00000, 0x0000000083e00000|100%|HC|  |TAMS 0x0000000083e00000, 0x0000000083d00000| Untracked 
|  10|0x0000000083e00000, 0x0000000083f00000, 0x0000000083f00000|100%|HS|  |TAMS 0x0000000083f00000, 0x0000000083e00000| Untracked 
|  11|0x0000000083f00000, 0x0000000084000000, 0x0000000084000000|100%|HS|  |TAMS 0x0000000084000000, 0x0000000083f00000| Untracked 
|  12|0x0000000084000000, 0x00000000840efda8, 0x0000000084100000| 93%| O|  |TAMS 0x0000000084000000, 0x0000000084000000| Untracked 
|  13|0x0000000084100000, 0x00000000841ffff0, 0x0000000084200000| 99%| O|  |TAMS 0x0000000084100000, 0x0000000084100000| Untracked 
|  14|0x0000000084200000, 0x0000000084300000, 0x0000000084300000|100%| O|  |TAMS 0x0000000084200000, 0x0000000084200000| Untracked 
|  15|0x0000000084300000, 0x00000000843fffc0, 0x0000000084400000| 99%| O|  |TAMS 0x0000000084300000, 0x0000000084300000| Untracked 
|  16|0x0000000084400000, 0x00000000844ffff0, 0x0000000084500000| 99%| O|  |TAMS 0x0000000084400000, 0x0000000084400000| Untracked 
|  17|0x0000000084500000, 0x00000000845ffff8, 0x0000000084600000| 99%| O|  |TAMS 0x0000000084500000, 0x0000000084500000| Untracked 
|  18|0x0000000084600000, 0x00000000846ffff8, 0x0000000084700000| 99%| O|  |TAMS 0x0000000084600000, 0x0000000084600000| Untracked 
|  19|0x0000000084700000, 0x0000000084800000, 0x0000000084800000|100%|HS|  |TAMS 0x0000000084800000, 0x0000000084700000| Untracked 
|  20|0x0000000084800000, 0x0000000084900000, 0x0000000084900000|100%|HC|  |TAMS 0x0000000084900000, 0x0000000084800000| Untracked 
|  21|0x0000000084900000, 0x00000000849feef8, 0x0000000084a00000| 99%| O|  |TAMS 0x0000000084900000, 0x0000000084900000| Untracked 
|  22|0x0000000084a00000, 0x0000000084affff0, 0x0000000084b00000| 99%| O|  |TAMS 0x0000000084a00000, 0x0000000084a00000| Untracked 
|  23|0x0000000084b00000, 0x0000000084bfff98, 0x0000000084c00000| 99%| O|  |TAMS 0x0000000084b00000, 0x0000000084b00000| Untracked 
|  24|0x0000000084c00000, 0x0000000084cffff0, 0x0000000084d00000| 99%| O|  |TAMS 0x0000000084c00000, 0x0000000084c00000| Untracked 
|  25|0x0000000084d00000, 0x0000000084dfef80, 0x0000000084e00000| 99%| O|  |TAMS 0x0000000084d00000, 0x0000000084d00000| Untracked 
|  26|0x0000000084e00000, 0x0000000084f00000, 0x0000000084f00000|100%| O|  |TAMS 0x0000000084e00000, 0x0000000084e00000| Untracked 
|  27|0x0000000084f00000, 0x0000000084febee0, 0x0000000085000000| 92%| O|  |TAMS 0x0000000084f00000, 0x0000000084f00000| Untracked 
|  28|0x0000000085000000, 0x00000000850fc728, 0x0000000085100000| 98%| O|  |TAMS 0x0000000085000000, 0x0000000085000000| Untracked 
|  29|0x0000000085100000, 0x0000000085200000, 0x0000000085200000|100%|HS|  |TAMS 0x0000000085200000, 0x0000000085100000| Untracked 
|  30|0x0000000085200000, 0x0000000085300000, 0x0000000085300000|100%|HS|  |TAMS 0x0000000085300000, 0x0000000085200000| Untracked 
|  31|0x0000000085300000, 0x00000000853ffff8, 0x0000000085400000| 99%| O|  |TAMS 0x0000000085300000, 0x0000000085300000| Untracked 
|  32|0x0000000085400000, 0x0000000085500000, 0x0000000085500000|100%|HS|  |TAMS 0x0000000085500000, 0x0000000085400000| Untracked 
|  33|0x0000000085500000, 0x00000000855fd320, 0x0000000085600000| 98%| O|  |TAMS 0x0000000085500000, 0x0000000085500000| Untracked 
|  34|0x0000000085600000, 0x0000000085700000, 0x0000000085700000|100%|HS|  |TAMS 0x0000000085700000, 0x0000000085600000| Untracked 
|  35|0x0000000085700000, 0x0000000085800000, 0x0000000085800000|100%|HS|  |TAMS 0x0000000085800000, 0x0000000085700000| Untracked 
|  36|0x0000000085800000, 0x0000000085900000, 0x0000000085900000|100%|HC|  |TAMS 0x0000000085900000, 0x0000000085800000| Untracked 
|  37|0x0000000085900000, 0x00000000859ffff8, 0x0000000085a00000| 99%| O|  |TAMS 0x0000000085900000, 0x0000000085900000| Untracked 
|  38|0x0000000085a00000, 0x0000000085b00000, 0x0000000085b00000|100%| O|  |TAMS 0x0000000085a00000, 0x0000000085a00000| Untracked 
|  39|0x0000000085b00000, 0x0000000085bfffe8, 0x0000000085c00000| 99%| O|  |TAMS 0x0000000085b00000, 0x0000000085b00000| Untracked 
|  40|0x0000000085c00000, 0x0000000085cfffe8, 0x0000000085d00000| 99%| O|  |TAMS 0x0000000085c00000, 0x0000000085c00000| Untracked 
|  41|0x0000000085d00000, 0x0000000085e00000, 0x0000000085e00000|100%|HS|  |TAMS 0x0000000085e00000, 0x0000000085d00000| Untracked 
|  42|0x0000000085e00000, 0x0000000085f00000, 0x0000000085f00000|100%|HC|  |TAMS 0x0000000085f00000, 0x0000000085e00000| Untracked 
|  43|0x0000000085f00000, 0x0000000085f83258, 0x0000000086000000| 51%| O|  |TAMS 0x0000000085f00000, 0x0000000085f00000| Untracked 
|  44|0x0000000086000000, 0x0000000086039938, 0x0000000086100000| 22%| O|  |TAMS 0x0000000086000000, 0x0000000086000000| Untracked 
|  45|0x0000000086100000, 0x000000008614c508, 0x0000000086200000| 29%| O|  |TAMS 0x0000000086100000, 0x0000000086100000| Untracked 
|  46|0x0000000086200000, 0x0000000086200000, 0x0000000086300000|  0%| F|  |TAMS 0x0000000086200000, 0x0000000086200000| Untracked 
|  47|0x0000000086300000, 0x0000000086300000, 0x0000000086400000|  0%| F|  |TAMS 0x0000000086300000, 0x0000000086300000| Untracked 
|  48|0x0000000086400000, 0x0000000086400000, 0x0000000086500000|  0%| F|  |TAMS 0x0000000086400000, 0x0000000086400000| Untracked 
|  49|0x0000000086500000, 0x0000000086500000, 0x0000000086600000|  0%| F|  |TAMS 0x0000000086500000, 0x0000000086500000| Untracked 
|  50|0x0000000086600000, 0x0000000086600000, 0x0000000086700000|  0%| F|  |TAMS 0x0000000086600000, 0x0000000086600000| Untracked 
|  51|0x0000000086700000, 0x0000000086700000, 0x0000000086800000|  0%| F|  |TAMS 0x0000000086700000, 0x0000000086700000| Untracked 
|  52|0x0000000086800000, 0x0000000086800000, 0x0000000086900000|  0%| F|  |TAMS 0x0000000086800000, 0x0000000086800000| Untracked 
|  53|0x0000000086900000, 0x0000000086900000, 0x0000000086a00000|  0%| F|  |TAMS 0x0000000086900000, 0x0000000086900000| Untracked 
|  54|0x0000000086a00000, 0x0000000086a00000, 0x0000000086b00000|  0%| F|  |TAMS 0x0000000086a00000, 0x0000000086a00000| Untracked 
|  55|0x0000000086b00000, 0x0000000086b00000, 0x0000000086c00000|  0%| F|  |TAMS 0x0000000086b00000, 0x0000000086b00000| Untracked 
|  56|0x0000000086c00000, 0x0000000086c00000, 0x0000000086d00000|  0%| F|  |TAMS 0x0000000086c00000, 0x0000000086c00000| Untracked 
|  57|0x0000000086d00000, 0x0000000086d00000, 0x0000000086e00000|  0%| F|  |TAMS 0x0000000086d00000, 0x0000000086d00000| Untracked 
|  58|0x0000000086e00000, 0x0000000086e00000, 0x0000000086f00000|  0%| F|  |TAMS 0x0000000086e00000, 0x0000000086e00000| Untracked 
|  59|0x0000000086f00000, 0x0000000086f00000, 0x0000000087000000|  0%| F|  |TAMS 0x0000000086f00000, 0x0000000086f00000| Untracked 
|  60|0x0000000087000000, 0x0000000087000000, 0x0000000087100000|  0%| F|  |TAMS 0x0000000087000000, 0x0000000087000000| Untracked 
|  61|0x0000000087100000, 0x0000000087100000, 0x0000000087200000|  0%| F|  |TAMS 0x0000000087100000, 0x0000000087100000| Untracked 
|  62|0x0000000087200000, 0x0000000087200000, 0x0000000087300000|  0%| F|  |TAMS 0x0000000087200000, 0x0000000087200000| Untracked 
|  63|0x0000000087300000, 0x0000000087300000, 0x0000000087400000|  0%| F|  |TAMS 0x0000000087300000, 0x0000000087300000| Untracked 
|  64|0x0000000087400000, 0x0000000087400000, 0x0000000087500000|  0%| F|  |TAMS 0x0000000087400000, 0x0000000087400000| Untracked 
|  65|0x0000000087500000, 0x0000000087500000, 0x0000000087600000|  0%| F|  |TAMS 0x0000000087500000, 0x0000000087500000| Untracked 
|  66|0x0000000087600000, 0x0000000087600000, 0x0000000087700000|  0%| F|  |TAMS 0x0000000087600000, 0x0000000087600000| Untracked 
|  67|0x0000000087700000, 0x0000000087700000, 0x0000000087800000|  0%| F|  |TAMS 0x0000000087700000, 0x0000000087700000| Untracked 
|  68|0x0000000087800000, 0x0000000087800000, 0x0000000087900000|  0%| F|  |TAMS 0x0000000087800000, 0x0000000087800000| Untracked 
|  69|0x0000000087900000, 0x0000000087900000, 0x0000000087a00000|  0%| F|  |TAMS 0x0000000087900000, 0x0000000087900000| Untracked 
|  70|0x0000000087a00000, 0x0000000087a00000, 0x0000000087b00000|  0%| F|  |TAMS 0x0000000087a00000, 0x0000000087a00000| Untracked 
|  71|0x0000000087b00000, 0x0000000087b00000, 0x0000000087c00000|  0%| F|  |TAMS 0x0000000087b00000, 0x0000000087b00000| Untracked 
|  72|0x0000000087c00000, 0x0000000087c00000, 0x0000000087d00000|  0%| F|  |TAMS 0x0000000087c00000, 0x0000000087c00000| Untracked 
|  73|0x0000000087d00000, 0x0000000087d00000, 0x0000000087e00000|  0%| F|  |TAMS 0x0000000087d00000, 0x0000000087d00000| Untracked 
|  74|0x0000000087e00000, 0x0000000087e00000, 0x0000000087f00000|  0%| F|  |TAMS 0x0000000087e00000, 0x0000000087e00000| Untracked 
|  75|0x0000000087f00000, 0x0000000087f00000, 0x0000000088000000|  0%| F|  |TAMS 0x0000000087f00000, 0x0000000087f00000| Untracked 
|  76|0x0000000088000000, 0x0000000088000000, 0x0000000088100000|  0%| F|  |TAMS 0x0000000088000000, 0x0000000088000000| Untracked 
|  77|0x0000000088100000, 0x0000000088100000, 0x0000000088200000|  0%| F|  |TAMS 0x0000000088100000, 0x0000000088100000| Untracked 
|  78|0x0000000088200000, 0x0000000088200000, 0x0000000088300000|  0%| F|  |TAMS 0x0000000088200000, 0x0000000088200000| Untracked 
|  79|0x0000000088300000, 0x0000000088300000, 0x0000000088400000|  0%| F|  |TAMS 0x0000000088300000, 0x0000000088300000| Untracked 
|  80|0x0000000088400000, 0x0000000088400000, 0x0000000088500000|  0%| F|  |TAMS 0x0000000088400000, 0x0000000088400000| Untracked 
|  81|0x0000000088500000, 0x0000000088500000, 0x0000000088600000|  0%| F|  |TAMS 0x0000000088500000, 0x0000000088500000| Untracked 
|  82|0x0000000088600000, 0x0000000088600000, 0x0000000088700000|  0%| F|  |TAMS 0x0000000088600000, 0x0000000088600000| Untracked 
|  83|0x0000000088700000, 0x0000000088700000, 0x0000000088800000|  0%| F|  |TAMS 0x0000000088700000, 0x0000000088700000| Untracked 
|  84|0x0000000088800000, 0x0000000088800000, 0x0000000088900000|  0%| F|  |TAMS 0x0000000088800000, 0x0000000088800000| Untracked 
|  85|0x0000000088900000, 0x0000000088900000, 0x0000000088a00000|  0%| F|  |TAMS 0x0000000088900000, 0x0000000088900000| Untracked 
|  86|0x0000000088a00000, 0x0000000088a00000, 0x0000000088b00000|  0%| F|  |TAMS 0x0000000088a00000, 0x0000000088a00000| Untracked 
|  87|0x0000000088b00000, 0x0000000088b00000, 0x0000000088c00000|  0%| F|  |TAMS 0x0000000088b00000, 0x0000000088b00000| Untracked 
|  88|0x0000000088c00000, 0x0000000088c00000, 0x0000000088d00000|  0%| F|  |TAMS 0x0000000088c00000, 0x0000000088c00000| Untracked 
|  89|0x0000000088d00000, 0x0000000088d00000, 0x0000000088e00000|  0%| F|  |TAMS 0x0000000088d00000, 0x0000000088d00000| Untracked 
|  90|0x0000000088e00000, 0x0000000088e00000, 0x0000000088f00000|  0%| F|  |TAMS 0x0000000088e00000, 0x0000000088e00000| Untracked 
|  91|0x0000000088f00000, 0x0000000088f00000, 0x0000000089000000|  0%| F|  |TAMS 0x0000000088f00000, 0x0000000088f00000| Untracked 
|  92|0x0000000089000000, 0x0000000089000000, 0x0000000089100000|  0%| F|  |TAMS 0x0000000089000000, 0x0000000089000000| Untracked 
|  93|0x0000000089100000, 0x0000000089100000, 0x0000000089200000|  0%| F|  |TAMS 0x0000000089100000, 0x0000000089100000| Untracked 
|  94|0x0000000089200000, 0x0000000089200000, 0x0000000089300000|  0%| F|  |TAMS 0x0000000089200000, 0x0000000089200000| Untracked 
|  95|0x0000000089300000, 0x0000000089300000, 0x0000000089400000|  0%| F|  |TAMS 0x0000000089300000, 0x0000000089300000| Untracked 
|  96|0x0000000089400000, 0x0000000089400000, 0x0000000089500000|  0%| F|  |TAMS 0x0000000089400000, 0x0000000089400000| Untracked 
|  97|0x0000000089500000, 0x0000000089500000, 0x0000000089600000|  0%| F|  |TAMS 0x0000000089500000, 0x0000000089500000| Untracked 
|  98|0x0000000089600000, 0x0000000089600000, 0x0000000089700000|  0%| F|  |TAMS 0x0000000089600000, 0x0000000089600000| Untracked 
|  99|0x0000000089700000, 0x0000000089700000, 0x0000000089800000|  0%| F|  |TAMS 0x0000000089700000, 0x0000000089700000| Untracked 
| 100|0x0000000089800000, 0x0000000089800000, 0x0000000089900000|  0%| F|  |TAMS 0x0000000089800000, 0x0000000089800000| Untracked 
| 101|0x0000000089900000, 0x0000000089900000, 0x0000000089a00000|  0%| F|  |TAMS 0x0000000089900000, 0x0000000089900000| Untracked 
| 102|0x0000000089a00000, 0x0000000089a00000, 0x0000000089b00000|  0%| F|  |TAMS 0x0000000089a00000, 0x0000000089a00000| Untracked 
| 103|0x0000000089b00000, 0x0000000089b00000, 0x0000000089c00000|  0%| F|  |TAMS 0x0000000089b00000, 0x0000000089b00000| Untracked 
| 104|0x0000000089c00000, 0x0000000089c00000, 0x0000000089d00000|  0%| F|  |TAMS 0x0000000089c00000, 0x0000000089c00000| Untracked 
| 105|0x0000000089d00000, 0x0000000089d00000, 0x0000000089e00000|  0%| F|  |TAMS 0x0000000089d00000, 0x0000000089d00000| Untracked 
| 106|0x0000000089e00000, 0x0000000089e00000, 0x0000000089f00000|  0%| F|  |TAMS 0x0000000089e00000, 0x0000000089e00000| Untracked 
| 107|0x0000000089f00000, 0x0000000089f00000, 0x000000008a000000|  0%| F|  |TAMS 0x0000000089f00000, 0x0000000089f00000| Untracked 
| 108|0x000000008a000000, 0x000000008a000000, 0x000000008a100000|  0%| F|  |TAMS 0x000000008a000000, 0x000000008a000000| Untracked 
| 109|0x000000008a100000, 0x000000008a100000, 0x000000008a200000|  0%| F|  |TAMS 0x000000008a100000, 0x000000008a100000| Untracked 
| 110|0x000000008a200000, 0x000000008a200000, 0x000000008a300000|  0%| F|  |TAMS 0x000000008a200000, 0x000000008a200000| Untracked 
| 111|0x000000008a300000, 0x000000008a300000, 0x000000008a400000|  0%| F|  |TAMS 0x000000008a300000, 0x000000008a300000| Untracked 
| 112|0x000000008a400000, 0x000000008a400000, 0x000000008a500000|  0%| F|  |TAMS 0x000000008a400000, 0x000000008a400000| Untracked 
| 113|0x000000008a500000, 0x000000008a500000, 0x000000008a600000|  0%| F|  |TAMS 0x000000008a500000, 0x000000008a500000| Untracked 
| 114|0x000000008a600000, 0x000000008a600000, 0x000000008a700000|  0%| F|  |TAMS 0x000000008a600000, 0x000000008a600000| Untracked 
| 115|0x000000008a700000, 0x000000008a700000, 0x000000008a800000|  0%| F|  |TAMS 0x000000008a700000, 0x000000008a700000| Untracked 
| 116|0x000000008a800000, 0x000000008a800000, 0x000000008a900000|  0%| F|  |TAMS 0x000000008a800000, 0x000000008a800000| Untracked 
| 117|0x000000008a900000, 0x000000008a900000, 0x000000008aa00000|  0%| F|  |TAMS 0x000000008a900000, 0x000000008a900000| Untracked 
| 118|0x000000008aa00000, 0x000000008aa00000, 0x000000008ab00000|  0%| F|  |TAMS 0x000000008aa00000, 0x000000008aa00000| Untracked 
| 119|0x000000008ab00000, 0x000000008ab00000, 0x000000008ac00000|  0%| F|  |TAMS 0x000000008ab00000, 0x000000008ab00000| Untracked 
| 120|0x000000008ac00000, 0x000000008ac00000, 0x000000008ad00000|  0%| F|  |TAMS 0x000000008ac00000, 0x000000008ac00000| Untracked 
| 121|0x000000008ad00000, 0x000000008ad00000, 0x000000008ae00000|  0%| F|  |TAMS 0x000000008ad00000, 0x000000008ad00000| Untracked 
| 122|0x000000008ae00000, 0x000000008ae00000, 0x000000008af00000|  0%| F|  |TAMS 0x000000008ae00000, 0x000000008ae00000| Untracked 
| 123|0x000000008af00000, 0x000000008af00000, 0x000000008b000000|  0%| F|  |TAMS 0x000000008af00000, 0x000000008af00000| Untracked 
| 124|0x000000008b000000, 0x000000008b000000, 0x000000008b100000|  0%| F|  |TAMS 0x000000008b000000, 0x000000008b000000| Untracked 
| 125|0x000000008b100000, 0x000000008b100000, 0x000000008b200000|  0%| F|  |TAMS 0x000000008b100000, 0x000000008b100000| Untracked 
| 126|0x000000008b200000, 0x000000008b200000, 0x000000008b300000|  0%| F|  |TAMS 0x000000008b200000, 0x000000008b200000| Untracked 
| 127|0x000000008b300000, 0x000000008b300000, 0x000000008b400000|  0%| F|  |TAMS 0x000000008b300000, 0x000000008b300000| Untracked 
| 128|0x000000008b400000, 0x000000008b400000, 0x000000008b500000|  0%| F|  |TAMS 0x000000008b400000, 0x000000008b400000| Untracked 
| 129|0x000000008b500000, 0x000000008b500000, 0x000000008b600000|  0%| F|  |TAMS 0x000000008b500000, 0x000000008b500000| Untracked 
| 130|0x000000008b600000, 0x000000008b600000, 0x000000008b700000|  0%| F|  |TAMS 0x000000008b600000, 0x000000008b600000| Untracked 
| 131|0x000000008b700000, 0x000000008b700000, 0x000000008b800000|  0%| F|  |TAMS 0x000000008b700000, 0x000000008b700000| Untracked 
| 132|0x000000008b800000, 0x000000008b800000, 0x000000008b900000|  0%| F|  |TAMS 0x000000008b800000, 0x000000008b800000| Untracked 
| 133|0x000000008b900000, 0x000000008b900000, 0x000000008ba00000|  0%| F|  |TAMS 0x000000008b900000, 0x000000008b900000| Untracked 
| 134|0x000000008ba00000, 0x000000008ba00000, 0x000000008bb00000|  0%| F|  |TAMS 0x000000008ba00000, 0x000000008ba00000| Untracked 
| 135|0x000000008bb00000, 0x000000008bb00000, 0x000000008bc00000|  0%| F|  |TAMS 0x000000008bb00000, 0x000000008bb00000| Untracked 
| 136|0x000000008bc00000, 0x000000008bc00000, 0x000000008bd00000|  0%| F|  |TAMS 0x000000008bc00000, 0x000000008bc00000| Untracked 
| 137|0x000000008bd00000, 0x000000008bd00000, 0x000000008be00000|  0%| F|  |TAMS 0x000000008bd00000, 0x000000008bd00000| Untracked 
| 138|0x000000008be00000, 0x000000008be00000, 0x000000008bf00000|  0%| F|  |TAMS 0x000000008be00000, 0x000000008be00000| Untracked 
| 139|0x000000008bf00000, 0x000000008bf00000, 0x000000008c000000|  0%| F|  |TAMS 0x000000008bf00000, 0x000000008bf00000| Untracked 
| 140|0x000000008c000000, 0x000000008c000000, 0x000000008c100000|  0%| F|  |TAMS 0x000000008c000000, 0x000000008c000000| Untracked 
| 141|0x000000008c100000, 0x000000008c100000, 0x000000008c200000|  0%| F|  |TAMS 0x000000008c100000, 0x000000008c100000| Untracked 
| 142|0x000000008c200000, 0x000000008c200000, 0x000000008c300000|  0%| F|  |TAMS 0x000000008c200000, 0x000000008c200000| Untracked 
| 143|0x000000008c300000, 0x000000008c300000, 0x000000008c400000|  0%| F|  |TAMS 0x000000008c300000, 0x000000008c300000| Untracked 
| 144|0x000000008c400000, 0x000000008c400000, 0x000000008c500000|  0%| F|  |TAMS 0x000000008c400000, 0x000000008c400000| Untracked 
| 145|0x000000008c500000, 0x000000008c500000, 0x000000008c600000|  0%| F|  |TAMS 0x000000008c500000, 0x000000008c500000| Untracked 
| 146|0x000000008c600000, 0x000000008c600000, 0x000000008c700000|  0%| F|  |TAMS 0x000000008c600000, 0x000000008c600000| Untracked 
| 147|0x000000008c700000, 0x000000008c700000, 0x000000008c800000|  0%| F|  |TAMS 0x000000008c700000, 0x000000008c700000| Untracked 
| 148|0x000000008c800000, 0x000000008c800000, 0x000000008c900000|  0%| F|  |TAMS 0x000000008c800000, 0x000000008c800000| Untracked 
| 149|0x000000008c900000, 0x000000008c900000, 0x000000008ca00000|  0%| F|  |TAMS 0x000000008c900000, 0x000000008c900000| Untracked 
| 150|0x000000008ca00000, 0x000000008ca00000, 0x000000008cb00000|  0%| F|  |TAMS 0x000000008ca00000, 0x000000008ca00000| Untracked 
| 151|0x000000008cb00000, 0x000000008cb00000, 0x000000008cc00000|  0%| F|  |TAMS 0x000000008cb00000, 0x000000008cb00000| Untracked 
| 152|0x000000008cc00000, 0x000000008cc00000, 0x000000008cd00000|  0%| F|  |TAMS 0x000000008cc00000, 0x000000008cc00000| Untracked 
| 153|0x000000008cd00000, 0x000000008cdd6508, 0x000000008ce00000| 83%| E|  |TAMS 0x000000008cd00000, 0x000000008cd00000| Complete 

Card table byte_map: [0x000001fafb290000,0x000001fafb680000] _byte_map_base: 0x000001fafae76000

Marking Bits (Prev, Next): (CMBitMap*) 0x000001fadff4bb20, (CMBitMap*) 0x000001fadff4bae0
 Prev Bits: [0x000001fafd9a0000, 0x000001faff8d0000)
 Next Bits: [0x000001fafba70000, 0x000001fafd9a0000)

Polling page: 0x000001fadffe0000

Metaspace:

Usage:
  Non-class:     25.12 MB used.
      Class:      3.45 MB used.
       Both:     28.56 MB used.

Virtual space:
  Non-class space:       32.00 MB reserved,      25.31 MB ( 79%) committed,  4 nodes.
      Class space:        1.00 GB reserved,       3.63 MB ( <1%) committed,  1 nodes.
              Both:        1.03 GB reserved,      28.94 MB (  3%) committed. 

Chunk freelists:
   Non-Class:  2.55 MB
       Class:  432.00 KB
        Both:  2.97 MB

MaxMetaspaceSize: 17179869184.00 GB
CompressedClassSpaceSize: 1.00 GB
 - commit_granule_bytes: 65536.
 - commit_granule_words: 8192.
 - virtual_space_node_default_size: 1048576.
 - enlarge_chunks_in_place: 1.
 - new_chunks_are_fully_committed: 0.
 - uncommit_free_chunks: 1.
 - use_allocation_guard: 0.
 - handle_deallocations: 1.


Internal statistics:

num_allocs_failed_limit: 3.
num_arena_births: 376.
num_arena_deaths: 0.
num_vsnodes_births: 5.
num_vsnodes_deaths: 0.
num_space_committed: 463.
num_space_uncommitted: 0.
num_chunks_returned_to_freelist: 3.
num_chunks_taken_from_freelist: 1188.
num_chunk_merges: 3.
num_chunk_splits: 777.
num_chunks_enlarged: 542.
num_purges: 0.

CodeHeap 'non-profiled nmethods': size=120000Kb used=2378Kb max_used=2378Kb free=117621Kb
 bounds [0x000001faf2f10000, 0x000001faf3180000, 0x000001fafa440000]
CodeHeap 'profiled nmethods': size=120000Kb used=10738Kb max_used=10738Kb free=109261Kb
 bounds [0x000001faeb9e0000, 0x000001faec460000, 0x000001faf2f10000]
CodeHeap 'non-nmethods': size=5760Kb used=1554Kb max_used=1613Kb free=4205Kb
 bounds [0x000001faeb440000, 0x000001faeb6b0000, 0x000001faeb9e0000]
 total_blobs=6034 nmethods=5099 adapters=846
 compilation: enabled
              stopped_count=0, restarted_count=0
 full_count=0

Compilation events (20 events):
Event: 3.440 Thread 0x000001fa823ce6c0 nmethod 5108 0x000001faec457510 code [0x000001faec457700, 0x000001faec457968]
Event: 3.440 Thread 0x000001fa823ce6c0 5109       3       com.sun.prism.impl.ps.BaseShaderGraphics::setNodeBounds (19 bytes)
Event: 3.440 Thread 0x000001fa823ce6c0 nmethod 5109 0x000001faec457a90 code [0x000001faec457c40, 0x000001faec457e18]
Event: 3.440 Thread 0x000001fa823ce6c0 5110       3       com.sun.javafx.sg.prism.NGNode::getContentBounds (97 bytes)
Event: 3.441 Thread 0x000001fa823ce6c0 nmethod 5110 0x000001faec457e90 code [0x000001faec458140, 0x000001faec459068]
Event: 3.441 Thread 0x000001fa823ce6c0 5112       3       com.sun.marlin.MaskMarlinAlphaConsumer::setAndClearRelativeAlphas (263 bytes)
Event: 3.443 Thread 0x000001fa823cdcc0 5114       4       com.sun.prism.d3d.D3DContext::validate (45 bytes)
Event: 3.443 Thread 0x000001fa823cdcc0 nmethod 5114 0x000001faf3157010 code [0x000001faf3157180, 0x000001faf31571d8]
Event: 3.443 Thread 0x000001fa823ce6c0 nmethod 5112 0x000001faec459410 code [0x000001faec459680, 0x000001faec45a1d8]
Event: 3.443 Thread 0x000001fa823ce6c0 5113       3       com.sun.marlin.IntArrayCache::fill (21 bytes)
Event: 3.443 Thread 0x000001fa823ce6c0 nmethod 5113 0x000001faec45a890 code [0x000001faec45aa40, 0x000001faec45ab88]
Event: 3.443 Thread 0x000001fa823ce6c0 5111       3       com.sun.scenario.effect.impl.prism.ps.PPSDrawable::createGraphics (5 bytes)
Event: 3.443 Thread 0x000001fa823ce6c0 nmethod 5111 0x000001faec45ac90 code [0x000001faec45aea0, 0x000001faec45b7b8]
Event: 3.444 Thread 0x000001fa823ce6c0 5115       3       com.sun.scenario.effect.impl.prism.ps.PPSDrawable::isLost (25 bytes)
Event: 3.444 Thread 0x000001fa823cdcc0 5116   !   4       java.nio.DirectFloatBufferU::put (36 bytes)
Event: 3.444 Thread 0x000001fa823ce6c0 nmethod 5115 0x000001faec45ba90 code [0x000001faec45bc60, 0x000001faec45c068]
Event: 3.444 Thread 0x000001fa823cdcc0 nmethod 5116 0x000001faf3157310 code [0x000001faf31574a0, 0x000001faf31575b8]
Event: 3.449 Thread 0x000001fa8cdc5b40 nmethod 4942 0x000001faf3157710 code [0x000001faf3157de0, 0x000001faf315f9f8]
Event: 3.451 Thread 0x000001fa823ce6c0 5117       3       java.util.ArrayList::remove (76 bytes)
Event: 3.451 Thread 0x000001fa823ce6c0 nmethod 5117 0x000001faec45c190 code [0x000001faec45c380, 0x000001faec45c878]

GC Heap History (20 events):
Event: 1.272 GC heap before
{Heap before GC invocations=2 (full 0):
 garbage-first heap   total 129024K, used 36725K [0x0000000083400000, 0x0000000100000000)
  region size 1024K, 25 young (25600K), 3 survivors (3072K)
 Metaspace       used 20984K, committed 21248K, reserved 1073152K
  class space    used 2473K, committed 2624K, reserved 1048576K
}
Event: 1.277 GC heap after
{Heap after GC invocations=3 (full 0):
 garbage-first heap   total 129024K, used 25079K [0x0000000083400000, 0x0000000100000000)
  region size 1024K, 6 young (6144K), 6 survivors (6144K)
 Metaspace       used 20984K, committed 21248K, reserved 1073152K
  class space    used 2473K, committed 2624K, reserved 1048576K
}
Event: 2.653 GC heap before
{Heap before GC invocations=4 (full 0):
 garbage-first heap   total 89088K, used 49655K [0x0000000083400000, 0x0000000100000000)
  region size 1024K, 30 young (30720K), 6 survivors (6144K)
 Metaspace       used 26079K, committed 26368K, reserved 1073152K
  class space    used 3166K, committed 3328K, reserved 1048576K
}
Event: 2.666 GC heap after
{Heap after GC invocations=5 (full 1):
 garbage-first heap   total 89088K, used 27814K [0x0000000083400000, 0x0000000100000000)
  region size 1024K, 0 young (0K), 0 survivors (0K)
 Metaspace       used 26079K, committed 26368K, reserved 1073152K
  class space    used 3166K, committed 3328K, reserved 1048576K
}
Event: 2.666 GC heap before
{Heap before GC invocations=5 (full 1):
 garbage-first heap   total 89088K, used 27814K [0x0000000083400000, 0x0000000100000000)
  region size 1024K, 1 young (1024K), 0 survivors (0K)
 Metaspace       used 26079K, committed 26368K, reserved 1073152K
  class space    used 3166K, committed 3328K, reserved 1048576K
}
Event: 2.681 GC heap after
{Heap after GC invocations=6 (full 2):
 garbage-first heap   total 89088K, used 27812K [0x0000000083400000, 0x0000000100000000)
  region size 1024K, 0 young (0K), 0 survivors (0K)
 Metaspace       used 26079K, committed 26368K, reserved 1073152K
  class space    used 3166K, committed 3328K, reserved 1048576K
}
Event: 2.952 GC heap before
{Heap before GC invocations=6 (full 2):
 garbage-first heap   total 89088K, used 56484K [0x0000000083400000, 0x0000000100000000)
  region size 1024K, 19 young (19456K), 0 survivors (0K)
 Metaspace       used 27981K, committed 28288K, reserved 1081344K
  class space    used 3455K, committed 3584K, reserved 1048576K
}
Event: 2.955 GC heap after
{Heap after GC invocations=7 (full 2):
 garbage-first heap   total 89088K, used 36495K [0x0000000083400000, 0x0000000100000000)
  region size 1024K, 3 young (3072K), 3 survivors (3072K)
 Metaspace       used 27981K, committed 28288K, reserved 1081344K
  class space    used 3455K, committed 3584K, reserved 1048576K
}
Event: 3.093 GC heap before
{Heap before GC invocations=7 (full 2):
 garbage-first heap   total 89088K, used 61071K [0x0000000083400000, 0x0000000100000000)
  region size 1024K, 24 young (24576K), 3 survivors (3072K)
 Metaspace       used 28215K, committed 28544K, reserved 1081344K
  class space    used 3470K, committed 3648K, reserved 1048576K
}
Event: 3.096 GC heap after
{Heap after GC invocations=8 (full 2):
 garbage-first heap   total 89088K, used 41534K [0x0000000083400000, 0x0000000100000000)
  region size 1024K, 3 young (3072K), 3 survivors (3072K)
 Metaspace       used 28215K, committed 28544K, reserved 1081344K
  class space    used 3470K, committed 3648K, reserved 1048576K
}
Event: 3.098 GC heap before
{Heap before GC invocations=8 (full 2):
 garbage-first heap   total 89088K, used 41534K [0x0000000083400000, 0x0000000100000000)
  region size 1024K, 4 young (4096K), 3 survivors (3072K)
 Metaspace       used 28218K, committed 28544K, reserved 1081344K
  class space    used 3470K, committed 3648K, reserved 1048576K
}
Event: 3.117 GC heap after
{Heap after GC invocations=9 (full 3):
 garbage-first heap   total 89088K, used 40684K [0x0000000083400000, 0x0000000100000000)
  region size 1024K, 0 young (0K), 0 survivors (0K)
 Metaspace       used 28218K, committed 28544K, reserved 1081344K
  class space    used 3470K, committed 3648K, reserved 1048576K
}
Event: 3.118 GC heap before
{Heap before GC invocations=9 (full 3):
 garbage-first heap   total 89088K, used 40684K [0x0000000083400000, 0x0000000100000000)
  region size 1024K, 0 young (0K), 0 survivors (0K)
 Metaspace       used 28218K, committed 28544K, reserved 1081344K
  class space    used 3470K, committed 3648K, reserved 1048576K
}
Event: 3.138 GC heap after
{Heap after GC invocations=10 (full 4):
 garbage-first heap   total 89088K, used 40684K [0x0000000083400000, 0x0000000100000000)
  region size 1024K, 0 young (0K), 0 survivors (0K)
 Metaspace       used 28218K, committed 28544K, reserved 1081344K
  class space    used 3470K, committed 3648K, reserved 1048576K
}
Event: 3.247 GC heap before
{Heap before GC invocations=10 (full 4):
 garbage-first heap   total 89088K, used 47852K [0x0000000083400000, 0x0000000100000000)
  region size 1024K, 8 young (8192K), 0 survivors (0K)
 Metaspace       used 29026K, committed 29312K, reserved 1081344K
  class space    used 3519K, committed 3648K, reserved 1048576K
}
Event: 3.250 GC heap after
{Heap after GC invocations=11 (full 4):
 garbage-first heap   total 267264K, used 43366K [0x0000000083400000, 0x0000000100000000)
  region size 1024K, 3 young (3072K), 3 survivors (3072K)
 Metaspace       used 29026K, committed 29312K, reserved 1081344K
  class space    used 3519K, committed 3648K, reserved 1048576K
}
Event: 3.384 GC heap before
{Heap before GC invocations=11 (full 4):
 garbage-first heap   total 267264K, used 50534K [0x0000000083400000, 0x0000000100000000)
  region size 1024K, 9 young (9216K), 3 survivors (3072K)
 Metaspace       used 29225K, committed 29568K, reserved 1081344K
  class space    used 3530K, committed 3712K, reserved 1048576K
}
Event: 3.404 GC heap after
{Heap after GC invocations=12 (full 5):
 garbage-first heap   total 157696K, used 44905K [0x0000000083400000, 0x0000000100000000)
  region size 1024K, 0 young (0K), 0 survivors (0K)
 Metaspace       used 29225K, committed 29568K, reserved 1081344K
  class space    used 3530K, committed 3712K, reserved 1048576K
}
Event: 3.405 GC heap before
{Heap before GC invocations=12 (full 5):
 garbage-first heap   total 157696K, used 44905K [0x0000000083400000, 0x0000000100000000)
  region size 1024K, 0 young (0K), 0 survivors (0K)
 Metaspace       used 29225K, committed 29568K, reserved 1081344K
  class space    used 3530K, committed 3712K, reserved 1048576K
}
Event: 3.422 GC heap after
{Heap after GC invocations=13 (full 6):
 garbage-first heap   total 157696K, used 44905K [0x0000000083400000, 0x0000000100000000)
  region size 1024K, 0 young (0K), 0 survivors (0K)
 Metaspace       used 29225K, committed 29568K, reserved 1081344K
  class space    used 3530K, committed 3712K, reserved 1048576K
}

Deoptimization events (20 events):
Event: 3.307 Thread 0x000001fa83352860 DEOPT PACKING pc=0x000001faec3e3a81 sp=0x000000c0cc5fb340
Event: 3.307 Thread 0x000001fa83352860 DEOPT UNPACKING pc=0x000001faeb48dece sp=0x000000c0cc5fa7a0 mode 0
Event: 3.307 Thread 0x000001fa83352860 DEOPT PACKING pc=0x000001faec3e3a81 sp=0x000000c0cc5fb340
Event: 3.307 Thread 0x000001fa83352860 DEOPT UNPACKING pc=0x000001faeb48dece sp=0x000000c0cc5fa7a0 mode 0
Event: 3.307 Thread 0x000001fa83352860 DEOPT PACKING pc=0x000001faec3e3a81 sp=0x000000c0cc5fb340
Event: 3.307 Thread 0x000001fa83352860 DEOPT UNPACKING pc=0x000001faeb48dece sp=0x000000c0cc5fa7a0 mode 0
Event: 3.307 Thread 0x000001fa83352860 DEOPT PACKING pc=0x000001faec3e3a81 sp=0x000000c0cc5fb340
Event: 3.307 Thread 0x000001fa83352860 DEOPT UNPACKING pc=0x000001faeb48dece sp=0x000000c0cc5fa7a0 mode 0
Event: 3.307 Thread 0x000001fa83352860 DEOPT PACKING pc=0x000001faec3e3a81 sp=0x000000c0cc5fb340
Event: 3.307 Thread 0x000001fa83352860 DEOPT UNPACKING pc=0x000001faeb48dece sp=0x000000c0cc5fa7a0 mode 0
Event: 3.315 Thread 0x000001fa83352860 Uncommon trap: trap_request=0xffffff45 fr.pc=0x000001faf314dccc relative=0x000000000000070c
Event: 3.315 Thread 0x000001fa83352860 Uncommon trap: reason=unstable_if action=reinterpret pc=0x000001faf314dccc method=com.sun.marlin.MaskMarlinAlphaConsumer.setAndClearRelativeAlphas([I[IIII)V @ 418 c2
Event: 3.315 Thread 0x000001fa83352860 DEOPT PACKING pc=0x000001faf314dccc sp=0x000000c0cc5fb5f0
Event: 3.315 Thread 0x000001fa83352860 DEOPT UNPACKING pc=0x000001faeb48d72e sp=0x000000c0cc5fb4f0 mode 2
Event: 3.351 Thread 0x000001fa83352860 DEOPT PACKING pc=0x000001faec3d8ac2 sp=0x000000c0cc5fb730
Event: 3.351 Thread 0x000001fa83352860 DEOPT UNPACKING pc=0x000001faeb48dece sp=0x000000c0cc5fabe0 mode 0
Event: 3.360 Thread 0x000001fa83352860 DEOPT PACKING pc=0x000001faec3d8ac2 sp=0x000000c0cc5fb030
Event: 3.360 Thread 0x000001fa83352860 DEOPT UNPACKING pc=0x000001faeb48dece sp=0x000000c0cc5fa4e0 mode 0
Event: 3.441 Thread 0x000001fa83352860 DEOPT PACKING pc=0x000001faec3dde0b sp=0x000000c0cc5fb2b0
Event: 3.441 Thread 0x000001fa83352860 DEOPT UNPACKING pc=0x000001faeb48dece sp=0x000000c0cc5fa678 mode 0

Classes unloaded (0 events):
No events

Classes redefined (0 events):
No events

Internal exceptions (20 events):
Event: 2.652 Thread 0x000001fa83579010 Exception <a 'java/lang/NoSuchMethodError'{0x0000000086d87de8}: 'java.lang.Object java.lang.invoke.DirectMethodHandle$Holder.invokeSpecial(java.lang.Object, java.lang.Object, java.lang.Object, java.lang.Object, java.lang.Object, java.lang.Object, java.lang.Object, java.lang.Object, java.lang.Object)'> (0x0000000086d87de8) 
thrown [c:\ws\workspace\jdk-16.0.2\label\windows-x86_64\type\b11\build\src\hotspot\share\interpreter\linkResolver.cpp, line 790]
Event: 2.652 Thread 0x000001fa83579010 Exception <a 'java/lang/NoSuchMethodError'{0x0000000086d93508}: 'java.lang.Object java.lang.invoke.DirectMethodHandle$Holder.newInvokeSpecial(java.lang.Object, java.lang.Object, java.lang.Object, java.lang.Object, java.lang.Object, java.lang.Object, java.lang.Object, java.lang.Object)'> (0x0000000086d93508) 
thrown [c:\ws\workspace\jdk-16.0.2\label\windows-x86_64\type\b11\build\src\hotspot\share\interpreter\linkResolver.cpp, line 790]
Event: 2.652 Thread 0x000001fa83579010 Exception <a 'java/lang/NoSuchMethodError'{0x0000000086d986b0}: 'java.lang.Object java.lang.invoke.Invokers$Holder.linkToTargetMethod(java.lang.Object, java.lang.Object, java.lang.Object, java.lang.Object, java.lang.Object, java.lang.Object, java.lang.Object, java.lang.Object)'> (0x0000000086d986b0) 
thrown [c:\ws\workspace\jdk-16.0.2\label\windows-x86_64\type\b11\build\src\hotspot\share\interpreter\linkResolver.cpp, line 790]
Event: 2.784 Thread 0x000001fa83579010 Exception <a 'java/lang/NoSuchMethodError'{0x0000000089646108}: 'java.lang.Object java.lang.invoke.DirectMethodHandle$Holder.newInvokeSpecial(java.lang.Object, java.lang.Object, java.lang.Object, int)'> (0x0000000089646108) 
thrown [c:\ws\workspace\jdk-16.0.2\label\windows-x86_64\type\b11\build\src\hotspot\share\interpreter\linkResolver.cpp, line 790]
Event: 2.784 Thread 0x000001fa83579010 Exception <a 'java/lang/NoSuchMethodError'{0x000000008964a8a8}: 'java.lang.Object java.lang.invoke.DirectMethodHandle$Holder.invokeSpecial(java.lang.Object, java.lang.Object, java.lang.Object, java.lang.Object, int)'> (0x000000008964a8a8) 
thrown [c:\ws\workspace\jdk-16.0.2\label\windows-x86_64\type\b11\build\src\hotspot\share\interpreter\linkResolver.cpp, line 790]
Event: 2.784 Thread 0x000001fa83579010 Exception <a 'java/lang/NoSuchMethodError'{0x000000008964ec88}: 'java.lang.Object java.lang.invoke.Invokers$Holder.linkToTargetMethod(java.lang.Object, java.lang.Object, int, java.lang.Object)'> (0x000000008964ec88) 
thrown [c:\ws\workspace\jdk-16.0.2\label\windows-x86_64\type\b11\build\src\hotspot\share\interpreter\linkResolver.cpp, line 790]
Event: 2.786 Thread 0x000001fa83579010 Exception <a 'java/lang/NoSuchMethodError'{0x0000000089657a70}: 'java.lang.Object java.lang.invoke.DirectMethodHandle$Holder.invokeStaticInit(java.lang.Object, java.lang.Object, java.lang.Object)'> (0x0000000089657a70) 
thrown [c:\ws\workspace\jdk-16.0.2\label\windows-x86_64\type\b11\build\src\hotspot\share\interpreter\linkResolver.cpp, line 790]
Event: 2.797 Thread 0x000001fa83579010 Exception <a 'java/lang/ClassNotFoundException'{0x000000008951f770}: com/sun/javafx/scene/control/skin/resources/controls> (0x000000008951f770) 
thrown [c:\ws\workspace\jdk-16.0.2\label\windows-x86_64\type\b11\build\src\hotspot\share\prims\jni.cpp, line 600]
Event: 2.798 Thread 0x000001fa83579010 Exception <a 'java/lang/ClassNotFoundException'{0x000000008952d410}: com/sun/javafx/scene/control/skin/resources/controls_en> (0x000000008952d410) 
thrown [c:\ws\workspace\jdk-16.0.2\label\windows-x86_64\type\b11\build\src\hotspot\share\prims\jni.cpp, line 600]
Event: 2.798 Thread 0x000001fa83579010 Exception <a 'java/lang/ClassNotFoundException'{0x000000008952e778}: com/sun/javafx/scene/control/skin/resources/controls_en_US> (0x000000008952e778) 
thrown [c:\ws\workspace\jdk-16.0.2\label\windows-x86_64\type\b11\build\src\hotspot\share\prims\jni.cpp, line 600]
Event: 2.803 Thread 0x000001fa83579010 Exception <a 'java/io/FileNotFoundException'{0x000000008947ce68}> (0x000000008947ce68) 
thrown [c:\ws\workspace\jdk-16.0.2\label\windows-x86_64\type\b11\build\src\hotspot\share\prims\jni.cpp, line 579]
Event: 2.821 Thread 0x000001fa837c7fe0 Implicit null exception at 0x000001faf2f600ac to 0x000001faf2f6026d
Event: 2.821 Thread 0x000001fa837c8a80 Implicit null exception at 0x000001faf2f600ac to 0x000001faf2f6026d
Event: 2.834 Thread 0x000001fa837c8a80 Exception <a 'java/lang/NoSuchMethodError'{0x0000000087f15ee8}: 'java.lang.Object java.lang.invoke.DirectMethodHandle$Holder.newInvokeSpecial(java.lang.Object, java.lang.Object, int, int)'> (0x0000000087f15ee8) 
thrown [c:\ws\workspace\jdk-16.0.2\label\windows-x86_64\type\b11\build\src\hotspot\share\interpreter\linkResolver.cpp, line 790]
Event: 2.904 Thread 0x000001fa83579010 Exception <a 'java/lang/NoSuchMethodError'{0x0000000087ac7b20}: 'void java.lang.invoke.DirectMethodHandle$Holder.invokeSpecial(java.lang.Object, java.lang.Object, java.lang.Object, java.lang.Object, java.lang.Object, java.lang.Object)'> (0x0000000087ac7b20) 
thrown [c:\ws\workspace\jdk-16.0.2\label\windows-x86_64\type\b11\build\src\hotspot\share\interpreter\linkResolver.cpp, line 790]
Event: 2.933 Thread 0x000001fa83579010 Implicit null exception at 0x000001faf30dba48 to 0x000001faf30dc4ec
Event: 2.934 Thread 0x000001fa83579010 Implicit null exception at 0x000001faf30dba48 to 0x000001faf30dc4ec
Event: 2.934 Thread 0x000001fa83579010 Implicit null exception at 0x000001faf30dba48 to 0x000001faf30dc4ec
Event: 2.934 Thread 0x000001fa83579010 Implicit null exception at 0x000001faf30dba48 to 0x000001faf30dc4ec
Event: 3.162 Thread 0x000001fa83579010 Exception <a 'java/io/FileNotFoundException'{0x00000000899cbd48}> (0x00000000899cbd48) 
thrown [c:\ws\workspace\jdk-16.0.2\label\windows-x86_64\type\b11\build\src\hotspot\share\prims\jni.cpp, line 579]

Events (20 events):
Event: 3.234 Executing  VM operation: HandshakeAllThreads done
Event: 3.235 loading class jdk/internal/ref/CleanerImpl$InnocuousThreadFactory
Event: 3.235 loading class jdk/internal/ref/CleanerImpl$InnocuousThreadFactory done
Event: 3.235 loading class jdk/internal/ref/CleanerImpl$InnocuousThreadFactory$1
Event: 3.236 loading class jdk/internal/ref/CleanerImpl$InnocuousThreadFactory$1 done
Event: 3.236 loading class jdk/internal/misc/InnocuousThread$1
Event: 3.236 loading class jdk/internal/misc/InnocuousThread$1 done
Event: 3.236 Thread 0x000001fa837c9520 Thread added: 0x000001fa837c9520
Event: 3.239 loading class sun/misc/Unsafe
Event: 3.239 loading class sun/misc/Unsafe done
Event: 3.239 loading class jdk/internal/reflect/UnsafeQualifiedStaticObjectFieldAccessorImpl
Event: 3.239 loading class jdk/internal/reflect/UnsafeQualifiedStaticFieldAccessorImpl
Event: 3.239 loading class jdk/internal/reflect/UnsafeQualifiedStaticFieldAccessorImpl done
Event: 3.239 loading class jdk/internal/reflect/UnsafeQualifiedStaticObjectFieldAccessorImpl done
Event: 3.247 Executing  VM operation: G1TryInitiateConcMark
Event: 3.250 Executing  VM operation: G1TryInitiateConcMark done
Event: 3.383 Executing  VM operation: G1CollectFull
Event: 3.405 Executing  VM operation: G1CollectFull done
Event: 3.405 Executing  VM operation: G1CollectFull
Event: 3.422 Executing  VM operation: G1CollectFull done


Dynamic libraries:
0x00007ff77dc80000 - 0x00007ff77dc8d000 	C:\Program Files\BellSoft\LibericaJDK-16-Full\bin\java.exe
0x00007ffd775f0000 - 0x00007ffd777dd000 	C:\Windows\SYSTEM32\ntdll.dll
0x00007ffd77100000 - 0x00007ffd771b3000 	C:\Windows\System32\KERNEL32.DLL
0x00007ffd742c0000 - 0x00007ffd74555000 	C:\Windows\System32\KERNELBASE.dll
0x00007ffd73840000 - 0x00007ffd7393a000 	C:\Windows\System32\ucrtbase.dll
0x00007ffd51630000 - 0x00007ffd51648000 	C:\Program Files\BellSoft\LibericaJDK-16-Full\bin\jli.dll
0x00007ffd51550000 - 0x00007ffd51565000 	C:\Program Files\BellSoft\LibericaJDK-16-Full\bin\VCRUNTIME140.dll
0x00007ffd76ab0000 - 0x00007ffd76c48000 	C:\Windows\System32\USER32.dll
0x00007ffd5f380000 - 0x00007ffd5f5f9000 	C:\Windows\WinSxS\amd64_microsoft.windows.common-controls_6595b64144ccf1df_6.0.17763.2028_none_de6f2eb4534d3a50\COMCTL32.dll
0x00007ffd745f0000 - 0x00007ffd74610000 	C:\Windows\System32\win32u.dll
0x00007ffd74d30000 - 0x00007ffd74dce000 	C:\Windows\System32\msvcrt.dll
0x00007ffd76670000 - 0x00007ffd76699000 	C:\Windows\System32\GDI32.dll
0x00007ffd76720000 - 0x00007ffd76a4d000 	C:\Windows\System32\combase.dll
0x00007ffd73940000 - 0x00007ffd73adc000 	C:\Windows\System32\gdi32full.dll
0x00007ffd74dd0000 - 0x00007ffd74eef000 	C:\Windows\System32\RPCRT4.dll
0x00007ffd736a0000 - 0x00007ffd73740000 	C:\Windows\System32\msvcp_win.dll
0x00007ffd74560000 - 0x00007ffd745e2000 	C:\Windows\System32\bcryptPrimitives.dll
0x00007ffd74fc0000 - 0x00007ffd74fee000 	C:\Windows\System32\IMM32.DLL
0x00007ffd40fe0000 - 0x00007ffd4107b000 	C:\Program Files\BellSoft\LibericaJDK-16-Full\bin\msvcp140.dll
0x00007ffd18f30000 - 0x00007ffd19b38000 	C:\Program Files\BellSoft\LibericaJDK-16-Full\bin\server\jvm.dll
0x00007ffd76550000 - 0x00007ffd765f4000 	C:\Windows\System32\ADVAPI32.dll
0x00007ffd76cb0000 - 0x00007ffd76d4e000 	C:\Windows\System32\sechost.dll
0x00007ffd74d20000 - 0x00007ffd74d28000 	C:\Windows\System32\PSAPI.DLL
0x00007ffd53500000 - 0x00007ffd53509000 	C:\Windows\SYSTEM32\WSOCK32.dll
0x00007ffd647e0000 - 0x00007ffd647ea000 	C:\Windows\SYSTEM32\VERSION.dll
0x00007ffd6bba0000 - 0x00007ffd6bbc4000 	C:\Windows\SYSTEM32\WINMM.dll
0x00007ffd76600000 - 0x00007ffd7666d000 	C:\Windows\System32\WS2_32.dll
0x00007ffd6bb70000 - 0x00007ffd6bb9d000 	C:\Windows\SYSTEM32\winmmbase.dll
0x00007ffd73740000 - 0x00007ffd7378a000 	C:\Windows\System32\cfgmgr32.dll
0x00007ffd735d0000 - 0x00007ffd735e1000 	C:\Windows\System32\kernel.appcore.dll
0x00007ffd5b3b0000 - 0x00007ffd5b3ba000 	C:\Program Files\BellSoft\LibericaJDK-16-Full\bin\jimage.dll
0x00007ffd71760000 - 0x00007ffd7194d000 	C:\Windows\SYSTEM32\DBGHELP.DLL
0x00007ffd5fb20000 - 0x00007ffd5fb4a000 	C:\Windows\SYSTEM32\dbgcore.DLL
0x00007ffd5aa00000 - 0x00007ffd5aa0e000 	C:\Program Files\BellSoft\LibericaJDK-16-Full\bin\instrument.dll
0x00007ffd4a570000 - 0x00007ffd4a595000 	C:\Program Files\BellSoft\LibericaJDK-16-Full\bin\java.dll
0x00007ffd75050000 - 0x00007ffd76549000 	C:\Windows\System32\SHELL32.dll
0x00007ffd74ef0000 - 0x00007ffd74f98000 	C:\Windows\System32\shcore.dll
0x00007ffd73b10000 - 0x00007ffd7425b000 	C:\Windows\System32\windows.storage.dll
0x00007ffd73650000 - 0x00007ffd73674000 	C:\Windows\System32\profapi.dll
0x00007ffd735f0000 - 0x00007ffd7364d000 	C:\Windows\System32\powrprof.dll
0x00007ffd74ff0000 - 0x00007ffd75042000 	C:\Windows\System32\shlwapi.dll
0x00007ffd74800000 - 0x00007ffd74817000 	C:\Windows\System32\cryptsp.dll
0x00007ffd4b200000 - 0x00007ffd4b218000 	C:\Program Files\BellSoft\LibericaJDK-16-Full\bin\zip.dll
0x00007ffd49d20000 - 0x00007ffd49d39000 	C:\Program Files\BellSoft\LibericaJDK-16-Full\bin\net.dll
0x00007ffd6bfc0000 - 0x00007ffd6c0b1000 	C:\Windows\SYSTEM32\WINHTTP.dll
0x00007ffd72e10000 - 0x00007ffd72e77000 	C:\Windows\system32\mswsock.dll
0x00007ffd49240000 - 0x00007ffd49253000 	C:\Program Files\BellSoft\LibericaJDK-16-Full\bin\nio.dll
0x00007ffd45710000 - 0x00007ffd4572a000 	C:\Program Files\JetBrains\IntelliJ IDEA Community Edition 2021.1.3\bin\breakgen64.dll
0x000001fa82540000 - 0x000001fa82543000 	C:\Program Files\BellSoft\LibericaJDK-16-Full\bin\api-ms-win-core-console-l1-1-0.dll
0x000001fa82550000 - 0x000001fa82553000 	C:\Program Files\BellSoft\LibericaJDK-16-Full\bin\api-ms-win-core-console-l1-2-0.dll
0x000001fa82560000 - 0x000001fa82563000 	C:\Program Files\BellSoft\LibericaJDK-16-Full\bin\api-ms-win-core-datetime-l1-1-0.dll
0x000001fa82570000 - 0x000001fa82573000 	C:\Program Files\BellSoft\LibericaJDK-16-Full\bin\api-ms-win-core-debug-l1-1-0.dll
0x000001fa82580000 - 0x000001fa82583000 	C:\Program Files\BellSoft\LibericaJDK-16-Full\bin\api-ms-win-core-errorhandling-l1-1-0.dll
0x000001fa82590000 - 0x000001fa82594000 	C:\Program Files\BellSoft\LibericaJDK-16-Full\bin\api-ms-win-core-file-l1-1-0.dll
0x000001fa825a0000 - 0x000001fa825a3000 	C:\Program Files\BellSoft\LibericaJDK-16-Full\bin\api-ms-win-core-file-l1-2-0.dll
0x000001fa825b0000 - 0x000001fa825b3000 	C:\Program Files\BellSoft\LibericaJDK-16-Full\bin\api-ms-win-core-file-l2-1-0.dll
0x000001fa825c0000 - 0x000001fa825c3000 	C:\Program Files\BellSoft\LibericaJDK-16-Full\bin\api-ms-win-core-handle-l1-1-0.dll
0x000001fa825d0000 - 0x000001fa825d3000 	C:\Program Files\BellSoft\LibericaJDK-16-Full\bin\api-ms-win-core-heap-l1-1-0.dll
0x000001fa825e0000 - 0x000001fa825e3000 	C:\Program Files\BellSoft\LibericaJDK-16-Full\bin\api-ms-win-core-interlocked-l1-1-0.dll
0x000001fa825f0000 - 0x000001fa825f3000 	C:\Program Files\BellSoft\LibericaJDK-16-Full\bin\api-ms-win-core-libraryloader-l1-1-0.dll
0x000001fa82600000 - 0x000001fa82603000 	C:\Program Files\BellSoft\LibericaJDK-16-Full\bin\api-ms-win-core-localization-l1-2-0.dll
0x000001fa82610000 - 0x000001fa82613000 	C:\Program Files\BellSoft\LibericaJDK-16-Full\bin\api-ms-win-core-memory-l1-1-0.dll
0x000001fa82620000 - 0x000001fa82623000 	C:\Program Files\BellSoft\LibericaJDK-16-Full\bin\api-ms-win-core-namedpipe-l1-1-0.dll
0x000001fa82630000 - 0x000001fa82633000 	C:\Program Files\BellSoft\LibericaJDK-16-Full\bin\api-ms-win-core-processenvironment-l1-1-0.dll
0x000001fa82640000 - 0x000001fa82643000 	C:\Program Files\BellSoft\LibericaJDK-16-Full\bin\api-ms-win-core-processthreads-l1-1-0.dll
0x000001fa82650000 - 0x000001fa82653000 	C:\Program Files\BellSoft\LibericaJDK-16-Full\bin\api-ms-win-core-processthreads-l1-1-1.dll
0x000001fa82660000 - 0x000001fa82663000 	C:\Program Files\BellSoft\LibericaJDK-16-Full\bin\api-ms-win-core-profile-l1-1-0.dll
0x000001fa82670000 - 0x000001fa82673000 	C:\Program Files\BellSoft\LibericaJDK-16-Full\bin\api-ms-win-core-rtlsupport-l1-1-0.dll
0x000001fa82680000 - 0x000001fa82683000 	C:\Program Files\BellSoft\LibericaJDK-16-Full\bin\api-ms-win-core-string-l1-1-0.dll
0x000001fa82690000 - 0x000001fa82693000 	C:\Program Files\BellSoft\LibericaJDK-16-Full\bin\api-ms-win-core-synch-l1-1-0.dll
0x000001fa826a0000 - 0x000001fa826a3000 	C:\Program Files\BellSoft\LibericaJDK-16-Full\bin\api-ms-win-core-synch-l1-2-0.dll
0x000001fa826b0000 - 0x000001fa826b3000 	C:\Program Files\BellSoft\LibericaJDK-16-Full\bin\api-ms-win-core-sysinfo-l1-1-0.dll
0x000001fa826c0000 - 0x000001fa826c3000 	C:\Program Files\BellSoft\LibericaJDK-16-Full\bin\api-ms-win-core-timezone-l1-1-0.dll
0x000001fa826d0000 - 0x000001fa826d3000 	C:\Program Files\BellSoft\LibericaJDK-16-Full\bin\api-ms-win-core-util-l1-1-0.dll
0x000001fa826e0000 - 0x000001fa826e3000 	C:\Program Files\BellSoft\LibericaJDK-16-Full\bin\api-ms-win-crt-conio-l1-1-0.dll
0x000001fa826f0000 - 0x000001fa826f4000 	C:\Program Files\BellSoft\LibericaJDK-16-Full\bin\api-ms-win-crt-convert-l1-1-0.dll
0x000001fa82700000 - 0x000001fa82703000 	C:\Program Files\BellSoft\LibericaJDK-16-Full\bin\api-ms-win-crt-environment-l1-1-0.dll
0x000001fa82710000 - 0x000001fa82713000 	C:\Program Files\BellSoft\LibericaJDK-16-Full\bin\api-ms-win-crt-filesystem-l1-1-0.dll
0x000001fa82720000 - 0x000001fa82723000 	C:\Program Files\BellSoft\LibericaJDK-16-Full\bin\api-ms-win-crt-heap-l1-1-0.dll
0x000001fa82730000 - 0x000001fa82733000 	C:\Program Files\BellSoft\LibericaJDK-16-Full\bin\api-ms-win-crt-locale-l1-1-0.dll
0x000001fa82740000 - 0x000001fa82745000 	C:\Program Files\BellSoft\LibericaJDK-16-Full\bin\api-ms-win-crt-math-l1-1-0.dll
0x000001fa82750000 - 0x000001fa82755000 	C:\Program Files\BellSoft\LibericaJDK-16-Full\bin\api-ms-win-crt-multibyte-l1-1-0.dll
0x000001fa82760000 - 0x000001fa82770000 	C:\Program Files\BellSoft\LibericaJDK-16-Full\bin\api-ms-win-crt-private-l1-1-0.dll
0x000001fa82770000 - 0x000001fa82773000 	C:\Program Files\BellSoft\LibericaJDK-16-Full\bin\api-ms-win-crt-process-l1-1-0.dll
0x000001fa82780000 - 0x000001fa82784000 	C:\Program Files\BellSoft\LibericaJDK-16-Full\bin\api-ms-win-crt-runtime-l1-1-0.dll
0x000001fa82790000 - 0x000001fa82794000 	C:\Program Files\BellSoft\LibericaJDK-16-Full\bin\api-ms-win-crt-stdio-l1-1-0.dll
0x000001fa827a0000 - 0x000001fa827a4000 	C:\Program Files\BellSoft\LibericaJDK-16-Full\bin\api-ms-win-crt-string-l1-1-0.dll
0x000001fa827b0000 - 0x000001fa827b3000 	C:\Program Files\BellSoft\LibericaJDK-16-Full\bin\api-ms-win-crt-time-l1-1-0.dll
0x000001fa827c0000 - 0x000001fa827c3000 	C:\Program Files\BellSoft\LibericaJDK-16-Full\bin\api-ms-win-crt-utility-l1-1-0.dll
0x00007ffd39620000 - 0x00007ffd3971c000 	C:\Program Files\BellSoft\LibericaJDK-16-Full\bin\ucrtbase.dll
0x00007ffd559d0000 - 0x00007ffd559dc000 	C:\Windows\System32\vcruntime140_1.dll
0x00007ffd44ad0000 - 0x00007ffd44af7000 	C:\Program Files\BellSoft\LibericaJDK-16-Full\bin\prism_d3d.dll
0x00007ffd61e60000 - 0x00007ffd61ffe000 	C:\Windows\system32\d3d9.dll
0x00007ffd71c20000 - 0x00007ffd71c4e000 	C:\Windows\SYSTEM32\dwmapi.dll
0x00007ffd74610000 - 0x00007ffd747f3000 	C:\Windows\System32\CRYPT32.dll
0x00007ffd73680000 - 0x00007ffd73692000 	C:\Windows\System32\MSASN1.dll
0x00007ffd6e420000 - 0x00007ffd6e4bc000 	C:\Windows\system32\uxtheme.dll
0x00007ffd2fd90000 - 0x00007ffd2fef4000 	C:\Windows\System32\DriverStore\FileRepository\iigd_dch.inf_amd64_2ce3ffa204f4b311\igdumdim64.dll
0x00007ffd14f50000 - 0x00007ffd18f2a000 	C:\Windows\System32\DriverStore\FileRepository\iigd_dch.inf_amd64_2ce3ffa204f4b311\igd9dxva64.dll
0x00007ffd771c0000 - 0x00007ffd77316000 	C:\Windows\System32\ole32.dll
0x00007ffd76d50000 - 0x00007ffd76e14000 	C:\Windows\System32\OLEAUT32.dll
0x00007ffd67b00000 - 0x00007ffd67ca4000 	C:\Windows\System32\DriverStore\FileRepository\iigd_dch.inf_amd64_2ce3ffa204f4b311\igdgmm64.dll
0x00007ffd41280000 - 0x00007ffd412c5000 	C:\Program Files\BellSoft\LibericaJDK-16-Full\bin\glass.dll
0x00007ffd77490000 - 0x00007ffd775b7000 	C:\Windows\System32\COMDLG32.dll
0x00007ffd77320000 - 0x00007ffd7748b000 	C:\Windows\System32\MSCTF.dll
0x00007ffd62900000 - 0x00007ffd62926000 	C:\Windows\System32\DriverStore\FileRepository\iigd_dch.inf_amd64_2ce3ffa204f4b311\igdinfo64.dll
0x00007ffd65660000 - 0x00007ffd67afb000 	C:\Windows\System32\DriverStore\FileRepository\iigd_dch.inf_amd64_2ce3ffa204f4b311\igc64.dll
0x00007ffd729a0000 - 0x00007ffd729d3000 	C:\Windows\system32\rsaenh.dll
0x00007ffd73ae0000 - 0x00007ffd73b06000 	C:\Windows\System32\bcrypt.dll
0x00007ffd734d0000 - 0x00007ffd734f9000 	C:\Windows\SYSTEM32\USERENV.dll
0x00007ffd72fe0000 - 0x00007ffd72fec000 	C:\Windows\SYSTEM32\CRYPTBASE.dll
0x00007ffd72b30000 - 0x00007ffd72b6d000 	C:\Windows\SYSTEM32\IPHLPAPI.DLL
0x00007ffd770f0000 - 0x00007ffd770f8000 	C:\Windows\System32\NSI.dll
0x00007ffd65180000 - 0x00007ffd65196000 	C:\Windows\SYSTEM32\dhcpcsvc6.DLL
0x00007ffd64ed0000 - 0x00007ffd64eec000 	C:\Windows\SYSTEM32\dhcpcsvc.DLL
0x00007ffd72b70000 - 0x00007ffd72c36000 	C:\Windows\SYSTEM32\DNSAPI.dll
0x00007ffd56cc0000 - 0x00007ffd56cce000 	C:\Program Files\BellSoft\LibericaJDK-16-Full\bin\sunmscapi.dll
0x00007ffd73100000 - 0x00007ffd73126000 	C:\Windows\SYSTEM32\ncrypt.dll
0x00007ffd730c0000 - 0x00007ffd730fc000 	C:\Windows\SYSTEM32\NTASN1.dll
0x000000005dda0000 - 0x000000005ddc6000 	C:\Program Files\Bonjour\mdnsNSP.dll
0x00007ffd64b60000 - 0x00007ffd64b6a000 	C:\Windows\System32\rasadhlp.dll
0x00007ffd64f10000 - 0x00007ffd64f89000 	C:\Windows\System32\fwpuclnt.dll
0x00007ffd44ab0000 - 0x00007ffd44ac4000 	C:\Program Files\BellSoft\LibericaJDK-16-Full\bin\javafx_font.dll
0x00007ffd60770000 - 0x00007ffd60a6c000 	C:\Windows\SYSTEM32\dwrite.dll
0x00007ffd77040000 - 0x00007ffd770e2000 	C:\Windows\System32\clbcatq.dll
0x00007ffd69930000 - 0x00007ffd69ae8000 	C:\Windows\SYSTEM32\WindowsCodecs.dll
0x00007ffd5b3c0000 - 0x00007ffd5b417000 	C:\Windows\system32\dataexchange.dll
0x00007ffd6dbf0000 - 0x00007ffd6ddb3000 	C:\Windows\system32\dcomp.dll

dbghelp: loaded successfully - version: 4.0.5 - missing functions: none
symbol engine: initialized successfully - sym options: 0x614 - pdb path: .;C:\Program Files\BellSoft\LibericaJDK-16-Full\bin;C:\Windows\SYSTEM32;C:\Windows\WinSxS\amd64_microsoft.windows.common-controls_6595b64144ccf1df_6.0.17763.2028_none_de6f2eb4534d3a50;C:\Program Files\BellSoft\LibericaJDK-16-Full\bin\server;C:\Program Files\JetBrains\IntelliJ IDEA Community Edition 2021.1.3\bin;C:\Windows\System32\DriverStore\FileRepository\iigd_dch.inf_amd64_2ce3ffa204f4b311;C:\Program Files\Bonjour;C:\Program Files\Common Files\Microsoft Shared\Ink

VM Arguments:
jvm_args: -javaagent:C:\Program Files\JetBrains\IntelliJ IDEA Community Edition 2021.1.3\lib\idea_rt.jar=60953:C:\Program Files\JetBrains\IntelliJ IDEA Community Edition 2021.1.3\bin -Dfile.encoding=UTF-8 
java_command: sample.Main
java_class_path (initial): C:\Users\Administrator\Documents\NRA\out\production\assignment;C:\Users\Administrator\.m2\repository\org\openjfx\javafx-fxml\11\javafx-fxml-11.jar;C:\Users\Administrator\.m2\repository\org\openjfx\javafx-fxml\11\javafx-fxml-11-win.jar;C:\Users\Administrator\.m2\repository\org\openjfx\javafx-controls\11\javafx-controls-11.jar;C:\Users\Administrator\.m2\repository\org\openjfx\javafx-controls\11\javafx-controls-11-win.jar;C:\Users\Administrator\.m2\repository\org\openjfx\javafx-graphics\11\javafx-graphics-11.jar;C:\Users\Administrator\.m2\repository\org\openjfx\javafx-graphics\11\javafx-graphics-11-win.jar;C:\Users\Administrator\.m2\repository\org\openjfx\javafx-base\11\javafx-base-11.jar;C:\Users\Administrator\.m2\repository\org\openjfx\javafx-base\11\javafx-base-11-win.jar;C:\Users\Administrator\Documents\javafx-sdk-11.0.2\lib\src.zip;C:\Users\Administrator\Documents\javafx-sdk-11.0.2\lib\javafx-swt.jar;C:\Users\Administrator\Documents\javafx-sdk-11.0.2\lib\javafx.web.jar;C:\Users\Administrator\Documents\javafx-sdk-11.0.2\lib\javafx.base.jar;C:\Users\Administrator\Documents\javafx-sdk-11.0.2\lib\javafx.fxml.jar;C:\Users\Administrator\Documents\javafx-sdk-11.0.2\lib\javafx.media.jar;C:\Users\Administrator\Documents\javafx-sdk-11.0.2\lib\javafx.swing.jar;C:\Users\Administrator\Documents\javafx-sdk-11.0.2\lib\javafx.controls.jar;C:\Users\Administrator\Documents\javafx-sdk-11.0.2\lib\javafx.controls.zip;C:\Users\Administrator\Documents\javafx-sdk-11.0.2\lib\javafx.graphics.jar;C:\Users\Administrator\Documents\jsoup-1.14.1.jar;C:\Users\Administrator\Documents\spring-core-5.2.16.RELEASE.jar;C:\Users\Administrator\Documents\spring-jcl-5.2.16.RELEASE.jar
Launcher Type: SUN_STANDARD

[Global flags]
     intx CICompilerCount                          = 4                                         {product} {ergonomic}
     uint ConcGCThreads                            = 2                                         {product} {ergonomic}
     uint G1ConcRefinementThreads                  = 8                                         {product} {ergonomic}
   size_t G1HeapRegionSize                         = 1048576                                   {product} {ergonomic}
    uintx GCDrainStackTargetSize                   = 64                                        {product} {ergonomic}
   size_t InitialHeapSize                          = 132120576                                 {product} {ergonomic}
   size_t MarkStackSize                            = 4194304                                   {product} {ergonomic}
   size_t MaxHeapSize                              = 2092957696                                {product} {ergonomic}
   size_t MaxNewSize                               = 1255145472                                {product} {ergonomic}
   size_t MinHeapDeltaBytes                        = 1048576                                   {product} {ergonomic}
   size_t MinHeapSize                              = 8388608                                   {product} {ergonomic}
    uintx NonNMethodCodeHeapSize                   = 5839372                                {pd product} {ergonomic}
    uintx NonProfiledCodeHeapSize                  = 122909434                              {pd product} {ergonomic}
    uintx ProfiledCodeHeapSize                     = 122909434                              {pd product} {ergonomic}
    uintx ReservedCodeCacheSize                    = 251658240                              {pd product} {ergonomic}
     bool SegmentedCodeCache                       = true                                      {product} {ergonomic}
   size_t SoftMaxHeapSize                          = 2092957696                             {manageable} {ergonomic}
     bool UseCompressedClassPointers               = true                           {product lp64_product} {ergonomic}
     bool UseCompressedOops                        = true                           {product lp64_product} {ergonomic}
     bool UseG1GC                                  = true                                      {product} {ergonomic}
     bool UseLargePagesIndividualAllocation        = false                                  {pd product} {ergonomic}

Logging:
Log output configuration:
 #0: stdout all=warning uptime,level,tags
 #1: stderr all=off uptime,level,tags

Environment Variables:
JAVA_HOME=C:\Program Files\BellSoft\LibericaJDK-16-Full\
PATH=C:\Program Files\BellSoft\LibericaJDK-16-Full\bin\;C:\Program Files\Common Files\Oracle\Java\javapath;C:\Windows\system32;C:\Windows;C:\Windows\System32\Wbem;C:\Windows\System32\WindowsPowerShell\v1.0\;C:\Windows\System32\OpenSSH\;C:\Program Files (x86)\NVIDIA Corporation\PhysX\Common;C:\Program Files\NVIDIA Corporation\NVIDIA NvDLISR;C:\Program Files\MATLAB\R2021a\runtime\win64;C:\Program Files\MATLAB\R2021a\bin;C:\Program Files\Java\jdk-11.0.11\bin;C:\Program Files\Git\cmd;C:\Program Files\Java\jdk-16.0.1\bin;C:\Users\Administrator\AppData\Local\Microsoft\WindowsApps;C:\Program Files\JetBrains\IntelliJ IDEA Community Edition 2021.1.3\bin;;C:\Users\Administrator\AppData\Local\GitHubDesktop\bin
USERNAME=Administrator
OS=Windows_NT
PROCESSOR_IDENTIFIER=Intel64 Family 6 Model 165 Stepping 2, GenuineIntel



---------------  S Y S T E M  ---------------

OS:
 Windows 10 , 64 bit Build 17763 (10.0.17763.2028)
OS uptime: 2 days 2:48 hours

CPU: total 8 (initial active 8) (4 cores per cpu, 2 threads per core) family 6 model 165 stepping 2 microcode 0xe0, cx8, cmov, fxsr, ht, mmx, 3dnowpref, sse, sse2, sse3, ssse3, sse4.1, sse4.2, popcnt, lzcnt, tsc, tscinvbit, avx, avx2, aes, erms, clmul, bmi1, bmi2, adx, fma, vzeroupper, clflush, clflushopt

Memory: 4k page, system-wide physical 7979M (3011M free)
TotalPageFile size 15147M (AvailPageFile size 4441M)
current process WorkingSet (physical memory assigned to process): 348M, peak: 353M
current process commit charge ("private bytes"): 556M, peak: 563M

vm_info: OpenJDK 64-Bit Server VM (16.0.2+7) for windows-amd64 JRE (16.0.2+7), built on Jul 21 2021 18:05:42 by "" with MS VC++ 15.9 (VS2017)

END.
