#
# A fatal error has been detected by the Java Runtime Environment:
#
#  EXCEPTION_ACCESS_VIOLATION (0xc0000005) at pc=0x00007ffed6a054b3, pid=9968, tid=5572
#
# JRE version: Java(TM) SE Runtime Environment (16.0.1+9) (build 16.0.1+9-24)
# Java VM: Java HotSpot(TM) 64-Bit Server VM (16.0.1+9-24, mixed mode, sharing, tiered, compressed oops, compressed class ptrs, g1 gc, windows-amd64)
# Problematic frame:
# V  [jvm.dll+0x5354b3]
#
# No core dump will be written. Minidumps are not enabled by default on client versions of Windows
#
# If you would like to submit a bug report, please visit:
#   https://bugreport.java.com/bugreport/crash.jsp
#

---------------  S U M M A R Y ------------

Command Line: --module-path=C:\Users\Administrator\Documents\javafx-sdk-11.0.2\lib --add-modules=javafx.controls,javafx.fxml -javaagent:C:\Program Files\JetBrains\IntelliJ IDEA Community Edition 2021.1.3\lib\idea_rt.jar=51031:C:\Program Files\JetBrains\IntelliJ IDEA Community Edition 2021.1.3\bin -Dfile.encoding=UTF-8 sample.Main

Host: Intel(R) Core(TM) i5-10300H CPU @ 2.50GHz, 8 cores, 7G,  Windows 10 , 64 bit Build 17763 (10.0.17763.2028)
Time: Sun Aug 22 15:52:31 2021 SE Asia Standard Time elapsed time: 4.137419 seconds (0d 0h 0m 4s)

---------------  T H R E A D  ---------------

Current thread (0x000002c3ccc2bbd0):  JavaThread "JavaFX Application Thread" [_thread_in_vm, id=5572, stack(0x000000ffcc600000,0x000000ffcc700000)]

Stack: [0x000000ffcc600000,0x000000ffcc700000],  sp=0x000000ffcc6fcea8,  free space=1011k
Native frames: (J=compiled Java code, j=interpreted, Vv=VM code, C=native code)
V  [jvm.dll+0x5354b3]

Java frames: (J=compiled Java code, j=interpreted, Vv=VM code)
j  com.sun.glass.ui.win.WinView._enterFullscreen(JZZZ)Z+0 javafx.graphics
j  com.sun.glass.ui.View.enterFullscreen(ZZZ)Z+15 javafx.graphics
j  com.sun.javafx.tk.quantum.WindowStage.applyFullScreen()V+77 javafx.graphics
j  com.sun.javafx.tk.quantum.WindowStage.setFullScreen(Z)V+50 javafx.graphics
j  javafx.stage.Stage.doVisibleChanged(Z)V+34 javafx.graphics
j  javafx.stage.Stage.access$100(Ljavafx/stage/Stage;Z)V+2 javafx.graphics
j  javafx.stage.Stage$1.doVisibleChanged(Ljavafx/stage/Window;Z)V+5 javafx.graphics
j  com.sun.javafx.stage.StageHelper.visibleChangedImpl(Ljavafx/stage/Window;Z)V+11 javafx.graphics
j  com.sun.javafx.stage.WindowHelper.visibleChanged(Ljavafx/stage/Window;Z)V+6 javafx.graphics
j  javafx.stage.Window$12.invalidated()V+640 javafx.graphics
J 3816 c1 javafx.beans.property.BooleanPropertyBase.set(Z)V javafx.base (76 bytes) @ 0x000002c3b57d32fc [0x000002c3b57d2d80+0x000000000000057c]
j  javafx.stage.Window.setShowing(Z)V+11 javafx.graphics
j  javafx.stage.Window.show()V+2 javafx.graphics
j  javafx.stage.Stage.show()V+1 javafx.graphics
j  sample.WelcomeSceneController.lambda$gettingStarted$0(Ljavafx/event/ActionEvent;Ljavafx/event/ActionEvent;)V+186
j  sample.WelcomeSceneController$$Lambda$385+0x0000000800edfbb8.handle(Ljavafx/event/Event;)V+12
j  javafx.animation.Animation.finished()V+28 javafx.graphics
j  javafx.animation.AnimationAccessorImpl.finished(Ljavafx/animation/Animation;)V+1 javafx.graphics
j  com.sun.scenario.animation.shared.SingleLoopClipEnvelope.timePulse(J)V+126 javafx.graphics
j  javafx.animation.Animation.doTimePulse(J)V+13 javafx.graphics
j  javafx.animation.Animation$1.lambda$timePulse$0(J)Ljava/lang/Void;+5 javafx.graphics
j  javafx.animation.Animation$1$$Lambda$359+0x0000000800ec0000.run()Ljava/lang/Object;+8 javafx.graphics
J 3416 c1 java.security.AccessController.doPrivileged(Ljava/security/PrivilegedAction;Ljava/security/AccessControlContext;)Ljava/lang/Object; java.base@16.0.1 (17 bytes) @ 0x000002c3b56f2ae4 [0x000002c3b56f2900+0x00000000000001e4]
j  javafx.animation.Animation$1.timePulse(J)V+51 javafx.graphics
j  com.sun.scenario.animation.AbstractMasterTimer.timePulseImpl(J)V+61 javafx.graphics
j  com.sun.scenario.animation.AbstractMasterTimer$MainLoop.run()V+41 javafx.graphics
j  com.sun.javafx.tk.quantum.QuantumToolkit.pulse(Z)V+76 javafx.graphics
j  com.sun.javafx.tk.quantum.QuantumToolkit.pulse()V+2 javafx.graphics
j  com.sun.javafx.tk.quantum.QuantumToolkit.pulseFromQueue()V+1 javafx.graphics
j  com.sun.javafx.tk.quantum.QuantumToolkit.lambda$runToolkit$11()V+1 javafx.graphics
j  com.sun.javafx.tk.quantum.QuantumToolkit$$Lambda$91+0x0000000800c36230.run()V+4 javafx.graphics
j  com.sun.glass.ui.InvokeLaterDispatcher$Future.run()V+4 javafx.graphics
v  ~StubRoutines::call_stub
j  com.sun.glass.ui.win.WinApplication._runLoop(Ljava/lang/Runnable;)V+0 javafx.graphics
j  com.sun.glass.ui.win.WinApplication.lambda$runLoop$3(ILjava/lang/Runnable;)V+8 javafx.graphics
j  com.sun.glass.ui.win.WinApplication$$Lambda$87+0x0000000800c2a870.run()V+12 javafx.graphics
j  java.lang.Thread.run()V+11 java.base@16.0.1
v  ~StubRoutines::call_stub

siginfo: EXCEPTION_ACCESS_VIOLATION (0xc0000005), reading address 0x0000000eb26d53b8


Register to memory mapping:

RIP=0x00007ffed6a054b3 jvm.dll
RAX=0x000000000000001e is an unknown value
RBX=0x00007ffed6da4818 jvm.dll
RCX=0x0000000eb26d5100 is an unknown value
RDX=0x000000000000001e is an unknown value
RSP=0x000000ffcc6fcea8 is pointing into the stack for thread: 0x000002c3ccc2bbd0
RBP=0x000000ffcc6fcf91 is pointing into the stack for thread: 0x000002c3ccc2bbd0
RSI=0x000002c3ccc2bbd0 is a thread
RDI=0x000002c3ccf38730 points into unknown readable memory: 0x0000000000000002 | 02 00 00 00 00 00 00 00
R8 =0x0000000800c3f398 is a pointer to class: 
javafx.css.Styleable {0x0000000800c3f3a0}
R9 =0x0000000000000001 is an unknown value
R10=0x0000000800c2ec40 is a pointer to class: 
com.sun.glass.ui.View {0x0000000800c2ec48}
R11={method} {0x000002c3cb9040c0} 'notifyView' '(I)V' in 'com/sun/glass/ui/View'
R12=0x000002c3ccdf75f8 points into unknown readable memory: 0x000002c3cb9040b8 | b8 40 90 cb c3 02 00 00
R13=0x000000ffcc6fd020 is pointing into the stack for thread: 0x000002c3ccc2bbd0
R14=0x0000000000000001 is an unknown value
R15=0x000002c3cb2a8ae0 points into unknown readable memory: 0x00007ffed6da4818 | 18 48 da d6 fe 7f 00 00


Registers:
RAX=0x000000000000001e, RBX=0x00007ffed6da4818, RCX=0x0000000eb26d5100, RDX=0x000000000000001e
RSP=0x000000ffcc6fcea8, RBP=0x000000ffcc6fcf91, RSI=0x000002c3ccc2bbd0, RDI=0x000002c3ccf38730
R8 =0x0000000800c3f398, R9 =0x0000000000000001, R10=0x0000000800c2ec40, R11=0x000002c3cb9040b8
R12=0x000002c3ccdf75f8, R13=0x000000ffcc6fd020, R14=0x0000000000000001, R15=0x000002c3cb2a8ae0
RIP=0x00007ffed6a054b3, EFLAGS=0x0000000000010206

Top of Stack: (sp=0x000000ffcc6fcea8)
0x000000ffcc6fcea8:   00007ffed68b66a3 0000000000000000
0x000000ffcc6fceb8:   0000000000000000 0000000000000000
0x000000ffcc6fcec8:   0000000000000000 0000000040000000
0x000000ffcc6fced8:   00007fff229f71fc 0000000000000002
0x000000ffcc6fcee8:   00007fff22dbf820 000000ffcc6fd050
0x000000ffcc6fcef8:   0000000080000000 0000000000000006
0x000000ffcc6fcf08:   0000000000000000 0000000000000000
0x000000ffcc6fcf18:   00007fff00000001 0000000000000000
0x000000ffcc6fcf28:   0000000000000000 0000000000000000
0x000000ffcc6fcf38:   00007fff22a00aca 0000000000000000
0x000000ffcc6fcf48:   0000000000000000 0000000800c3f398
0x000000ffcc6fcf58:   0000000000000000 000000ffcc6fd0e8
0x000000ffcc6fcf68:   00007ffed68b54f1 000000ffcc6fd050
0x000000ffcc6fcf78:   000000ffcc6fd050 0000000000000000
0x000000ffcc6fcf88:   000002c3cb9040b8 000002c3cb9040b8
0x000000ffcc6fcf98:   000002c3ccc2bbd0 00008e7658508ed2 

Instructions: (pc=0x00007ffed6a054b3)
0x00007ffed6a053b3:   8d 8e 88 00 00 00 c7 40 08 02 00 00 00 48 89 48
0x00007ffed6a053c3:   20 c6 40 0c 00 48 89 58 10 48 89 58 18 4c 89 38
0x00007ffed6a053d3:   eb 03 48 8b c3 48 8b d0 49 8b ce e8 fd be 0d 00
0x00007ffed6a053e3:   45 33 c0 41 8d 50 17 8d 4a 11 e8 9e 32 b7 ff 48
0x00007ffed6a053f3:   85 c0 74 23 48 8d 8e 90 00 00 00 c7 40 08 02 00
0x00007ffed6a05403:   00 00 48 89 48 20 c6 40 0c 00 48 89 58 10 48 89
0x00007ffed6a05413:   58 18 4c 89 38 eb 03 48 8b c3 48 8b d0 49 8b ce
0x00007ffed6a05423:   e8 b8 be 0d 00 83 7e 10 00 8b fb 4c 8b 7c 24 48
0x00007ffed6a05433:   7e 5b 48 8d 2d c4 de 3b 00 0f 1f 40 00 45 33 c0
0x00007ffed6a05443:   41 8d 50 17 8d 4a 11 e8 41 32 b7 ff 48 85 c0 74
0x00007ffed6a05453:   27 48 63 d7 48 83 c2 39 c7 40 08 02 00 00 00 c6
0x00007ffed6a05463:   40 0c 00 48 89 58 10 48 89 58 18 48 8d 14 d6 48
0x00007ffed6a05473:   89 28 48 89 50 20 eb 03 48 8b c3 48 8b d0 49 8b
0x00007ffed6a05483:   ce e8 57 be 0d 00 ff c7 3b 7e 10 7c b0 48 8b 5c
0x00007ffed6a05493:   24 50 48 8b 6c 24 58 48 83 c4 20 41 5e 5f 5e c3
0x00007ffed6a054a3:   cc cc cc cc cc cc cc cc cc cc cc cc cc 48 63 c2
0x00007ffed6a054b3:   48 8b 84 c1 c8 01 00 00 c3 cc cc cc cc 48 89 5c
0x00007ffed6a054c3:   24 08 48 89 6c 24 10 48 89 74 24 18 57 41 54 41
0x00007ffed6a054d3:   55 41 56 41 57 48 83 ec 20 48 8b 99 88 00 00 00
0x00007ffed6a054e3:   44 0f b6 e2 48 85 db 0f 84 dd 00 00 00 8b 0d d2
0x00007ffed6a054f3:   03 5e 00 65 48 8b 04 25 58 00 00 00 be 40 00 00
0x00007ffed6a05503:   00 bd 10 00 00 00 4c 8d 2c c8 0f 1f 00 48 8b 8b
0x00007ffed6a05513:   98 00 00 00 e8 e4 ee cb ff 84 c0 0f 85 c8 00 00
0x00007ffed6a05523:   00 45 84 e4 0f 84 90 00 00 00 48 8b 15 fc 2f 5a
0x00007ffed6a05533:   00 48 85 d2 0f 84 80 00 00 00 49 8b 7d 00 8b c6
0x00007ffed6a05543:   80 3c 38 00 75 0c e8 3e f0 2e 00 48 8b 15 db 2f
0x00007ffed6a05553:   5a 00 8b c5 48 8b 0c 38 48 8b b9 78 02 00 00 48
0x00007ffed6a05563:   8b 77 10 48 8b 6f 18 4c 8b 77 20 4c 8b 7f 28 48
0x00007ffed6a05573:   85 d2 74 17 48 8b cb e8 41 f5 ff ff 48 8b d0 48
0x00007ffed6a05583:   8d 0d 1f 69 3e 00 e8 c2 ba e2 ff 48 83 3e 00 74
0x00007ffed6a05593:   13 49 8b d7 48 8b cf e8 d1 92 b7 ff 48 8b ce e8
0x00007ffed6a055a3:   39 92 b7 ff 48 89 77 10 48 89 6f 18 be 40 00 00 


Stack slot to memory mapping:
stack at sp + 0 slots: 0x00007ffed68b66a3 jvm.dll
stack at sp + 1 slots: 0x0 is NULL
stack at sp + 2 slots: 0x0 is NULL
stack at sp + 3 slots: 0x0 is NULL
stack at sp + 4 slots: 0x0 is NULL
stack at sp + 5 slots: 0x0000000040000000 is an unknown value
stack at sp + 6 slots: 0x00007fff229f71fc USER32.dll
stack at sp + 7 slots: 0x0000000000000002 is an unknown value


---------------  P R O C E S S  ---------------

Threads class SMR info:
_java_thread_list=0x000002c3d4947300, length=26, elements={
0x000002c3ad37de20, 0x000002c3cb27abe0, 0x000002c3cb27b9b0, 0x000002c3cb280280,
0x000002c3cb280d90, 0x000002c3cb287ef0, 0x000002c3cb28d830, 0x000002c3cb29b9c0,
0x000002c3cb298d00, 0x000002c3cb299260, 0x000002c3cb258cd0, 0x000002c3cc2fb550,
0x000002c3cbf2a4b0, 0x000002c3ccc90dc0, 0x000002c3cc103a80, 0x000002c3ccc2bbd0,
0x000002c3cd362de0, 0x000002c3cd372f60, 0x000002c3d44d35c0, 0x000002c3d44d25d0,
0x000002c3d44d2b20, 0x000002c3d44d55a0, 0x000002c3d44d3b10, 0x000002c3cccf3890,
0x000002c3d5299090, 0x000002c3d44d4060
}

Java Threads: ( => current thread )
  0x000002c3ad37de20 JavaThread "main" [_thread_blocked, id=13600, stack(0x000000ffcae00000,0x000000ffcaf00000)]
  0x000002c3cb27abe0 JavaThread "Reference Handler" daemon [_thread_blocked, id=13504, stack(0x000000ffcb500000,0x000000ffcb600000)]
  0x000002c3cb27b9b0 JavaThread "Finalizer" daemon [_thread_blocked, id=11168, stack(0x000000ffcb600000,0x000000ffcb700000)]
  0x000002c3cb280280 JavaThread "Signal Dispatcher" daemon [_thread_blocked, id=13124, stack(0x000000ffcb700000,0x000000ffcb800000)]
  0x000002c3cb280d90 JavaThread "Attach Listener" daemon [_thread_blocked, id=1860, stack(0x000000ffcb800000,0x000000ffcb900000)]
  0x000002c3cb287ef0 JavaThread "Service Thread" daemon [_thread_blocked, id=2408, stack(0x000000ffcb900000,0x000000ffcba00000)]
  0x000002c3cb28d830 JavaThread "Monitor Deflation Thread" daemon [_thread_blocked, id=1792, stack(0x000000ffcba00000,0x000000ffcbb00000)]
  0x000002c3cb29b9c0 JavaThread "C2 CompilerThread0" daemon [_thread_blocked, id=9780, stack(0x000000ffcbb00000,0x000000ffcbc00000)]
  0x000002c3cb298d00 JavaThread "C1 CompilerThread0" daemon [_thread_blocked, id=4236, stack(0x000000ffcbc00000,0x000000ffcbd00000)]
  0x000002c3cb299260 JavaThread "Sweeper thread" daemon [_thread_blocked, id=10980, stack(0x000000ffcbd00000,0x000000ffcbe00000)]
  0x000002c3cb258cd0 JavaThread "Common-Cleaner" daemon [_thread_blocked, id=7596, stack(0x000000ffcbe00000,0x000000ffcbf00000)]
  0x000002c3cc2fb550 JavaThread "Monitor Ctrl-Break" daemon [_thread_in_native, id=3720, stack(0x000000ffcc100000,0x000000ffcc200000)]
  0x000002c3cbf2a4b0 JavaThread "Notification Thread" daemon [_thread_blocked, id=11456, stack(0x000000ffcc200000,0x000000ffcc300000)]
  0x000002c3ccc90dc0 JavaThread "QuantumRenderer-0" daemon [_thread_blocked, id=9476, stack(0x000000ffcc400000,0x000000ffcc500000)]
  0x000002c3cc103a80 JavaThread "InvokeLaterDispatcher" daemon [_thread_blocked, id=3544, stack(0x000000ffcc500000,0x000000ffcc600000)]
=>0x000002c3ccc2bbd0 JavaThread "JavaFX Application Thread" [_thread_in_vm, id=5572, stack(0x000000ffcc600000,0x000000ffcc700000)]
  0x000002c3cd362de0 JavaThread "JavaFX-Launcher" [_thread_blocked, id=6444, stack(0x000000ffccb00000,0x000000ffccc00000)]
  0x000002c3cd372f60 JavaThread "Thread-2" daemon [_thread_in_native, id=12396, stack(0x000000ffcca00000,0x000000ffccb00000)]
  0x000002c3d44d35c0 JavaThread "Keep-Alive-Timer" daemon [_thread_blocked, id=6276, stack(0x000000ffcd400000,0x000000ffcd500000)]
  0x000002c3d44d25d0 JavaThread "Prism Font Disposer" daemon [_thread_blocked, id=7572, stack(0x000000ffcd800000,0x000000ffcd900000)]
  0x000002c3d44d2b20 JavaThread "Java2D Disposer" daemon [_thread_blocked, id=9380, stack(0x000000ffcbf00000,0x000000ffcc000000)]
  0x000002c3d44d55a0 JavaThread "AWT-Shutdown" [_thread_blocked, id=4612, stack(0x000000ffcc000000,0x000000ffcc100000)]
  0x000002c3d44d3b10 JavaThread "AWT-Windows" daemon [_thread_in_native, id=1180, stack(0x000000ffcda00000,0x000000ffcdb00000)]
  0x000002c3cccf3890 JavaThread "C2 CompilerThread1" daemon [_thread_blocked, id=13672, stack(0x000000ffcdb00000,0x000000ffcdc00000)]
  0x000002c3d5299090 JavaThread "C2 CompilerThread2" daemon [_thread_in_native, id=5712, stack(0x000000ffcdc00000,0x000000ffcdd00000)]
  0x000002c3d44d4060 JavaThread "Cleaner-0" daemon [_thread_blocked, id=13592, stack(0x000000ffcdd00000,0x000000ffcde00000)]

Other Threads:
  0x000002c3cb276190 VMThread "VM Thread" [stack: 0x000000ffcb400000,0x000000ffcb500000] [id=14704]
  0x000002c3cc627ec0 WatcherThread [stack: 0x000000ffcc300000,0x000000ffcc400000] [id=5020]
  0x000002c3ad3bf340 GCTaskThread "GC Thread#0" [stack: 0x000000ffcaf00000,0x000000ffcb000000] [id=8368]
  0x000002c3cb2741c0 GCTaskThread "GC Thread#1" [stack: 0x000000ffccc00000,0x000000ffccd00000] [id=9724]
  0x000002c3cb2747e0 GCTaskThread "GC Thread#2" [stack: 0x000000ffccd00000,0x000000ffcce00000] [id=11840]
  0x000002c3cb274af0 GCTaskThread "GC Thread#3" [stack: 0x000000ffcce00000,0x000000ffccf00000] [id=5432]
  0x000002c3cb2744d0 GCTaskThread "GC Thread#4" [stack: 0x000000ffccf00000,0x000000ffcd000000] [id=12364]
  0x000002c3cb273890 GCTaskThread "GC Thread#5" [stack: 0x000000ffcd000000,0x000000ffcd100000] [id=13480]
  0x000002c3cb272f60 GCTaskThread "GC Thread#6" [stack: 0x000000ffcd100000,0x000000ffcd200000] [id=16168]
  0x000002c3cb273270 GCTaskThread "GC Thread#7" [stack: 0x000000ffcd200000,0x000000ffcd300000] [id=14808]
  0x000002c3ad3d0d20 ConcurrentGCThread "G1 Main Marker" [stack: 0x000000ffcb000000,0x000000ffcb100000] [id=11796]
  0x000002c3ad3d22e0 ConcurrentGCThread "G1 Conc#0" [stack: 0x000000ffcb100000,0x000000ffcb200000] [id=15748]
  0x000002c3cc905650 ConcurrentGCThread "G1 Conc#1" [stack: 0x000000ffcd900000,0x000000ffcda00000] [id=1140]
  0x000002c3cb1240e0 ConcurrentGCThread "G1 Refine#0" [stack: 0x000000ffcb200000,0x000000ffcb300000] [id=9912]
  0x000002c3cb124970 ConcurrentGCThread "G1 Service" [stack: 0x000000ffcb300000,0x000000ffcb400000] [id=14224]

Threads with active compile tasks:
C2 CompilerThread2     4163 5204 %     4       com.sun.marlin.DRenderer::_endRendering @ 1087 (2473 bytes)

VM state: not at safepoint (normal execution)

VM Mutex/Monitor currently owned by a thread: None

Heap address: 0x0000000083400000, size: 1996 MB, Compressed Oops mode: 32-bit

CDS archive(s) mapped at: [0x0000000800000000-0x0000000800bb0000-0x0000000800bb0000), size 12255232, SharedBaseAddress: 0x0000000800000000, ArchiveRelocationMode: 0.
Compressed class space mapped at: 0x0000000800c00000-0x0000000840c00000, reserved size: 1073741824
Narrow klass base: 0x0000000800000000, Narrow klass shift: 3, Narrow klass range: 0x100000000

GC Precious Log:
 CPUs: 8 total, 8 available
 Memory: 7979M
 Large Page Support: Disabled
 NUMA Support: Disabled
 Compressed Oops: Enabled (32-bit)
 Heap Region Size: 1M
 Heap Min Capacity: 8M
 Heap Initial Capacity: 126M
 Heap Max Capacity: 1996M
 Pre-touch: Disabled
 Parallel Workers: 8
 Concurrent Workers: 2
 Concurrent Refinement Workers: 8
 Periodic GC: Disabled

Heap:
 garbage-first heap   total 78848K, used 33835K [0x0000000083400000, 0x0000000100000000)
  region size 1024K, 1 young (1024K), 0 survivors (0K)
 Metaspace       used 27870K, committed 28160K, reserved 1073152K
  class space    used 3507K, committed 3648K, reserved 1048576K

Heap Regions: E=young(eden), S=young(survivor), O=old, HS=humongous(starts), HC=humongous(continues), CS=collection set, F=free, OA=open archive, CA=closed archive, TAMS=top-at-mark-start (previous, next)
|   0|0x0000000083400000, 0x00000000834fffd0, 0x0000000083500000| 99%| O|  |TAMS 0x0000000083400000, 0x0000000083400000| Untracked 
|   1|0x0000000083500000, 0x00000000835ffc08, 0x0000000083600000| 99%| O|  |TAMS 0x0000000083500000, 0x0000000083500000| Untracked 
|   2|0x0000000083600000, 0x00000000836f1920, 0x0000000083700000| 94%| O|  |TAMS 0x0000000083600000, 0x0000000083600000| Untracked 
|   3|0x0000000083700000, 0x00000000837ffff8, 0x0000000083800000| 99%| O|  |TAMS 0x0000000083700000, 0x0000000083700000| Untracked 
|   4|0x0000000083800000, 0x00000000838fc698, 0x0000000083900000| 98%| O|  |TAMS 0x0000000083800000, 0x0000000083800000| Untracked 
|   5|0x0000000083900000, 0x0000000083a00000, 0x0000000083a00000|100%|HS|  |TAMS 0x0000000083a00000, 0x0000000083900000| Untracked 
|   6|0x0000000083a00000, 0x0000000083b00000, 0x0000000083b00000|100%|HC|  |TAMS 0x0000000083b00000, 0x0000000083a00000| Untracked 
|   7|0x0000000083b00000, 0x0000000083c00000, 0x0000000083c00000|100%|HS|  |TAMS 0x0000000083c00000, 0x0000000083b00000| Untracked 
|   8|0x0000000083c00000, 0x0000000083d00000, 0x0000000083d00000|100%|HS|  |TAMS 0x0000000083d00000, 0x0000000083c00000| Untracked 
|   9|0x0000000083d00000, 0x0000000083df8a20, 0x0000000083e00000| 97%| O|  |TAMS 0x0000000083d00000, 0x0000000083d00000| Untracked 
|  10|0x0000000083e00000, 0x0000000083efffe8, 0x0000000083f00000| 99%| O|  |TAMS 0x0000000083e00000, 0x0000000083e00000| Untracked 
|  11|0x0000000083f00000, 0x0000000083ffa540, 0x0000000084000000| 97%| O|  |TAMS 0x0000000083f00000, 0x0000000083f00000| Untracked 
|  12|0x0000000084000000, 0x0000000084100000, 0x0000000084100000|100%|HS|  |TAMS 0x0000000084100000, 0x0000000084000000| Untracked 
|  13|0x0000000084100000, 0x0000000084200000, 0x0000000084200000|100%|HC|  |TAMS 0x0000000084200000, 0x0000000084100000| Untracked 
|  14|0x0000000084200000, 0x00000000842f90b0, 0x0000000084300000| 97%| O|  |TAMS 0x0000000084200000, 0x0000000084200000| Untracked 
|  15|0x0000000084300000, 0x00000000843fc1f0, 0x0000000084400000| 98%| O|  |TAMS 0x0000000084300000, 0x0000000084300000| Untracked 
|  16|0x0000000084400000, 0x00000000844ff060, 0x0000000084500000| 99%| O|  |TAMS 0x0000000084400000, 0x0000000084400000| Untracked 
|  17|0x0000000084500000, 0x00000000845e5a50, 0x0000000084600000| 89%| O|  |TAMS 0x0000000084500000, 0x0000000084500000| Untracked 
|  18|0x0000000084600000, 0x00000000846f0ad8, 0x0000000084700000| 94%| O|  |TAMS 0x0000000084600000, 0x0000000084600000| Untracked 
|  19|0x0000000084700000, 0x00000000847f90a8, 0x0000000084800000| 97%| O|  |TAMS 0x0000000084700000, 0x0000000084700000| Untracked 
|  20|0x0000000084800000, 0x00000000848e6ba0, 0x0000000084900000| 90%| O|  |TAMS 0x0000000084800000, 0x0000000084800000| Untracked 
|  21|0x0000000084900000, 0x00000000849fffa0, 0x0000000084a00000| 99%| O|  |TAMS 0x0000000084900000, 0x0000000084900000| Untracked 
|  22|0x0000000084a00000, 0x0000000084afffb0, 0x0000000084b00000| 99%| O|  |TAMS 0x0000000084a00000, 0x0000000084a00000| Untracked 
|  23|0x0000000084b00000, 0x0000000084c00000, 0x0000000084c00000|100%| O|  |TAMS 0x0000000084b00000, 0x0000000084b00000| Untracked 
|  24|0x0000000084c00000, 0x0000000084d00000, 0x0000000084d00000|100%| O|  |TAMS 0x0000000084c00000, 0x0000000084c00000| Untracked 
|  25|0x0000000084d00000, 0x0000000084e00000, 0x0000000084e00000|100%| O|  |TAMS 0x0000000084d00000, 0x0000000084d00000| Untracked 
|  26|0x0000000084e00000, 0x0000000084f00000, 0x0000000084f00000|100%|HS|  |TAMS 0x0000000084f00000, 0x0000000084e00000| Untracked 
|  27|0x0000000084f00000, 0x0000000085000000, 0x0000000085000000|100%|HC|  |TAMS 0x0000000085000000, 0x0000000084f00000| Untracked 
|  28|0x0000000085000000, 0x00000000850c4b58, 0x0000000085100000| 76%| O|  |TAMS 0x0000000085000000, 0x0000000085000000| Untracked 
|  29|0x0000000085100000, 0x00000000851ffff0, 0x0000000085200000| 99%| O|  |TAMS 0x0000000085100000, 0x0000000085100000| Untracked 
|  30|0x0000000085200000, 0x0000000085300000, 0x0000000085300000|100%|HS|  |TAMS 0x0000000085300000, 0x0000000085200000| Untracked 
|  31|0x0000000085300000, 0x0000000085400000, 0x0000000085400000|100%|HC|  |TAMS 0x0000000085400000, 0x0000000085300000| Untracked 
|  32|0x0000000085400000, 0x00000000854fffe8, 0x0000000085500000| 99%| O|  |TAMS 0x0000000085400000, 0x0000000085400000| Untracked 
|  33|0x0000000085500000, 0x00000000855bb430, 0x0000000085600000| 73%| O|  |TAMS 0x0000000085500000, 0x0000000085500000| Untracked 
|  34|0x0000000085600000, 0x0000000085600000, 0x0000000085700000|  0%| F|  |TAMS 0x0000000085600000, 0x0000000085600000| Untracked 
|  35|0x0000000085700000, 0x0000000085700000, 0x0000000085800000|  0%| F|  |TAMS 0x0000000085700000, 0x0000000085700000| Untracked 
|  36|0x0000000085800000, 0x0000000085800000, 0x0000000085900000|  0%| F|  |TAMS 0x0000000085800000, 0x0000000085800000| Untracked 
|  37|0x0000000085900000, 0x0000000085900000, 0x0000000085a00000|  0%| F|  |TAMS 0x0000000085900000, 0x0000000085900000| Untracked 
|  38|0x0000000085a00000, 0x0000000085a00000, 0x0000000085b00000|  0%| F|  |TAMS 0x0000000085a00000, 0x0000000085a00000| Untracked 
|  39|0x0000000085b00000, 0x0000000085b00000, 0x0000000085c00000|  0%| F|  |TAMS 0x0000000085b00000, 0x0000000085b00000| Untracked 
|  40|0x0000000085c00000, 0x0000000085c00000, 0x0000000085d00000|  0%| F|  |TAMS 0x0000000085c00000, 0x0000000085c00000| Untracked 
|  41|0x0000000085d00000, 0x0000000085d00000, 0x0000000085e00000|  0%| F|  |TAMS 0x0000000085d00000, 0x0000000085d00000| Untracked 
|  42|0x0000000085e00000, 0x0000000085e00000, 0x0000000085f00000|  0%| F|  |TAMS 0x0000000085e00000, 0x0000000085e00000| Untracked 
|  43|0x0000000085f00000, 0x0000000085f00000, 0x0000000086000000|  0%| F|  |TAMS 0x0000000085f00000, 0x0000000085f00000| Untracked 
|  44|0x0000000086000000, 0x0000000086000000, 0x0000000086100000|  0%| F|  |TAMS 0x0000000086000000, 0x0000000086000000| Untracked 
|  45|0x0000000086100000, 0x0000000086100000, 0x0000000086200000|  0%| F|  |TAMS 0x0000000086100000, 0x0000000086100000| Untracked 
|  46|0x0000000086200000, 0x0000000086200000, 0x0000000086300000|  0%| F|  |TAMS 0x0000000086200000, 0x0000000086200000| Untracked 
|  47|0x0000000086300000, 0x0000000086300000, 0x0000000086400000|  0%| F|  |TAMS 0x0000000086300000, 0x0000000086300000| Untracked 
|  48|0x0000000086400000, 0x0000000086400000, 0x0000000086500000|  0%| F|  |TAMS 0x0000000086400000, 0x0000000086400000| Untracked 
|  49|0x0000000086500000, 0x0000000086500000, 0x0000000086600000|  0%| F|  |TAMS 0x0000000086500000, 0x0000000086500000| Untracked 
|  50|0x0000000086600000, 0x0000000086600000, 0x0000000086700000|  0%| F|  |TAMS 0x0000000086600000, 0x0000000086600000| Untracked 
|  51|0x0000000086700000, 0x0000000086700000, 0x0000000086800000|  0%| F|  |TAMS 0x0000000086700000, 0x0000000086700000| Untracked 
|  52|0x0000000086800000, 0x0000000086800000, 0x0000000086900000|  0%| F|  |TAMS 0x0000000086800000, 0x0000000086800000| Untracked 
|  53|0x0000000086900000, 0x0000000086900000, 0x0000000086a00000|  0%| F|  |TAMS 0x0000000086900000, 0x0000000086900000| Untracked 
|  54|0x0000000086a00000, 0x0000000086a00000, 0x0000000086b00000|  0%| F|  |TAMS 0x0000000086a00000, 0x0000000086a00000| Untracked 
|  55|0x0000000086b00000, 0x0000000086b00000, 0x0000000086c00000|  0%| F|  |TAMS 0x0000000086b00000, 0x0000000086b00000| Untracked 
|  56|0x0000000086c00000, 0x0000000086c00000, 0x0000000086d00000|  0%| F|  |TAMS 0x0000000086c00000, 0x0000000086c00000| Untracked 
|  57|0x0000000086d00000, 0x0000000086d00000, 0x0000000086e00000|  0%| F|  |TAMS 0x0000000086d00000, 0x0000000086d00000| Untracked 
|  58|0x0000000086e00000, 0x0000000086e00000, 0x0000000086f00000|  0%| F|  |TAMS 0x0000000086e00000, 0x0000000086e00000| Untracked 
|  59|0x0000000086f00000, 0x0000000086f00000, 0x0000000087000000|  0%| F|  |TAMS 0x0000000086f00000, 0x0000000086f00000| Untracked 
|  60|0x0000000087000000, 0x0000000087000000, 0x0000000087100000|  0%| F|  |TAMS 0x0000000087000000, 0x0000000087000000| Untracked 
|  61|0x0000000087100000, 0x0000000087100000, 0x0000000087200000|  0%| F|  |TAMS 0x0000000087100000, 0x0000000087100000| Untracked 
|  62|0x0000000087200000, 0x0000000087200000, 0x0000000087300000|  0%| F|  |TAMS 0x0000000087200000, 0x0000000087200000| Untracked 
|  63|0x0000000087300000, 0x0000000087300000, 0x0000000087400000|  0%| F|  |TAMS 0x0000000087300000, 0x0000000087300000| Untracked 
|  64|0x0000000087400000, 0x0000000087400000, 0x0000000087500000|  0%| F|  |TAMS 0x0000000087400000, 0x0000000087400000| Untracked 
|  65|0x0000000087500000, 0x0000000087500000, 0x0000000087600000|  0%| F|  |TAMS 0x0000000087500000, 0x0000000087500000| Untracked 
|  74|0x0000000087e00000, 0x0000000087e00000, 0x0000000087f00000|  0%| F|  |TAMS 0x0000000087e00000, 0x0000000087e00000| Untracked 
|  75|0x0000000087f00000, 0x0000000087f00000, 0x0000000088000000|  0%| F|  |TAMS 0x0000000087f00000, 0x0000000087f00000| Untracked 
|  76|0x0000000088000000, 0x0000000088000000, 0x0000000088100000|  0%| F|  |TAMS 0x0000000088000000, 0x0000000088000000| Untracked 
|  77|0x0000000088100000, 0x0000000088100000, 0x0000000088200000|  0%| F|  |TAMS 0x0000000088100000, 0x0000000088100000| Untracked 
|  78|0x0000000088200000, 0x0000000088200000, 0x0000000088300000|  0%| F|  |TAMS 0x0000000088200000, 0x0000000088200000| Untracked 
|  79|0x0000000088300000, 0x0000000088300000, 0x0000000088400000|  0%| F|  |TAMS 0x0000000088300000, 0x0000000088300000| Untracked 
|  80|0x0000000088400000, 0x0000000088400000, 0x0000000088500000|  0%| F|  |TAMS 0x0000000088400000, 0x0000000088400000| Untracked 
|  81|0x0000000088500000, 0x0000000088500000, 0x0000000088600000|  0%| F|  |TAMS 0x0000000088500000, 0x0000000088500000| Untracked 
|  82|0x0000000088600000, 0x0000000088600000, 0x0000000088700000|  0%| F|  |TAMS 0x0000000088600000, 0x0000000088600000| Untracked 
|  83|0x0000000088700000, 0x0000000088700000, 0x0000000088800000|  0%| F|  |TAMS 0x0000000088700000, 0x0000000088700000| Untracked 
| 125|0x000000008b100000, 0x000000008b1787e0, 0x000000008b200000| 47%| E|  |TAMS 0x000000008b100000, 0x000000008b100000| Complete 

Card table byte_map: [0x000002c3c4220000,0x000002c3c4610000] _byte_map_base: 0x000002c3c3e06000

Marking Bits (Prev, Next): (CMBitMap*) 0x000002c3ad3c0990, (CMBitMap*) 0x000002c3ad3c0950
 Prev Bits: [0x000002c3c6930000, 0x000002c3c8860000)
 Next Bits: [0x000002c3c4a00000, 0x000002c3c6930000)

Polling page: 0x000002c3ab160000

Metaspace:

Usage:
  Non-class:     23.79 MB used.
      Class:      3.43 MB used.
       Both:     27.22 MB used.

Virtual space:
  Non-class space:       24.00 MB reserved,      23.94 MB (>99%) committed,  3 nodes.
      Class space:        1.00 GB reserved,       3.56 MB ( <1%) committed,  1 nodes.
              Both:        1.02 GB reserved,      27.50 MB (  3%) committed. 

Chunk freelists:
   Non-Class:  16.00 KB
       Class:  483.00 KB
        Both:  499.00 KB

MaxMetaspaceSize: 17179869184.00 GB
CompressedClassSpaceSize: 1.00 GB
 - commit_granule_bytes: 65536.
 - commit_granule_words: 8192.
 - virtual_space_node_default_size: 1048576.
 - enlarge_chunks_in_place: 1.
 - new_chunks_are_fully_committed: 0.
 - uncommit_free_chunks: 1.
 - use_allocation_guard: 0.
 - handle_deallocations: 1.


Internal statistics:

num_allocs_failed_limit: 3.
num_arena_births: 364.
num_arena_deaths: 0.
num_vsnodes_births: 4.
num_vsnodes_deaths: 0.
num_space_committed: 440.
num_space_uncommitted: 0.
num_chunks_returned_to_freelist: 3.
num_chunks_taken_from_freelist: 1128.
num_chunk_merges: 3.
num_chunk_splits: 730.
num_chunks_enlarged: 498.
num_purges: 0.

CodeHeap 'non-profiled nmethods': size=120000Kb used=2589Kb max_used=2589Kb free=117410Kb
 bounds [0x000002c3bc5c0000, 0x000002c3bc850000, 0x000002c3c3af0000]
CodeHeap 'profiled nmethods': size=120000Kb used=10808Kb max_used=10808Kb free=109191Kb
 bounds [0x000002c3b5090000, 0x000002c3b5b20000, 0x000002c3bc5c0000]
CodeHeap 'non-nmethods': size=5760Kb used=1555Kb max_used=1596Kb free=4204Kb
 bounds [0x000002c3b4af0000, 0x000002c3b4d60000, 0x000002c3b5090000]
 total_blobs=6137 nmethods=5203 adapters=845
 compilation: enabled
              stopped_count=0, restarted_count=0
 full_count=0

Compilation events (20 events):
Event: 4.116 Thread 0x000002c3cb298d00 nmethod 5201 0x000002c3b5b17710 code [0x000002c3b5b17920, 0x000002c3b5b17f18]
Event: 4.116 Thread 0x000002c3cb298d00 5202       3       com.sun.marlin.DRenderer::lineTo (41 bytes)
Event: 4.116 Thread 0x000002c3cb298d00 nmethod 5202 0x000002c3b5b18110 code [0x000002c3b5b18300, 0x000002c3b5b18568]
Event: 4.116 Thread 0x000002c3cb298d00 5203       3       com.sun.marlin.DTransformingPathConsumer2D$PathClipFilter::curveTo (274 bytes)
Event: 4.116 Thread 0x000002c3d5299090 5204 %     4       com.sun.marlin.DRenderer::_endRendering @ 1087 (2473 bytes)
Event: 4.116 Thread 0x000002c3cb298d00 nmethod 5203 0x000002c3b5b18690 code [0x000002c3b5b188c0, 0x000002c3b5b19078]
Event: 4.116 Thread 0x000002c3cb298d00 5205       3       com.sun.marlin.DRenderer::curveBreakIntoLinesAndAdd (485 bytes)
Event: 4.117 Thread 0x000002c3cb298d00 nmethod 5205 0x000002c3b5b19390 code [0x000002c3b5b19720, 0x000002c3b5b19eb8]
Event: 4.117 Thread 0x000002c3cb298d00 5206       3       com.sun.prism.impl.ps.BaseShaderGraphics::setNodeBounds (19 bytes)
Event: 4.117 Thread 0x000002c3cb298d00 nmethod 5206 0x000002c3b5b1a310 code [0x000002c3b5b1a4c0, 0x000002c3b5b1a698]
Event: 4.118 Thread 0x000002c3cb298d00 5207       3       com.sun.javafx.sg.prism.NGNode::getContentBounds (97 bytes)
Event: 4.118 Thread 0x000002c3cb298d00 nmethod 5207 0x000002c3b5b1a710 code [0x000002c3b5b1a9c0, 0x000002c3b5b1b8e8]
Event: 4.119 Thread 0x000002c3cb298d00 5208       3       com.sun.marlin.MaskMarlinAlphaConsumer::setAndClearRelativeAlphas (263 bytes)
Event: 4.120 Thread 0x000002c3cb29b9c0 5210   !   4       java.nio.DirectFloatBufferU::put (36 bytes)
Event: 4.120 Thread 0x000002c3cb298d00 nmethod 5208 0x000002c3b5b1bc90 code [0x000002c3b5b1bf00, 0x000002c3b5b1ca58]
Event: 4.120 Thread 0x000002c3cb298d00 5209       3       com.sun.marlin.IntArrayCache::fill (21 bytes)
Event: 4.120 Thread 0x000002c3cb298d00 nmethod 5209 0x000002c3b5b1d110 code [0x000002c3b5b1d2c0, 0x000002c3b5b1d408]
Event: 4.121 Thread 0x000002c3cb298d00 5211       3       com.sun.scenario.effect.impl.prism.ps.PPSDrawable::createGraphics (5 bytes)
Event: 4.121 Thread 0x000002c3cb29b9c0 nmethod 5210 0x000002c3bc847310 code [0x000002c3bc8474a0, 0x000002c3bc8475b8]
Event: 4.121 Thread 0x000002c3cb298d00 nmethod 5211 0x000002c3b5b1d510 code [0x000002c3b5b1d720, 0x000002c3b5b1e038]

GC Heap History (20 events):
Event: 3.289 GC heap before
{Heap before GC invocations=4 (full 0):
 garbage-first heap   total 78848K, used 44424K [0x0000000083400000, 0x0000000100000000)
  region size 1024K, 31 young (31744K), 10 survivors (10240K)
 Metaspace       used 24961K, committed 25280K, reserved 1073152K
  class space    used 3116K, committed 3264K, reserved 1048576K
}
Event: 3.301 GC heap after
{Heap after GC invocations=5 (full 1):
 garbage-first heap   total 78848K, used 24231K [0x0000000083400000, 0x0000000100000000)
  region size 1024K, 0 young (0K), 0 survivors (0K)
 Metaspace       used 24961K, committed 25280K, reserved 1073152K
  class space    used 3116K, committed 3264K, reserved 1048576K
}
Event: 3.302 GC heap before
{Heap before GC invocations=5 (full 1):
 garbage-first heap   total 78848K, used 24231K [0x0000000083400000, 0x0000000100000000)
  region size 1024K, 0 young (0K), 0 survivors (0K)
 Metaspace       used 24961K, committed 25280K, reserved 1073152K
  class space    used 3116K, committed 3264K, reserved 1048576K
}
Event: 3.314 GC heap after
{Heap after GC invocations=6 (full 2):
 garbage-first heap   total 78848K, used 24231K [0x0000000083400000, 0x0000000100000000)
  region size 1024K, 0 young (0K), 0 survivors (0K)
 Metaspace       used 24961K, committed 25280K, reserved 1073152K
  class space    used 3116K, committed 3264K, reserved 1048576K
}
Event: 3.443 GC heap before
{Heap before GC invocations=6 (full 2):
 garbage-first heap   total 78848K, used 28327K [0x0000000083400000, 0x0000000100000000)
  region size 1024K, 5 young (5120K), 0 survivors (0K)
 Metaspace       used 25547K, committed 25792K, reserved 1073152K
  class space    used 3204K, committed 3328K, reserved 1048576K
}
Event: 3.463 GC heap after
{Heap after GC invocations=7 (full 3):
 garbage-first heap   total 78848K, used 25165K [0x0000000083400000, 0x0000000100000000)
  region size 1024K, 0 young (0K), 0 survivors (0K)
 Metaspace       used 25547K, committed 25792K, reserved 1073152K
  class space    used 3204K, committed 3328K, reserved 1048576K
}
Event: 3.463 GC heap before
{Heap before GC invocations=7 (full 3):
 garbage-first heap   total 78848K, used 25165K [0x0000000083400000, 0x0000000100000000)
  region size 1024K, 0 young (0K), 0 survivors (0K)
 Metaspace       used 25547K, committed 25792K, reserved 1073152K
  class space    used 3204K, committed 3328K, reserved 1048576K
}
Event: 3.481 GC heap after
{Heap after GC invocations=8 (full 4):
 garbage-first heap   total 78848K, used 25165K [0x0000000083400000, 0x0000000100000000)
  region size 1024K, 0 young (0K), 0 survivors (0K)
 Metaspace       used 25547K, committed 25792K, reserved 1073152K
  class space    used 3204K, committed 3328K, reserved 1048576K
}
Event: 3.740 GC heap before
{Heap before GC invocations=8 (full 4):
 garbage-first heap   total 78848K, used 52813K [0x0000000083400000, 0x0000000100000000)
  region size 1024K, 24 young (24576K), 0 survivors (0K)
 Metaspace       used 27008K, committed 27328K, reserved 1073152K
  class space    used 3448K, committed 3584K, reserved 1048576K
}
Event: 3.763 GC heap after
{Heap after GC invocations=9 (full 5):
 garbage-first heap   total 78848K, used 29519K [0x0000000083400000, 0x0000000100000000)
  region size 1024K, 0 young (0K), 0 survivors (0K)
 Metaspace       used 27008K, committed 27328K, reserved 1073152K
  class space    used 3448K, committed 3584K, reserved 1048576K
}
Event: 3.763 GC heap before
{Heap before GC invocations=9 (full 5):
 garbage-first heap   total 78848K, used 29519K [0x0000000083400000, 0x0000000100000000)
  region size 1024K, 0 young (0K), 0 survivors (0K)
 Metaspace       used 27008K, committed 27328K, reserved 1073152K
  class space    used 3448K, committed 3584K, reserved 1048576K
}
Event: 3.784 GC heap after
{Heap after GC invocations=10 (full 6):
 garbage-first heap   total 78848K, used 29519K [0x0000000083400000, 0x0000000100000000)
  region size 1024K, 0 young (0K), 0 survivors (0K)
 Metaspace       used 27008K, committed 27328K, reserved 1073152K
  class space    used 3448K, committed 3584K, reserved 1048576K
}
Event: 3.807 GC heap before
{Heap before GC invocations=10 (full 6):
 garbage-first heap   total 78848K, used 30543K [0x0000000083400000, 0x0000000100000000)
  region size 1024K, 2 young (2048K), 0 survivors (0K)
 Metaspace       used 27031K, committed 27328K, reserved 1073152K
  class space    used 3449K, committed 3584K, reserved 1048576K
}
Event: 3.829 GC heap after
{Heap after GC invocations=11 (full 7):
 garbage-first heap   total 78848K, used 29202K [0x0000000083400000, 0x0000000100000000)
  region size 1024K, 0 young (0K), 0 survivors (0K)
 Metaspace       used 27031K, committed 27328K, reserved 1073152K
  class space    used 3449K, committed 3584K, reserved 1048576K
}
Event: 3.829 GC heap before
{Heap before GC invocations=11 (full 7):
 garbage-first heap   total 78848K, used 29202K [0x0000000083400000, 0x0000000100000000)
  region size 1024K, 0 young (0K), 0 survivors (0K)
 Metaspace       used 27031K, committed 27328K, reserved 1073152K
  class space    used 3449K, committed 3584K, reserved 1048576K
}
Event: 3.851 GC heap after
{Heap after GC invocations=12 (full 8):
 garbage-first heap   total 78848K, used 29202K [0x0000000083400000, 0x0000000100000000)
  region size 1024K, 0 young (0K), 0 survivors (0K)
 Metaspace       used 27031K, committed 27328K, reserved 1073152K
  class space    used 3449K, committed 3584K, reserved 1048576K
}
Event: 4.062 GC heap before
{Heap before GC invocations=12 (full 8):
 garbage-first heap   total 78848K, used 42514K [0x0000000083400000, 0x0000000100000000)
  region size 1024K, 13 young (13312K), 0 survivors (0K)
 Metaspace       used 27851K, committed 28160K, reserved 1073152K
  class space    used 3507K, committed 3648K, reserved 1048576K
}
Event: 4.087 GC heap after
{Heap after GC invocations=13 (full 9):
 garbage-first heap   total 78848K, used 33835K [0x0000000083400000, 0x0000000100000000)
  region size 1024K, 0 young (0K), 0 survivors (0K)
 Metaspace       used 27851K, committed 28160K, reserved 1073152K
  class space    used 3507K, committed 3648K, reserved 1048576K
}
Event: 4.088 GC heap before
{Heap before GC invocations=13 (full 9):
 garbage-first heap   total 78848K, used 33835K [0x0000000083400000, 0x0000000100000000)
  region size 1024K, 0 young (0K), 0 survivors (0K)
 Metaspace       used 27851K, committed 28160K, reserved 1073152K
  class space    used 3507K, committed 3648K, reserved 1048576K
}
Event: 4.110 GC heap after
{Heap after GC invocations=14 (full 10):
 garbage-first heap   total 78848K, used 33835K [0x0000000083400000, 0x0000000100000000)
  region size 1024K, 0 young (0K), 0 survivors (0K)
 Metaspace       used 27851K, committed 28160K, reserved 1073152K
  class space    used 3507K, committed 3648K, reserved 1048576K
}

Deoptimization events (20 events):
Event: 4.043 Thread 0x000002c3ccc90dc0 DEOPT PACKING pc=0x000002c3b5af0d01 sp=0x000000ffcc4fb0b0
Event: 4.043 Thread 0x000002c3ccc90dc0 DEOPT UNPACKING pc=0x000002c3b4b3dece sp=0x000000ffcc4fa510 mode 0
Event: 4.043 Thread 0x000002c3ccc90dc0 DEOPT PACKING pc=0x000002c3b5af0d01 sp=0x000000ffcc4fb0b0
Event: 4.043 Thread 0x000002c3ccc90dc0 DEOPT UNPACKING pc=0x000002c3b4b3dece sp=0x000000ffcc4fa510 mode 0
Event: 4.043 Thread 0x000002c3ccc90dc0 DEOPT PACKING pc=0x000002c3b5af0d01 sp=0x000000ffcc4fb0b0
Event: 4.043 Thread 0x000002c3ccc90dc0 DEOPT UNPACKING pc=0x000002c3b4b3dece sp=0x000000ffcc4fa510 mode 0
Event: 4.043 Thread 0x000002c3ccc90dc0 DEOPT PACKING pc=0x000002c3b5af0d01 sp=0x000000ffcc4fb0b0
Event: 4.043 Thread 0x000002c3ccc90dc0 DEOPT UNPACKING pc=0x000002c3b4b3dece sp=0x000000ffcc4fa510 mode 0
Event: 4.043 Thread 0x000002c3ccc90dc0 DEOPT PACKING pc=0x000002c3b5af0d01 sp=0x000000ffcc4fb0b0
Event: 4.043 Thread 0x000002c3ccc90dc0 DEOPT UNPACKING pc=0x000002c3b4b3dece sp=0x000000ffcc4fa510 mode 0
Event: 4.043 Thread 0x000002c3ccc90dc0 DEOPT PACKING pc=0x000002c3b5af0d01 sp=0x000000ffcc4fb0b0
Event: 4.043 Thread 0x000002c3ccc90dc0 DEOPT UNPACKING pc=0x000002c3b4b3dece sp=0x000000ffcc4fa510 mode 0
Event: 4.043 Thread 0x000002c3ccc90dc0 DEOPT PACKING pc=0x000002c3b5af0d01 sp=0x000000ffcc4fb0b0
Event: 4.043 Thread 0x000002c3ccc90dc0 DEOPT UNPACKING pc=0x000002c3b4b3dece sp=0x000000ffcc4fa510 mode 0
Event: 4.043 Thread 0x000002c3ccc90dc0 DEOPT PACKING pc=0x000002c3b5af0d01 sp=0x000000ffcc4fb0b0
Event: 4.043 Thread 0x000002c3ccc90dc0 DEOPT UNPACKING pc=0x000002c3b4b3dece sp=0x000000ffcc4fa510 mode 0
Event: 4.043 Thread 0x000002c3ccc90dc0 DEOPT PACKING pc=0x000002c3b5af0d01 sp=0x000000ffcc4fb0b0
Event: 4.043 Thread 0x000002c3ccc90dc0 DEOPT UNPACKING pc=0x000002c3b4b3dece sp=0x000000ffcc4fa510 mode 0
Event: 4.118 Thread 0x000002c3ccc90dc0 DEOPT PACKING pc=0x000002c3b5aafc0b sp=0x000000ffcc4fb8e0
Event: 4.118 Thread 0x000002c3ccc90dc0 DEOPT UNPACKING pc=0x000002c3b4b3dece sp=0x000000ffcc4faca8 mode 0

Classes unloaded (0 events):
No events

Classes redefined (0 events):
No events

Internal exceptions (20 events):
Event: 2.022 Thread 0x000002c3ccc2bbd0 Exception <a 'java/lang/NoSuchMethodError'{0x000000008b10a580}: 'java.lang.Object java.lang.invoke.DirectMethodHandle$Holder.newInvokeSpecial(java.lang.Object, java.lang.Object, int)'> (0x000000008b10a580) 
thrown [t:\workspace\open\src\hotspot\share\interpreter\linkResolver.cpp, line 790]
Event: 2.027 Thread 0x000002c3ccc2bbd0 Exception <a 'java/lang/NoSuchMethodError'{0x000000008b12d6f0}: 'long java.lang.invoke.DirectMethodHandle$Holder.invokeStatic(java.lang.Object, java.lang.Object, java.lang.Object)'> (0x000000008b12d6f0) 
thrown [t:\workspace\open\src\hotspot\share\interpreter\linkResolver.cpp, line 790]
Event: 2.028 Thread 0x000002c3ccc2bbd0 Exception <a 'java/lang/NoSuchMethodError'{0x000000008b1310a0}: 'long java.lang.invoke.DirectMethodHandle$Holder.invokeStaticInit(java.lang.Object, java.lang.Object, java.lang.Object)'> (0x000000008b1310a0) 
thrown [t:\workspace\open\src\hotspot\share\interpreter\linkResolver.cpp, line 790]
Event: 2.031 Thread 0x000002c3ccc2bbd0 Exception <a 'java/lang/NoSuchMethodError'{0x000000008b148fc0}: 'java.lang.Object java.lang.invoke.DirectMethodHandle$Holder.newInvokeSpecial(java.lang.Object, java.lang.Object, long)'> (0x000000008b148fc0) 
thrown [t:\workspace\open\src\hotspot\share\interpreter\linkResolver.cpp, line 790]
Event: 2.031 Thread 0x000002c3ccc2bbd0 Exception <a 'java/lang/NoSuchMethodError'{0x000000008b14cd30}: 'java.lang.Object java.lang.invoke.Invokers$Holder.linkToTargetMethod(java.lang.Object, long, java.lang.Object)'> (0x000000008b14cd30) 
thrown [t:\workspace\open\src\hotspot\share\interpreter\linkResolver.cpp, line 790]
Event: 2.056 Thread 0x000002c3ccc90dc0 Exception <a 'java/lang/NoSuchMethodError'{0x00000000874e7aa8}: 'java.lang.Object java.lang.invoke.DirectMethodHandle$Holder.invokeStaticInit(java.lang.Object, int)'> (0x00000000874e7aa8) 
thrown [t:\workspace\open\src\hotspot\share\interpreter\linkResolver.cpp, line 790]
Event: 3.152 Thread 0x000002c3ccc2bbd0 Exception <a 'java/lang/ClassNotFoundException'{0x000000008710c2e8}: sun/awt/resources/spi/awtProvider> (0x000000008710c2e8) 
thrown [t:\workspace\open\src\hotspot\share\classfile\systemDictionary.cpp, line 256]
Event: 3.154 Thread 0x000002c3ccc2bbd0 Exception <a 'java/io/FileNotFoundException'{0x000000008710f290}> (0x000000008710f290) 
thrown [t:\workspace\open\src\hotspot\share\prims\jni.cpp, line 579]
Event: 3.154 Thread 0x000002c3ccc2bbd0 Exception <a 'java/io/FileNotFoundException'{0x00000000871107d0}> (0x00000000871107d0) 
thrown [t:\workspace\open\src\hotspot\share\prims\jni.cpp, line 579]
Event: 3.288 Thread 0x000002c3ccc2bbd0 Exception <a 'java/lang/NoSuchMethodError'{0x000000008627f840}: 'java.lang.Object java.lang.invoke.DirectMethodHandle$Holder.newInvokeSpecial(java.lang.Object, java.lang.Object, java.lang.Object, java.lang.Object, java.lang.Object, java.lang.Object, java.lang.Object)'> (0x000000008627f840) 
thrown [t:\workspace\open\src\hotspot\share\interpreter\linkResolver.cpp, line 790]
Event: 3.289 Thread 0x000002c3ccc2bbd0 Exception <a 'java/lang/NoSuchMethodError'{0x00000000862845b0}: 'java.lang.Object java.lang.invoke.Invokers$Holder.linkToTargetMethod(java.lang.Object, java.lang.Object, java.lang.Object, java.lang.Object, java.lang.Object, java.lang.Object, java.lang.Object)'> (0x00000000862845b0) 
thrown [t:\workspace\open\src\hotspot\share\interpreter\linkResolver.cpp, line 790]
Event: 3.436 Thread 0x000002c3ccc2bbd0 Exception <a 'java/lang/NoSuchMethodError'{0x00000000884504d8}: 'java.lang.Object java.lang.invoke.DirectMethodHandle$Holder.newInvokeSpecial(java.lang.Object, java.lang.Object, java.lang.Object, int)'> (0x00000000884504d8) 
thrown [t:\workspace\open\src\hotspot\share\interpreter\linkResolver.cpp, line 790]
Event: 3.437 Thread 0x000002c3ccc2bbd0 Exception <a 'java/lang/NoSuchMethodError'{0x0000000088454f20}: 'java.lang.Object java.lang.invoke.DirectMethodHandle$Holder.invokeSpecial(java.lang.Object, java.lang.Object, java.lang.Object, java.lang.Object, int)'> (0x0000000088454f20) 
thrown [t:\workspace\open\src\hotspot\share\interpreter\linkResolver.cpp, line 790]
Event: 3.437 Thread 0x000002c3ccc2bbd0 Exception <a 'java/lang/NoSuchMethodError'{0x0000000088458f88}: 'java.lang.Object java.lang.invoke.Invokers$Holder.linkToTargetMethod(java.lang.Object, java.lang.Object, int, java.lang.Object)'> (0x0000000088458f88) 
thrown [t:\workspace\open\src\hotspot\share\interpreter\linkResolver.cpp, line 790]
Event: 3.483 Thread 0x000002c3ccc2bbd0 Exception <a 'java/lang/ClassNotFoundException'{0x000000008b108930}: com/sun/javafx/scene/control/skin/resources/controls> (0x000000008b108930) 
thrown [t:\workspace\open\src\hotspot\share\prims\jni.cpp, line 600]
Event: 3.483 Thread 0x000002c3ccc2bbd0 Exception <a 'java/lang/ClassNotFoundException'{0x000000008b1166e0}: com/sun/javafx/scene/control/skin/resources/controls_en> (0x000000008b1166e0) 
thrown [t:\workspace\open\src\hotspot\share\prims\jni.cpp, line 600]
Event: 3.483 Thread 0x000002c3ccc2bbd0 Exception <a 'java/lang/ClassNotFoundException'{0x000000008b118060}: com/sun/javafx/scene/control/skin/resources/controls_en_US> (0x000000008b118060) 
thrown [t:\workspace\open\src\hotspot\share\prims\jni.cpp, line 600]
Event: 3.488 Thread 0x000002c3ccc2bbd0 Exception <a 'java/io/FileNotFoundException'{0x000000008b153198}> (0x000000008b153198) 
thrown [t:\workspace\open\src\hotspot\share\prims\jni.cpp, line 579]
Event: 3.587 Thread 0x000002c3ccc2bbd0 Exception <a 'java/lang/NoSuchMethodError'{0x000000008818c190}: 'void java.lang.invoke.DirectMethodHandle$Holder.invokeSpecial(java.lang.Object, java.lang.Object, java.lang.Object, java.lang.Object, java.lang.Object, java.lang.Object)'> (0x000000008818c190) 
thrown [t:\workspace\open\src\hotspot\share\interpreter\linkResolver.cpp, line 790]
Event: 3.853 Thread 0x000002c3ccc2bbd0 Exception <a 'java/io/FileNotFoundException'{0x000000008b10cdd0}> (0x000000008b10cdd0) 
thrown [t:\workspace\open\src\hotspot\share\prims\jni.cpp, line 579]

Events (20 events):
Event: 3.929 Executing  VM operation: HandshakeAllThreads done
Event: 3.934 Executing  VM operation: HandshakeAllThreads
Event: 3.934 Executing  VM operation: HandshakeAllThreads done
Event: 3.935 loading class jdk/internal/ref/CleanerImpl$InnocuousThreadFactory
Event: 3.935 loading class jdk/internal/ref/CleanerImpl$InnocuousThreadFactory done
Event: 3.935 loading class jdk/internal/ref/CleanerImpl$InnocuousThreadFactory$1
Event: 3.935 loading class jdk/internal/ref/CleanerImpl$InnocuousThreadFactory$1 done
Event: 3.935 loading class jdk/internal/misc/InnocuousThread$1
Event: 3.935 loading class jdk/internal/misc/InnocuousThread$1 done
Event: 3.936 Thread 0x000002c3d44d4060 Thread added: 0x000002c3d44d4060
Event: 3.940 loading class sun/misc/Unsafe
Event: 3.940 loading class sun/misc/Unsafe done
Event: 3.940 loading class jdk/internal/reflect/UnsafeQualifiedStaticObjectFieldAccessorImpl
Event: 3.940 loading class jdk/internal/reflect/UnsafeQualifiedStaticFieldAccessorImpl
Event: 3.940 loading class jdk/internal/reflect/UnsafeQualifiedStaticFieldAccessorImpl done
Event: 3.940 loading class jdk/internal/reflect/UnsafeQualifiedStaticObjectFieldAccessorImpl done
Event: 4.061 Executing  VM operation: G1CollectFull
Event: 4.087 Executing  VM operation: G1CollectFull done
Event: 4.087 Executing  VM operation: G1CollectFull
Event: 4.110 Executing  VM operation: G1CollectFull done


Dynamic libraries:
0x00007ff7e89e0000 - 0x00007ff7e89f0000 	C:\Program Files\Java\jdk-16.0.1\bin\java.exe
0x00007fff22d20000 - 0x00007fff22f0d000 	C:\Windows\SYSTEM32\ntdll.dll
0x00007fff22410000 - 0x00007fff224c3000 	C:\Windows\System32\KERNEL32.DLL
0x00007fff1f630000 - 0x00007fff1f8c5000 	C:\Windows\System32\KERNELBASE.dll
0x00007fff1fc50000 - 0x00007fff1fd4a000 	C:\Windows\System32\ucrtbase.dll
0x00007fff0da30000 - 0x00007fff0da48000 	C:\Program Files\Java\jdk-16.0.1\bin\jli.dll
0x00007fff0da10000 - 0x00007fff0da29000 	C:\Program Files\Java\jdk-16.0.1\bin\VCRUNTIME140.dll
0x00007fff20570000 - 0x00007fff20614000 	C:\Windows\System32\ADVAPI32.dll
0x00007fff22940000 - 0x00007fff229de000 	C:\Windows\System32\msvcrt.dll
0x00007fff22bf0000 - 0x00007fff22c8e000 	C:\Windows\System32\sechost.dll
0x00007fff20700000 - 0x00007fff2081f000 	C:\Windows\System32\RPCRT4.dll
0x00007fff229e0000 - 0x00007fff22b78000 	C:\Windows\System32\USER32.dll
0x00007fff1f8d0000 - 0x00007fff1f8f0000 	C:\Windows\System32\win32u.dll
0x00007fff0a850000 - 0x00007fff0aac9000 	C:\Windows\WinSxS\amd64_microsoft.windows.common-controls_6595b64144ccf1df_6.0.17763.2028_none_de6f2eb4534d3a50\COMCTL32.dll
0x00007fff20430000 - 0x00007fff20459000 	C:\Windows\System32\GDI32.dll
0x00007fff20080000 - 0x00007fff203ad000 	C:\Windows\System32\combase.dll
0x00007fff1fdb0000 - 0x00007fff1ff4c000 	C:\Windows\System32\gdi32full.dll
0x00007fff1f590000 - 0x00007fff1f630000 	C:\Windows\System32\msvcp_win.dll
0x00007fff1f9a0000 - 0x00007fff1fa22000 	C:\Windows\System32\bcryptPrimitives.dll
0x00007fff10280000 - 0x00007fff1028a000 	C:\Windows\SYSTEM32\VERSION.dll
0x00007fff22600000 - 0x00007fff2262e000 	C:\Windows\System32\IMM32.DLL
0x00007fff18560000 - 0x00007fff1856c000 	C:\Program Files\Java\jdk-16.0.1\bin\vcruntime140_1.dll
0x00007ffeeb440000 - 0x00007ffeeb4d1000 	C:\Program Files\Java\jdk-16.0.1\bin\msvcp140.dll
0x00007ffed64d0000 - 0x00007ffed707b000 	C:\Program Files\Java\jdk-16.0.1\bin\server\jvm.dll
0x00007fff22930000 - 0x00007fff22938000 	C:\Windows\System32\PSAPI.DLL
0x00007ffef9930000 - 0x00007ffef9939000 	C:\Windows\SYSTEM32\WSOCK32.dll
0x00007fff17140000 - 0x00007fff17164000 	C:\Windows\SYSTEM32\WINMM.dll
0x00007fff22b80000 - 0x00007fff22bed000 	C:\Windows\System32\WS2_32.dll
0x00007fff17110000 - 0x00007fff1713d000 	C:\Windows\SYSTEM32\WINMMBASE.dll
0x00007fff1f540000 - 0x00007fff1f58a000 	C:\Windows\System32\cfgmgr32.dll
0x00007fff1ed90000 - 0x00007fff1eda1000 	C:\Windows\System32\kernel.appcore.dll
0x00007fff0f8e0000 - 0x00007fff0f8ea000 	C:\Program Files\Java\jdk-16.0.1\bin\jimage.dll
0x00007fff1ce90000 - 0x00007fff1d07d000 	C:\Windows\SYSTEM32\DBGHELP.DLL
0x00007fff09c90000 - 0x00007fff09cba000 	C:\Windows\SYSTEM32\dbgcore.DLL
0x00007fff0d970000 - 0x00007fff0d97e000 	C:\Program Files\Java\jdk-16.0.1\bin\instrument.dll
0x00007fff0d980000 - 0x00007fff0d9a5000 	C:\Program Files\Java\jdk-16.0.1\bin\java.dll
0x00007fff20820000 - 0x00007fff21d19000 	C:\Windows\System32\SHELL32.dll
0x00007fff1ff50000 - 0x00007fff1fff8000 	C:\Windows\System32\shcore.dll
0x00007fff1edf0000 - 0x00007fff1f53b000 	C:\Windows\System32\windows.storage.dll
0x00007fff1ed60000 - 0x00007fff1ed84000 	C:\Windows\System32\profapi.dll
0x00007fff1ed00000 - 0x00007fff1ed5d000 	C:\Windows\System32\powrprof.dll
0x00007fff22c90000 - 0x00007fff22ce2000 	C:\Windows\System32\shlwapi.dll
0x00007fff1edd0000 - 0x00007fff1ede7000 	C:\Windows\System32\cryptsp.dll
0x00007fff0d950000 - 0x00007fff0d969000 	C:\Program Files\Java\jdk-16.0.1\bin\net.dll
0x00007fff176f0000 - 0x00007fff177e1000 	C:\Windows\SYSTEM32\WINHTTP.dll
0x00007fff1e540000 - 0x00007fff1e5a7000 	C:\Windows\system32\mswsock.dll
0x00007fff0a520000 - 0x00007fff0a533000 	C:\Program Files\Java\jdk-16.0.1\bin\nio.dll
0x00007fff09d00000 - 0x00007fff09d18000 	C:\Program Files\Java\jdk-16.0.1\bin\zip.dll
0x00007fff09ce0000 - 0x00007fff09cfa000 	C:\Program Files\JetBrains\IntelliJ IDEA Community Edition 2021.1.3\bin\breakgen64.dll
0x000002c3ad2b0000 - 0x000002c3ad2b3000 	C:\Users\Administrator\Documents\javafx-sdk-11.0.2\bin\api-ms-win-core-console-l1-1-0.dll
0x000002c3ad2c0000 - 0x000002c3ad2c3000 	C:\Users\Administrator\Documents\javafx-sdk-11.0.2\bin\api-ms-win-core-datetime-l1-1-0.dll
0x000002c3ad2d0000 - 0x000002c3ad2d3000 	C:\Users\Administrator\Documents\javafx-sdk-11.0.2\bin\api-ms-win-core-debug-l1-1-0.dll
0x000002c3ad2e0000 - 0x000002c3ad2e3000 	C:\Users\Administrator\Documents\javafx-sdk-11.0.2\bin\api-ms-win-core-errorhandling-l1-1-0.dll
0x000002c3ad2f0000 - 0x000002c3ad2f4000 	C:\Users\Administrator\Documents\javafx-sdk-11.0.2\bin\api-ms-win-core-file-l1-1-0.dll
0x000002c3ad300000 - 0x000002c3ad303000 	C:\Users\Administrator\Documents\javafx-sdk-11.0.2\bin\api-ms-win-core-file-l1-2-0.dll
0x000002c3ad310000 - 0x000002c3ad313000 	C:\Users\Administrator\Documents\javafx-sdk-11.0.2\bin\api-ms-win-core-file-l2-1-0.dll
0x000002c3ad320000 - 0x000002c3ad323000 	C:\Users\Administrator\Documents\javafx-sdk-11.0.2\bin\api-ms-win-core-handle-l1-1-0.dll
0x000002c3ad330000 - 0x000002c3ad333000 	C:\Users\Administrator\Documents\javafx-sdk-11.0.2\bin\api-ms-win-core-heap-l1-1-0.dll
0x000002c3ad340000 - 0x000002c3ad343000 	C:\Users\Administrator\Documents\javafx-sdk-11.0.2\bin\api-ms-win-core-interlocked-l1-1-0.dll
0x000002c3cb3e0000 - 0x000002c3cb3e3000 	C:\Users\Administrator\Documents\javafx-sdk-11.0.2\bin\api-ms-win-core-libraryloader-l1-1-0.dll
0x000002c3cb3f0000 - 0x000002c3cb3f3000 	C:\Users\Administrator\Documents\javafx-sdk-11.0.2\bin\api-ms-win-core-localization-l1-2-0.dll
0x000002c3cd7d0000 - 0x000002c3cd7d3000 	C:\Users\Administrator\Documents\javafx-sdk-11.0.2\bin\api-ms-win-core-memory-l1-1-0.dll
0x000002c3cd7e0000 - 0x000002c3cd7e3000 	C:\Users\Administrator\Documents\javafx-sdk-11.0.2\bin\api-ms-win-core-namedpipe-l1-1-0.dll
0x000002c3cd7f0000 - 0x000002c3cd7f3000 	C:\Users\Administrator\Documents\javafx-sdk-11.0.2\bin\api-ms-win-core-processenvironment-l1-1-0.dll
0x000002c3cd800000 - 0x000002c3cd803000 	C:\Users\Administrator\Documents\javafx-sdk-11.0.2\bin\api-ms-win-core-processthreads-l1-1-0.dll
0x000002c3cd810000 - 0x000002c3cd813000 	C:\Users\Administrator\Documents\javafx-sdk-11.0.2\bin\api-ms-win-core-processthreads-l1-1-1.dll
0x000002c3cd820000 - 0x000002c3cd823000 	C:\Users\Administrator\Documents\javafx-sdk-11.0.2\bin\api-ms-win-core-profile-l1-1-0.dll
0x000002c3cd830000 - 0x000002c3cd833000 	C:\Users\Administrator\Documents\javafx-sdk-11.0.2\bin\api-ms-win-core-rtlsupport-l1-1-0.dll
0x000002c3cd840000 - 0x000002c3cd843000 	C:\Users\Administrator\Documents\javafx-sdk-11.0.2\bin\api-ms-win-core-string-l1-1-0.dll
0x000002c3cd850000 - 0x000002c3cd853000 	C:\Users\Administrator\Documents\javafx-sdk-11.0.2\bin\api-ms-win-core-synch-l1-1-0.dll
0x000002c3cd860000 - 0x000002c3cd863000 	C:\Users\Administrator\Documents\javafx-sdk-11.0.2\bin\api-ms-win-core-synch-l1-2-0.dll
0x000002c3cd870000 - 0x000002c3cd873000 	C:\Users\Administrator\Documents\javafx-sdk-11.0.2\bin\api-ms-win-core-sysinfo-l1-1-0.dll
0x000002c3cd880000 - 0x000002c3cd883000 	C:\Users\Administrator\Documents\javafx-sdk-11.0.2\bin\api-ms-win-core-timezone-l1-1-0.dll
0x000002c3cd890000 - 0x000002c3cd893000 	C:\Users\Administrator\Documents\javafx-sdk-11.0.2\bin\api-ms-win-core-util-l1-1-0.dll
0x000002c3cd8a0000 - 0x000002c3cd8a3000 	C:\Users\Administrator\Documents\javafx-sdk-11.0.2\bin\api-ms-win-crt-conio-l1-1-0.dll
0x000002c3cd8b0000 - 0x000002c3cd8b4000 	C:\Users\Administrator\Documents\javafx-sdk-11.0.2\bin\api-ms-win-crt-convert-l1-1-0.dll
0x000002c3cd8c0000 - 0x000002c3cd8c3000 	C:\Users\Administrator\Documents\javafx-sdk-11.0.2\bin\api-ms-win-crt-environment-l1-1-0.dll
0x000002c3cd8d0000 - 0x000002c3cd8d3000 	C:\Users\Administrator\Documents\javafx-sdk-11.0.2\bin\api-ms-win-crt-filesystem-l1-1-0.dll
0x000002c3cd8e0000 - 0x000002c3cd8e3000 	C:\Users\Administrator\Documents\javafx-sdk-11.0.2\bin\api-ms-win-crt-heap-l1-1-0.dll
0x000002c3cd8f0000 - 0x000002c3cd8f3000 	C:\Users\Administrator\Documents\javafx-sdk-11.0.2\bin\api-ms-win-crt-locale-l1-1-0.dll
0x000002c3cd900000 - 0x000002c3cd905000 	C:\Users\Administrator\Documents\javafx-sdk-11.0.2\bin\api-ms-win-crt-math-l1-1-0.dll
0x000002c3cd910000 - 0x000002c3cd915000 	C:\Users\Administrator\Documents\javafx-sdk-11.0.2\bin\api-ms-win-crt-multibyte-l1-1-0.dll
0x000002c3cd920000 - 0x000002c3cd930000 	C:\Users\Administrator\Documents\javafx-sdk-11.0.2\bin\api-ms-win-crt-private-l1-1-0.dll
0x000002c3cdcc0000 - 0x000002c3cdcc3000 	C:\Users\Administrator\Documents\javafx-sdk-11.0.2\bin\api-ms-win-crt-process-l1-1-0.dll
0x000002c3cdcd0000 - 0x000002c3cdcd4000 	C:\Users\Administrator\Documents\javafx-sdk-11.0.2\bin\api-ms-win-crt-runtime-l1-1-0.dll
0x000002c3cdce0000 - 0x000002c3cdce4000 	C:\Users\Administrator\Documents\javafx-sdk-11.0.2\bin\api-ms-win-crt-stdio-l1-1-0.dll
0x000002c3cdcf0000 - 0x000002c3cdcf4000 	C:\Users\Administrator\Documents\javafx-sdk-11.0.2\bin\api-ms-win-crt-string-l1-1-0.dll
0x000002c3cdd00000 - 0x000002c3cdd03000 	C:\Users\Administrator\Documents\javafx-sdk-11.0.2\bin\api-ms-win-crt-time-l1-1-0.dll
0x000002c3cdd10000 - 0x000002c3cdd13000 	C:\Users\Administrator\Documents\javafx-sdk-11.0.2\bin\api-ms-win-crt-utility-l1-1-0.dll
0x00007ffee8080000 - 0x00007ffee817a000 	C:\Users\Administrator\Documents\javafx-sdk-11.0.2\bin\ucrtbase.dll
0x00007fff09cc0000 - 0x00007fff09cd6000 	C:\Users\Administrator\Documents\javafx-sdk-11.0.2\bin\vcruntime140.dll
0x00007ffeeb390000 - 0x00007ffeeb436000 	C:\Users\Administrator\Documents\javafx-sdk-11.0.2\bin\msvcp140.dll
0x00007ffeeb250000 - 0x00007ffeeb2a1000 	C:\Users\Administrator\Documents\javafx-sdk-11.0.2\bin\concrt140.dll
0x00007fff09170000 - 0x00007fff09193000 	C:\Users\Administrator\Documents\javafx-sdk-11.0.2\bin\prism_d3d.dll
0x00007fff0d780000 - 0x00007fff0d91e000 	C:\Windows\system32\d3d9.dll
0x00007fff1d350000 - 0x00007fff1d37e000 	C:\Windows\SYSTEM32\dwmapi.dll
0x00007fff1fa30000 - 0x00007fff1fc13000 	C:\Windows\System32\CRYPT32.dll
0x00007fff1edb0000 - 0x00007fff1edc2000 	C:\Windows\System32\MSASN1.dll
0x00007fff19b50000 - 0x00007fff19bec000 	C:\Windows\system32\uxtheme.dll
0x00007ffee10b0000 - 0x00007ffee1214000 	C:\Windows\System32\DriverStore\FileRepository\iigd_dch.inf_amd64_2ce3ffa204f4b311\igdumdim64.dll
0x00007ffec6b80000 - 0x00007ffecab5a000 	C:\Windows\System32\DriverStore\FileRepository\iigd_dch.inf_amd64_2ce3ffa204f4b311\igd9dxva64.dll
0x00007fff22640000 - 0x00007fff22796000 	C:\Windows\System32\ole32.dll
0x00007fff20620000 - 0x00007fff206e4000 	C:\Windows\System32\OLEAUT32.dll
0x00007fff13010000 - 0x00007fff131b4000 	C:\Windows\System32\DriverStore\FileRepository\iigd_dch.inf_amd64_2ce3ffa204f4b311\igdgmm64.dll
0x00007ffefa930000 - 0x00007ffefa975000 	C:\Users\Administrator\Documents\javafx-sdk-11.0.2\bin\glass.dll
0x00007fff224d0000 - 0x00007fff225f7000 	C:\Windows\System32\COMDLG32.dll
0x00007fff227c0000 - 0x00007fff2292b000 	C:\Windows\System32\MSCTF.dll
0x00007ffef1ee0000 - 0x00007ffef1f06000 	C:\Windows\System32\DriverStore\FileRepository\iigd_dch.inf_amd64_2ce3ffa204f4b311\igdinfo64.dll
0x00007fff10ac0000 - 0x00007fff12f5b000 	C:\Windows\System32\DriverStore\FileRepository\iigd_dch.inf_amd64_2ce3ffa204f4b311\igc64.dll
0x00007fff076e0000 - 0x00007fff076ee000 	C:\Program Files\Java\jdk-16.0.1\bin\sunmscapi.dll
0x00007fff1e830000 - 0x00007fff1e856000 	C:\Windows\SYSTEM32\ncrypt.dll
0x00007fff1fc20000 - 0x00007fff1fc46000 	C:\Windows\System32\bcrypt.dll
0x00007fff1e7f0000 - 0x00007fff1e82c000 	C:\Windows\SYSTEM32\NTASN1.dll
0x00007fff1e0d0000 - 0x00007fff1e103000 	C:\Windows\system32\rsaenh.dll
0x00007fff1ec30000 - 0x00007fff1ec59000 	C:\Windows\SYSTEM32\USERENV.dll
0x00007fff1e710000 - 0x00007fff1e71c000 	C:\Windows\SYSTEM32\CRYPTBASE.dll
0x00007fff1e260000 - 0x00007fff1e29d000 	C:\Windows\SYSTEM32\IPHLPAPI.DLL
0x00007fff22630000 - 0x00007fff22638000 	C:\Windows\System32\NSI.dll
0x00007fff16080000 - 0x00007fff16096000 	C:\Windows\SYSTEM32\dhcpcsvc6.DLL
0x00007fff16060000 - 0x00007fff1607c000 	C:\Windows\SYSTEM32\dhcpcsvc.DLL
0x00007fff1e2a0000 - 0x00007fff1e366000 	C:\Windows\SYSTEM32\DNSAPI.dll
0x0000000075eb0000 - 0x0000000075ed6000 	C:\Program Files\Bonjour\mdnsNSP.dll
0x00007fff0f8a0000 - 0x00007fff0f8aa000 	C:\Windows\System32\rasadhlp.dll
0x00007fff10800000 - 0x00007fff10879000 	C:\Windows\System32\fwpuclnt.dll
0x00007ffef1ec0000 - 0x00007ffef1ed4000 	C:\Users\Administrator\Documents\javafx-sdk-11.0.2\bin\javafx_font.dll
0x00007fff0b920000 - 0x00007fff0bc1c000 	C:\Windows\SYSTEM32\dwrite.dll
0x00007fff204c0000 - 0x00007fff20562000 	C:\Windows\System32\clbcatq.dll
0x00007fff15e40000 - 0x00007fff15ff8000 	C:\Windows\SYSTEM32\WindowsCodecs.dll

dbghelp: loaded successfully - version: 4.0.5 - missing functions: none
symbol engine: initialized successfully - sym options: 0x614 - pdb path: .;C:\Program Files\Java\jdk-16.0.1\bin;C:\Windows\SYSTEM32;C:\Windows\WinSxS\amd64_microsoft.windows.common-controls_6595b64144ccf1df_6.0.17763.2028_none_de6f2eb4534d3a50;C:\Program Files\Java\jdk-16.0.1\bin\server;C:\Program Files\JetBrains\IntelliJ IDEA Community Edition 2021.1.3\bin;C:\Users\Administrator\Documents\javafx-sdk-11.0.2\bin;C:\Windows\System32\DriverStore\FileRepository\iigd_dch.inf_amd64_2ce3ffa204f4b311;C:\Program Files\Bonjour;C:\Program Files\Common Files\Microsoft Shared\Ink

VM Arguments:
jvm_args: --module-path=C:\Users\Administrator\Documents\javafx-sdk-11.0.2\lib --add-modules=javafx.controls,javafx.fxml -javaagent:C:\Program Files\JetBrains\IntelliJ IDEA Community Edition 2021.1.3\lib\idea_rt.jar=51031:C:\Program Files\JetBrains\IntelliJ IDEA Community Edition 2021.1.3\bin -Dfile.encoding=UTF-8 
java_command: sample.Main
java_class_path (initial): C:\Users\Administrator\Documents\NRA\out\production\assignment;C:\Users\Administrator\.m2\repository\org\openjfx\javafx-fxml\11\javafx-fxml-11.jar;C:\Users\Administrator\.m2\repository\org\openjfx\javafx-fxml\11\javafx-fxml-11-win.jar;C:\Users\Administrator\.m2\repository\org\openjfx\javafx-controls\11\javafx-controls-11.jar;C:\Users\Administrator\.m2\repository\org\openjfx\javafx-controls\11\javafx-controls-11-win.jar;C:\Users\Administrator\.m2\repository\org\openjfx\javafx-graphics\11\javafx-graphics-11.jar;C:\Users\Administrator\.m2\repository\org\openjfx\javafx-graphics\11\javafx-graphics-11-win.jar;C:\Users\Administrator\.m2\repository\org\openjfx\javafx-base\11\javafx-base-11.jar;C:\Users\Administrator\.m2\repository\org\openjfx\javafx-base\11\javafx-base-11-win.jar;C:\Users\Administrator\Documents\javafx-sdk-11.0.2\lib\src.zip;C:\Users\Administrator\Documents\javafx-sdk-11.0.2\lib\javafx-swt.jar;C:\Users\Administrator\Documents\javafx-sdk-11.0.2\lib\javafx.web.jar;C:\Users\Administrator\Documents\javafx-sdk-11.0.2\lib\javafx.base.jar;C:\Users\Administrator\Documents\javafx-sdk-11.0.2\lib\javafx.fxml.jar;C:\Users\Administrator\Documents\javafx-sdk-11.0.2\lib\javafx.media.jar;C:\Users\Administrator\Documents\javafx-sdk-11.0.2\lib\javafx.swing.jar;C:\Users\Administrator\Documents\javafx-sdk-11.0.2\lib\javafx.controls.jar;C:\Users\Administrator\Documents\javafx-sdk-11.0.2\lib\javafx.controls.zip;C:\Users\Administrator\Documents\javafx-sdk-11.0.2\lib\javafx.graphics.jar;C:\Users\Administrator\Documents\jsoup-1.14.1.jar;C:\Users\Administrator\Documents\jfoenix-9.0.10.jar;C:\Users\Administrator\Documents\fontawesomefx-8.9.jar;C:\Users\Administrator\Documents\spring-core-5.2.16.RELEASE.jar;C:\Users\Administrator\Documents\spring-jcl-5.2.16.RELEASE.jar
Launcher Type: SUN_STANDARD

[Global flags]
     intx CICompilerCount                          = 4                                         {product} {ergonomic}
     uint ConcGCThreads                            = 2                                         {product} {ergonomic}
     uint G1ConcRefinementThreads                  = 8                                         {product} {ergonomic}
   size_t G1HeapRegionSize                         = 1048576                                   {product} {ergonomic}
    uintx GCDrainStackTargetSize                   = 64                                        {product} {ergonomic}
   size_t InitialHeapSize                          = 132120576                                 {product} {ergonomic}
   size_t MarkStackSize                            = 4194304                                   {product} {ergonomic}
   size_t MaxHeapSize                              = 2092957696                                {product} {ergonomic}
   size_t MaxNewSize                               = 1255145472                                {product} {ergonomic}
   size_t MinHeapDeltaBytes                        = 1048576                                   {product} {ergonomic}
   size_t MinHeapSize                              = 8388608                                   {product} {ergonomic}
    uintx NonNMethodCodeHeapSize                   = 5839372                                {pd product} {ergonomic}
    uintx NonProfiledCodeHeapSize                  = 122909434                              {pd product} {ergonomic}
    uintx ProfiledCodeHeapSize                     = 122909434                              {pd product} {ergonomic}
    uintx ReservedCodeCacheSize                    = 251658240                              {pd product} {ergonomic}
     bool SegmentedCodeCache                       = true                                      {product} {ergonomic}
   size_t SoftMaxHeapSize                          = 2092957696                             {manageable} {ergonomic}
     bool UseCompressedClassPointers               = true                           {product lp64_product} {ergonomic}
     bool UseCompressedOops                        = true                           {product lp64_product} {ergonomic}
     bool UseG1GC                                  = true                                      {product} {ergonomic}
     bool UseLargePagesIndividualAllocation        = false                                  {pd product} {ergonomic}

Logging:
Log output configuration:
 #0: stdout all=warning uptime,level,tags
 #1: stderr all=off uptime,level,tags

Environment Variables:
PATH=C:\Program Files\Common Files\Oracle\Java\javapath;C:\Windows\system32;C:\Windows;C:\Windows\System32\Wbem;C:\Windows\System32\WindowsPowerShell\v1.0\;C:\Windows\System32\OpenSSH\;C:\Program Files (x86)\NVIDIA Corporation\PhysX\Common;C:\Program Files\NVIDIA Corporation\NVIDIA NvDLISR;C:\Program Files\MATLAB\R2021a\runtime\win64;C:\Program Files\MATLAB\R2021a\bin;C:\Program Files\Java\jdk-11.0.11\bin;C:\Program Files\Git\cmd;C:\Program Files\Java\jdk-16.0.1\bin;C:\Users\Administrator\AppData\Local\Microsoft\WindowsApps;;C:\Program Files\JetBrains\IntelliJ IDEA Community Edition 2021.1.3\bin;
USERNAME=Administrator
OS=Windows_NT
PROCESSOR_IDENTIFIER=Intel64 Family 6 Model 165 Stepping 2, GenuineIntel



---------------  S Y S T E M  ---------------

OS:
 Windows 10 , 64 bit Build 17763 (10.0.17763.2028)
OS uptime: 1 days 4:25 hours

CPU: total 8 (initial active 8) (4 cores per cpu, 2 threads per core) family 6 model 165 stepping 2 microcode 0xe0, cx8, cmov, fxsr, ht, mmx, 3dnowpref, sse, sse2, sse3, ssse3, sse4.1, sse4.2, popcnt, lzcnt, tsc, tscinvbit, avx, avx2, aes, erms, clmul, bmi1, bmi2, adx, fma, vzeroupper, clflush, clflushopt

Memory: 4k page, system-wide physical 7979M (4000M free)
TotalPageFile size 14635M (AvailPageFile size 4927M)
current process WorkingSet (physical memory assigned to process): 312M, peak: 312M
current process commit charge ("private bytes"): 361M, peak: 361M

vm_info: Java HotSpot(TM) 64-Bit Server VM (16.0.1+9-24) for windows-amd64 JRE (16.0.1+9-24), built on Mar 26 2021 19:31:42 by "mach5one" with MS VC++ 16.7 (VS2019)

END.
